[ 2016-04-30T16:33:00+08:00 ] 192.168.191.2 /yuankong/home/user/Add
INFO: [ app_init ] --START--
INFO: Run Behavior\BuildLiteBehavior [ RunTime:0.000037s ]
INFO: [ app_init ] --END-- [ RunTime:0.001172s ]
INFO: [ app_begin ] --START--
INFO: Run Behavior\ReadHtmlCacheBehavior [ RunTime:0.001751s ]
INFO: [ app_begin ] --END-- [ RunTime:0.001939s ]
SQL: SHOW COLUMNS FROM `user` [ RunTime:0.1065s ]
SQL: SELECT * FROM `user` WHERE `ClientID` = '30890d82d4fa5ea6e2971d61bdefd4de' LIMIT 1   [ RunTime:0.0008s ]
INFO: [ app_end ] --START--
INFO: Run Behavior\ShowPageTraceBehavior [ RunTime:0.017712s ]
INFO: [ app_end ] --END-- [ RunTime:0.017859s ]

[ 2016-04-30T16:33:00+08:00 ] 192.168.191.2 /yuankong/home/index/setxy
INFO: [ app_init ] --START--
INFO: Run Behavior\BuildLiteBehavior [ RunTime:0.000042s ]
INFO: [ app_init ] --END-- [ RunTime:0.023555s ]
INFO: [ app_begin ] --START--
INFO: Run Behavior\ReadHtmlCacheBehavior [ RunTime:0.027284s ]
INFO: [ app_begin ] --END-- [ RunTime:0.027467s ]
SQL: SHOW COLUMNS FROM `phone` [ RunTime:0.0376s ]
NOTIC: [8] Undefined index: validate F:\Code\php\yuankong\ThinkPHP\Library\Think\Model.class.php 第 1185 行.
NOTIC: [8] Undefined index: auto F:\Code\php\yuankong\ThinkPHP\Library\Think\Model.class.php 第 1128 行.
SQL: UPDATE `phone` SET `position`='湖北省武汉市洪山区八一路靠近中国地质大学北区学生公寓25栋',`x`='114.39866',`y`='30.530423' WHERE `No` = 1 [ RunTime:0.1702s ]
INFO: [ app_end ] --START--
INFO: Run Behavior\ShowPageTraceBehavior [ RunTime:0.001671s ]
INFO: [ app_end ] --END-- [ RunTime:0.001781s ]

[ 2016-04-30T16:54:42+08:00 ] 192.168.191.2 /yuankong/home/index/setxy
INFO: [ app_init ] --START--
INFO: Run Behavior\BuildLiteBehavior [ RunTime:0.001684s ]
INFO: [ app_init ] --END-- [ RunTime:0.009056s ]
INFO: [ app_begin ] --START--
INFO: Run Behavior\ReadHtmlCacheBehavior [ RunTime:0.003231s ]
INFO: [ app_begin ] --END-- [ RunTime:0.003655s ]
SQL: SHOW COLUMNS FROM `phone` [ RunTime:0.0889s ]
NOTIC: [8] Undefined index: validate F:\Code\php\yuankong\ThinkPHP\Library\Think\Model.class.php 第 1185 行.
NOTIC: [8] Undefined index: auto F:\Code\php\yuankong\ThinkPHP\Library\Think\Model.class.php 第 1128 行.
SQL: UPDATE `phone` SET `position`='湖北省武汉市洪山区八一路靠近中国地质大学北区学生公寓25栋',`x`='114.398663',`y`='30.530389' WHERE `No` = 1 [ RunTime:0.1097s ]
INFO: [ app_end ] --START--
INFO: Run Behavior\ShowPageTraceBehavior [ RunTime:0.002034s ]
INFO: [ app_end ] --END-- [ RunTime:0.002190s ]

[ 2016-04-30T16:54:43+08:00 ] 192.168.191.2 /yuankong/home/user/Add
INFO: [ app_init ] --START--
INFO: Run Behavior\BuildLiteBehavior [ RunTime:0.000129s ]
INFO: [ app_init ] --END-- [ RunTime:0.005730s ]
INFO: [ app_begin ] --START--
INFO: Run Behavior\ReadHtmlCacheBehavior [ RunTime:0.003987s ]
INFO: [ app_begin ] --END-- [ RunTime:0.004784s ]
SQL: SHOW COLUMNS FROM `user` [ RunTime:0.0734s ]
SQL: SELECT * FROM `user` WHERE `ClientID` = '30890d82d4fa5ea6e2971d61bdefd4de' LIMIT 1   [ RunTime:0.0049s ]
INFO: [ app_end ] --START--
INFO: Run Behavior\ShowPageTraceBehavior [ RunTime:0.002158s ]
INFO: [ app_end ] --END-- [ RunTime:0.002324s ]

[ 2016-04-30T16:57:12+08:00 ] 192.168.191.2 /yuankong/home/index/setxy
INFO: [ app_init ] --START--
INFO: Run Behavior\BuildLiteBehavior [ RunTime:0.000048s ]
INFO: [ app_init ] --END-- [ RunTime:0.002425s ]
INFO: [ app_begin ] --START--
INFO: Run Behavior\ReadHtmlCacheBehavior [ RunTime:0.003109s ]
INFO: [ app_begin ] --END-- [ RunTime:0.003369s ]
SQL: SHOW COLUMNS FROM `phone` [ RunTime:0.0733s ]
NOTIC: [8] Undefined index: validate F:\Code\php\yuankong\ThinkPHP\Library\Think\Model.class.php 第 1185 行.
NOTIC: [8] Undefined index: auto F:\Code\php\yuankong\ThinkPHP\Library\Think\Model.class.php 第 1128 行.
SQL: UPDATE `phone` SET `position`='湖北省武汉市洪山区八一路靠近中国地质大学北区学生公寓25栋',`x`='114.398667',`y`='30.530392' WHERE `No` = 1 [ RunTime:0.0761s ]
INFO: [ app_end ] --START--
INFO: Run Behavior\ShowPageTraceBehavior [ RunTime:0.002262s ]
INFO: [ app_end ] --END-- [ RunTime:0.002537s ]

[ 2016-04-30T16:57:13+08:00 ] 192.168.191.2 /yuankong/home/user/Add
INFO: [ app_init ] --START--
INFO: Run Behavior\BuildLiteBehavior [ RunTime:0.000073s ]
INFO: [ app_init ] --END-- [ RunTime:0.004202s ]
INFO: [ app_begin ] --START--
INFO: Run Behavior\ReadHtmlCacheBehavior [ RunTime:0.002835s ]
INFO: [ app_begin ] --END-- [ RunTime:0.003101s ]
SQL: SHOW COLUMNS FROM `user` [ RunTime:0.0629s ]
SQL: SELECT * FROM `user` WHERE `ClientID` = '30890d82d4fa5ea6e2971d61bdefd4de' LIMIT 1   [ RunTime:0.0014s ]
INFO: [ app_end ] --START--
INFO: Run Behavior\ShowPageTraceBehavior [ RunTime:0.002101s ]
INFO: [ app_end ] --END-- [ RunTime:0.002283s ]

[ 2016-04-30T17:03:33+08:00 ] 192.168.191.2 /yuankong/home/index/setxy
INFO: [ app_init ] --START--
INFO: Run Behavior\BuildLiteBehavior [ RunTime:0.000132s ]
INFO: [ app_init ] --END-- [ RunTime:0.004053s ]
INFO: [ app_begin ] --START--
INFO: Run Behavior\ReadHtmlCacheBehavior [ RunTime:0.002173s ]
INFO: [ app_begin ] --END-- [ RunTime:0.002434s ]
SQL: SHOW COLUMNS FROM `phone` [ RunTime:0.0654s ]
NOTIC: [8] Undefined index: validate F:\Code\php\yuankong\ThinkPHP\Library\Think\Model.class.php 第 1185 行.
NOTIC: [8] Undefined index: auto F:\Code\php\yuankong\ThinkPHP\Library\Think\Model.class.php 第 1128 行.
SQL: UPDATE `phone` SET `position`='湖北省武汉市洪山区八一路靠近中国地质大学北区学生公寓25栋',`x`='114.398663',`y`='30.530413' WHERE `No` = 1 [ RunTime:0.0960s ]
INFO: [ app_end ] --START--
INFO: Run Behavior\ShowPageTraceBehavior [ RunTime:0.003348s ]
INFO: [ app_end ] --END-- [ RunTime:0.003644s ]

[ 2016-04-30T17:03:35+08:00 ] 192.168.191.2 /yuankong/home/user/Add
INFO: [ app_init ] --START--
INFO: Run Behavior\BuildLiteBehavior [ RunTime:0.000050s ]
INFO: [ app_init ] --END-- [ RunTime:0.002029s ]
INFO: [ app_begin ] --START--
INFO: Run Behavior\ReadHtmlCacheBehavior [ RunTime:0.002090s ]
INFO: [ app_begin ] --END-- [ RunTime:0.002349s ]
SQL: SHOW COLUMNS FROM `user` [ RunTime:0.0557s ]
SQL: SELECT * FROM `user` WHERE `ClientID` = '30890d82d4fa5ea6e2971d61bdefd4de' LIMIT 1   [ RunTime:0.0017s ]
INFO: [ app_end ] --START--
INFO: Run Behavior\ShowPageTraceBehavior [ RunTime:0.003387s ]
INFO: [ app_end ] --END-- [ RunTime:0.003717s ]

[ 2016-04-30T17:30:56+08:00 ] 192.168.191.2 /yuankong/home/index/setxy
INFO: [ app_init ] --START--
INFO: Run Behavior\BuildLiteBehavior [ RunTime:0.000047s ]
INFO: [ app_init ] --END-- [ RunTime:0.003157s ]
INFO: [ app_begin ] --START--
INFO: Run Behavior\ReadHtmlCacheBehavior [ RunTime:0.006192s ]
INFO: [ app_begin ] --END-- [ RunTime:0.006574s ]
SQL: SHOW COLUMNS FROM `phone` [ RunTime:0.0503s ]
NOTIC: [8] Undefined index: validate F:\Code\php\yuankong\ThinkPHP\Library\Think\Model.class.php 第 1185 行.
NOTIC: [8] Undefined index: auto F:\Code\php\yuankong\ThinkPHP\Library\Think\Model.class.php 第 1128 行.
SQL: UPDATE `phone` SET `position`='湖北省武汉市洪山区八一路靠近中国地质大学北区学生公寓25栋',`x`='114.398673',`y`='30.530424' WHERE `No` = 1 [ RunTime:0.1564s ]
INFO: [ app_end ] --START--
INFO: Run Behavior\ShowPageTraceBehavior [ RunTime:0.002093s ]
INFO: [ app_end ] --END-- [ RunTime:0.002262s ]

[ 2016-04-30T17:30:57+08:00 ] 192.168.191.2 /yuankong/home/user/Add
INFO: [ app_init ] --START--
INFO: Run Behavior\BuildLiteBehavior [ RunTime:0.000065s ]
INFO: [ app_init ] --END-- [ RunTime:0.009859s ]
INFO: [ app_begin ] --START--
INFO: Run Behavior\ReadHtmlCacheBehavior [ RunTime:0.003400s ]
INFO: [ app_begin ] --END-- [ RunTime:0.004055s ]
SQL: SHOW COLUMNS FROM `user` [ RunTime:0.0555s ]
SQL: SELECT * FROM `user` WHERE `ClientID` = '30890d82d4fa5ea6e2971d61bdefd4de' LIMIT 1   [ RunTime:0.0024s ]
INFO: [ app_end ] --START--
INFO: Run Behavior\ShowPageTraceBehavior [ RunTime:0.002218s ]
INFO: [ app_end ] --END-- [ RunTime:0.002482s ]

[ 2016-04-30T17:42:58+08:00 ] 192.168.191.2 /yuankong/home/index/setxy
INFO: [ app_init ] --START--
INFO: Run Behavior\BuildLiteBehavior [ RunTime:0.000085s ]
INFO: [ app_init ] --END-- [ RunTime:0.002039s ]
INFO: [ app_begin ] --START--
INFO: Run Behavior\ReadHtmlCacheBehavior [ RunTime:0.047654s ]
INFO: [ app_begin ] --END-- [ RunTime:0.047972s ]
SQL: SHOW COLUMNS FROM `phone` [ RunTime:0.2664s ]
NOTIC: [8] Undefined index: validate F:\Code\php\yuankong\ThinkPHP\Library\Think\Model.class.php 第 1185 行.
NOTIC: [8] Undefined index: auto F:\Code\php\yuankong\ThinkPHP\Library\Think\Model.class.php 第 1128 行.
SQL: UPDATE `phone` SET `position`='湖北省武汉市洪山区八一路靠近中国地质大学北区学生公寓25栋',`x`='114.398663',`y`='30.530389' WHERE `No` = 1 [ RunTime:0.1346s ]
INFO: [ app_end ] --START--
INFO: Run Behavior\ShowPageTraceBehavior [ RunTime:0.002326s ]
INFO: [ app_end ] --END-- [ RunTime:0.002534s ]

[ 2016-04-30T17:42:59+08:00 ] 192.168.191.2 /yuankong/home/user/Add
INFO: [ app_init ] --START--
INFO: Run Behavior\BuildLiteBehavior [ RunTime:0.000053s ]
INFO: [ app_init ] --END-- [ RunTime:0.001576s ]
INFO: [ app_begin ] --START--
INFO: Run Behavior\ReadHtmlCacheBehavior [ RunTime:0.001777s ]
INFO: [ app_begin ] --END-- [ RunTime:0.013859s ]
SQL: SHOW COLUMNS FROM `user` [ RunTime:0.5659s ]
SQL: SELECT * FROM `user` WHERE `ClientID` = '30890d82d4fa5ea6e2971d61bdefd4de' LIMIT 1   [ RunTime:0.0026s ]
INFO: [ app_end ] --START--
INFO: Run Behavior\ShowPageTraceBehavior [ RunTime:0.002114s ]
INFO: [ app_end ] --END-- [ RunTime:0.002284s ]

[ 2016-04-30T17:47:49+08:00 ] 192.168.191.2 /yuankong/home/index/setxy
INFO: [ app_init ] --START--
INFO: Run Behavior\BuildLiteBehavior [ RunTime:0.000047s ]
INFO: [ app_init ] --END-- [ RunTime:0.001657s ]
INFO: [ app_begin ] --START--
INFO: Run Behavior\ReadHtmlCacheBehavior [ RunTime:0.002080s ]
INFO: [ app_begin ] --END-- [ RunTime:0.002306s ]
SQL: SHOW COLUMNS FROM `phone` [ RunTime:0.0585s ]
NOTIC: [8] Undefined index: validate F:\Code\php\yuankong\ThinkPHP\Library\Think\Model.class.php 第 1185 行.
NOTIC: [8] Undefined index: auto F:\Code\php\yuankong\ThinkPHP\Library\Think\Model.class.php 第 1128 行.
SQL: UPDATE `phone` SET `position`='湖北省武汉市洪山区八一路靠近中国地质大学北区学生公寓25栋',`x`='114.398665',`y`='30.530434' WHERE `No` = 1 [ RunTime:0.1010s ]
INFO: [ app_end ] --START--
INFO: Run Behavior\ShowPageTraceBehavior [ RunTime:0.003261s ]
INFO: [ app_end ] --END-- [ RunTime:0.003441s ]

[ 2016-04-30T17:47:50+08:00 ] 192.168.191.2 /yuankong/home/user/Add
INFO: [ app_init ] --START--
INFO: Run Behavior\BuildLiteBehavior [ RunTime:0.000053s ]
INFO: [ app_init ] --END-- [ RunTime:0.001907s ]
INFO: [ app_begin ] --START--
INFO: Run Behavior\ReadHtmlCacheBehavior [ RunTime:0.038283s ]
INFO: [ app_begin ] --END-- [ RunTime:0.038758s ]
SQL: SHOW COLUMNS FROM `user` [ RunTime:0.0465s ]
SQL: SELECT * FROM `user` WHERE `ClientID` = '30890d82d4fa5ea6e2971d61bdefd4de' LIMIT 1   [ RunTime:0.0015s ]
INFO: [ app_end ] --START--
INFO: Run Behavior\ShowPageTraceBehavior [ RunTime:0.002237s ]
INFO: [ app_end ] --END-- [ RunTime:0.002450s ]

[ 2016-04-30T18:21:51+08:00 ] 192.168.191.2 /yuankong/home/index/setxy
INFO: [ app_init ] --START--
INFO: Run Behavior\BuildLiteBehavior [ RunTime:0.000045s ]
INFO: [ app_init ] --END-- [ RunTime:0.001358s ]
INFO: [ app_begin ] --START--
INFO: Run Behavior\ReadHtmlCacheBehavior [ RunTime:0.001763s ]
INFO: [ app_begin ] --END-- [ RunTime:0.001949s ]
SQL: SHOW COLUMNS FROM `phone` [ RunTime:0.0327s ]
NOTIC: [8] Undefined index: validate F:\Code\php\yuankong\ThinkPHP\Library\Think\Model.class.php 第 1185 行.
NOTIC: [8] Undefined index: auto F:\Code\php\yuankong\ThinkPHP\Library\Think\Model.class.php 第 1128 行.
SQL: UPDATE `phone` SET `position`='湖北省武汉市洪山区八一路靠近中国地质大学北区学生公寓25栋',`x`='114.398681',`y`='30.530411' WHERE `No` = 1 [ RunTime:0.0953s ]
INFO: [ app_end ] --START--
INFO: Run Behavior\ShowPageTraceBehavior [ RunTime:0.001992s ]
INFO: [ app_end ] --END-- [ RunTime:0.002224s ]

[ 2016-04-30T18:21:52+08:00 ] 192.168.191.2 /yuankong/home/user/Add
INFO: [ app_init ] --START--
INFO: Run Behavior\BuildLiteBehavior [ RunTime:0.000048s ]
INFO: [ app_init ] --END-- [ RunTime:0.001936s ]
INFO: [ app_begin ] --START--
INFO: Run Behavior\ReadHtmlCacheBehavior [ RunTime:0.002508s ]
INFO: [ app_begin ] --END-- [ RunTime:0.002884s ]
SQL: SHOW COLUMNS FROM `user` [ RunTime:0.0672s ]
SQL: SELECT * FROM `user` WHERE `ClientID` = '30890d82d4fa5ea6e2971d61bdefd4de' LIMIT 1   [ RunTime:0.0013s ]
INFO: [ app_end ] --START--
INFO: Run Behavior\ShowPageTraceBehavior [ RunTime:0.003035s ]
INFO: [ app_end ] --END-- [ RunTime:0.003232s ]

[ 2016-04-30T18:31:15+08:00 ] 192.168.191.2 /yuankong/home/index/setxy
INFO: [ app_init ] --START--
INFO: Run Behavior\BuildLiteBehavior [ RunTime:0.000069s ]
INFO: [ app_init ] --END-- [ RunTime:0.004441s ]
INFO: [ app_begin ] --START--
INFO: Run Behavior\ReadHtmlCacheBehavior [ RunTime:0.002565s ]
INFO: [ app_begin ] --END-- [ RunTime:0.002784s ]
SQL: SHOW COLUMNS FROM `phone` [ RunTime:0.0477s ]
NOTIC: [8] Undefined index: validate F:\Code\php\yuankong\ThinkPHP\Library\Think\Model.class.php 第 1185 行.
NOTIC: [8] Undefined index: auto F:\Code\php\yuankong\ThinkPHP\Library\Think\Model.class.php 第 1128 行.
SQL: UPDATE `phone` SET `position`='湖北省武汉市洪山区八一路靠近中国地质大学北区学生公寓25栋',`x`='114.398677',`y`='30.530445' WHERE `No` = 1 [ RunTime:0.0974s ]
INFO: [ app_end ] --START--
INFO: Run Behavior\ShowPageTraceBehavior [ RunTime:0.002435s ]
INFO: [ app_end ] --END-- [ RunTime:0.002600s ]

[ 2016-04-30T18:31:16+08:00 ] 192.168.191.2 /yuankong/home/user/Add
INFO: [ app_init ] --START--
INFO: Run Behavior\BuildLiteBehavior [ RunTime:0.000048s ]
INFO: [ app_init ] --END-- [ RunTime:0.001646s ]
INFO: [ app_begin ] --START--
INFO: Run Behavior\ReadHtmlCacheBehavior [ RunTime:0.003604s ]
INFO: [ app_begin ] --END-- [ RunTime:0.003883s ]
SQL: SHOW COLUMNS FROM `user` [ RunTime:0.0588s ]
SQL: SELECT * FROM `user` WHERE `ClientID` = '30890d82d4fa5ea6e2971d61bdefd4de' LIMIT 1   [ RunTime:0.0014s ]
INFO: [ app_end ] --START--
INFO: Run Behavior\ShowPageTraceBehavior [ RunTime:0.003185s ]
INFO: [ app_end ] --END-- [ RunTime:0.003405s ]

[ 2016-04-30T18:37:43+08:00 ] 192.168.191.2 /yuankong/home/index/setxy
INFO: [ app_init ] --START--
INFO: Run Behavior\BuildLiteBehavior [ RunTime:0.000057s ]
INFO: [ app_init ] --END-- [ RunTime:0.005022s ]
INFO: [ app_begin ] --START--
INFO: Run Behavior\ReadHtmlCacheBehavior [ RunTime:0.002378s ]
INFO: [ app_begin ] --END-- [ RunTime:0.002590s ]
SQL: SHOW COLUMNS FROM `phone` [ RunTime:0.0565s ]
NOTIC: [8] Undefined index: validate F:\Code\php\yuankong\ThinkPHP\Library\Think\Model.class.php 第 1185 行.
NOTIC: [8] Undefined index: auto F:\Code\php\yuankong\ThinkPHP\Library\Think\Model.class.php 第 1128 行.
SQL: UPDATE `phone` SET `position`='湖北省武汉市洪山区八一路靠近中国地质大学北区学生公寓25栋',`x`='114.398693',`y`='30.530382' WHERE `No` = 1 [ RunTime:0.1016s ]
INFO: [ app_end ] --START--
INFO: Run Behavior\ShowPageTraceBehavior [ RunTime:0.002013s ]
INFO: [ app_end ] --END-- [ RunTime:0.002165s ]

[ 2016-04-30T18:37:44+08:00 ] 192.168.191.2 /yuankong/home/user/Add
INFO: [ app_init ] --START--
INFO: Run Behavior\BuildLiteBehavior [ RunTime:0.000042s ]
INFO: [ app_init ] --END-- [ RunTime:0.001159s ]
INFO: [ app_begin ] --START--
INFO: Run Behavior\ReadHtmlCacheBehavior [ RunTime:0.001658s ]
INFO: [ app_begin ] --END-- [ RunTime:0.001825s ]
SQL: SHOW COLUMNS FROM `user` [ RunTime:0.0245s ]
SQL: SELECT * FROM `user` WHERE `ClientID` = '30890d82d4fa5ea6e2971d61bdefd4de' LIMIT 1   [ RunTime:0.0009s ]
INFO: [ app_end ] --START--
INFO: Run Behavior\ShowPageTraceBehavior [ RunTime:0.001829s ]
INFO: [ app_end ] --END-- [ RunTime:0.001978s ]

[ 2016-04-30T19:20:23+08:00 ] 192.168.191.2 /yuankong/home/user/Add
INFO: [ app_init ] --START--
INFO: Run Behavior\BuildLiteBehavior [ RunTime:0.000045s ]
INFO: [ app_init ] --END-- [ RunTime:0.001295s ]
INFO: [ app_begin ] --START--
INFO: Run Behavior\ReadHtmlCacheBehavior [ RunTime:0.001654s ]
INFO: [ app_begin ] --END-- [ RunTime:0.001824s ]
SQL: SHOW COLUMNS FROM `user` [ RunTime:0.0317s ]
SQL: SELECT * FROM `user` WHERE `ClientID` = '30890d82d4fa5ea6e2971d61bdefd4de' LIMIT 1   [ RunTime:0.0008s ]
INFO: [ app_end ] --START--
INFO: Run Behavior\ShowPageTraceBehavior [ RunTime:0.001755s ]
INFO: [ app_end ] --END-- [ RunTime:0.001896s ]

[ 2016-04-30T20:49:00+08:00 ] ::1 /yuankong/
INFO: [ app_init ] --START--
INFO: Run Behavior\BuildLiteBehavior [ RunTime:0.000042s ]
INFO: [ app_init ] --END-- [ RunTime:0.001333s ]
INFO: [ app_begin ] --START--
INFO: Run Behavior\ReadHtmlCacheBehavior [ RunTime:0.001703s ]
INFO: [ app_begin ] --END-- [ RunTime:0.002083s ]
INFO: [ view_parse ] --START--
INFO: [ template_filter ] --START--
INFO: Run Behavior\ContentReplaceBehavior [ RunTime:0.074558s ]
INFO: [ template_filter ] --END-- [ RunTime:0.074788s ]
INFO: Run Behavior\ParseTemplateBehavior [ RunTime:1.113748s ]
INFO: [ view_parse ] --END-- [ RunTime:1.114197s ]
INFO: [ view_filter ] --START--
INFO: Run Behavior\WriteHtmlCacheBehavior [ RunTime:0.057282s ]
INFO: [ view_filter ] --END-- [ RunTime:0.057438s ]
INFO: [ app_end ] --START--
INFO: Run Behavior\ShowPageTraceBehavior [ RunTime:0.002917s ]
INFO: [ app_end ] --END-- [ RunTime:0.003066s ]

[ 2016-04-30T20:49:08+08:00 ] ::1 /yuankong/home/user/checkuser
INFO: [ app_init ] --START--
INFO: Run Behavior\BuildLiteBehavior [ RunTime:0.000045s ]
INFO: [ app_init ] --END-- [ RunTime:0.002214s ]
INFO: [ app_begin ] --START--
INFO: Run Behavior\ReadHtmlCacheBehavior [ RunTime:0.001638s ]
INFO: [ app_begin ] --END-- [ RunTime:0.001821s ]
SQL: SHOW COLUMNS FROM `user` [ RunTime:0.3580s ]
NOTIC: [8] Undefined index: validate F:\Code\php\yuankong\ThinkPHP\Library\Think\Model.class.php 第 1185 行.
NOTIC: [8] Undefined index: auto F:\Code\php\yuankong\ThinkPHP\Library\Think\Model.class.php 第 1128 行.
SQL: SELECT `No`,`Email` FROM `user` WHERE `Name` = '' AND `Passwd` = '' LIMIT 1   [ RunTime:0.0019s ]
INFO: [ app_end ] --START--
INFO: Run Behavior\ShowPageTraceBehavior [ RunTime:0.001809s ]
INFO: [ app_end ] --END-- [ RunTime:0.001989s ]

[ 2016-04-30T20:49:16+08:00 ] ::1 /yuankong/home/user/checkuser
INFO: [ app_init ] --START--
INFO: Run Behavior\BuildLiteBehavior [ RunTime:0.000042s ]
INFO: [ app_init ] --END-- [ RunTime:0.001325s ]
INFO: [ app_begin ] --START--
INFO: Run Behavior\ReadHtmlCacheBehavior [ RunTime:0.001257s ]
INFO: [ app_begin ] --END-- [ RunTime:0.001410s ]
SQL: SHOW COLUMNS FROM `user` [ RunTime:0.0335s ]
NOTIC: [8] Undefined index: validate F:\Code\php\yuankong\ThinkPHP\Library\Think\Model.class.php 第 1185 行.
NOTIC: [8] Undefined index: auto F:\Code\php\yuankong\ThinkPHP\Library\Think\Model.class.php 第 1128 行.
SQL: SELECT `No`,`Email` FROM `user` WHERE `Name` = 'chen' AND `Passwd` = 'root' LIMIT 1   [ RunTime:0.0011s ]
INFO: [ app_end ] --START--
INFO: Run Behavior\ShowPageTraceBehavior [ RunTime:0.001685s ]
INFO: [ app_end ] --END-- [ RunTime:0.001824s ]

[ 2016-04-30T20:49:16+08:00 ] ::1 /yuankong/index.php/Home/User/Map
INFO: [ app_init ] --START--
INFO: Run Behavior\BuildLiteBehavior [ RunTime:0.000052s ]
INFO: [ app_init ] --END-- [ RunTime:0.001430s ]
INFO: [ app_begin ] --START--
INFO: Run Behavior\ReadHtmlCacheBehavior [ RunTime:0.002032s ]
INFO: [ app_begin ] --END-- [ RunTime:0.002223s ]
NOTIC: [8] Use of undefined constant Map - assumed 'Map' F:\Code\php\yuankong\Ykong\Home\Controller\UserController.class.php 第 114 行.
INFO: [ view_parse ] --START--
INFO: [ template_filter ] --START--
INFO: Run Behavior\ContentReplaceBehavior [ RunTime:0.000238s ]
INFO: [ template_filter ] --END-- [ RunTime:0.000423s ]
INFO: Run Behavior\ParseTemplateBehavior [ RunTime:0.181479s ]
INFO: [ view_parse ] --END-- [ RunTime:0.181641s ]
INFO: [ view_filter ] --START--
INFO: Run Behavior\WriteHtmlCacheBehavior [ RunTime:0.000806s ]
INFO: [ view_filter ] --END-- [ RunTime:0.000920s ]
INFO: [ app_end ] --START--
INFO: Run Behavior\ShowPageTraceBehavior [ RunTime:0.001187s ]
INFO: [ app_end ] --END-- [ RunTime:0.001309s ]

[ 2016-04-30T20:49:18+08:00 ] ::1 /yuankong/home/user/getsession
INFO: [ app_init ] --START--
INFO: Run Behavior\BuildLiteBehavior [ RunTime:0.000058s ]
INFO: [ app_init ] --END-- [ RunTime:0.002460s ]
INFO: [ app_begin ] --START--
INFO: Run Behavior\ReadHtmlCacheBehavior [ RunTime:0.001370s ]
INFO: [ app_begin ] --END-- [ RunTime:0.001533s ]
INFO: [ app_end ] --START--
INFO: Run Behavior\ShowPageTraceBehavior [ RunTime:0.001606s ]
INFO: [ app_end ] --END-- [ RunTime:0.001886s ]

[ 2016-04-30T20:49:20+08:00 ] ::1 /yuankong/home/index/before
INFO: [ app_init ] --START--
INFO: Run Behavior\BuildLiteBehavior [ RunTime:0.000041s ]
INFO: [ app_init ] --END-- [ RunTime:0.001237s ]
INFO: [ app_begin ] --START--
INFO: Run Behavior\ReadHtmlCacheBehavior [ RunTime:0.001268s ]
INFO: [ app_begin ] --END-- [ RunTime:0.001423s ]
SQL: SHOW COLUMNS FROM `phone` [ RunTime:0.2195s ]
SQL: SHOW COLUMNS FROM `tree` [ RunTime:0.0394s ]
SQL: SELECT * FROM `tree` WHERE `text` = '手机存储' AND `tid` = 0 AND `state` = 'closed' AND `path` = '/storage/sdcard0' LIMIT 1   [ RunTime:0.0015s ]
SQL: SELECT * FROM `tree` WHERE `text` = 'SD卡' AND `tid` = 0 AND `state` = 'closed' AND `path` = '/storage/sdcard1' LIMIT 1   [ RunTime:0.0012s ]
SQL: UPDATE `phone` SET `read`='0' WHERE `No` = 1 [ RunTime:0.8245s ]
INFO: [ app_end ] --START--
INFO: Run Behavior\ShowPageTraceBehavior [ RunTime:0.001541s ]
INFO: [ app_end ] --END-- [ RunTime:0.001694s ]

[ 2016-04-30T20:49:20+08:00 ] ::1 /yuankong/index.php/Home/Index/tree
INFO: [ app_init ] --START--
INFO: Run Behavior\BuildLiteBehavior [ RunTime:0.000044s ]
INFO: [ app_init ] --END-- [ RunTime:0.001385s ]
INFO: [ app_begin ] --START--
INFO: Run Behavior\ReadHtmlCacheBehavior [ RunTime:0.001565s ]
INFO: [ app_begin ] --END-- [ RunTime:0.001801s ]
SQL: SHOW COLUMNS FROM `tree` [ RunTime:0.0275s ]
SQL: SHOW COLUMNS FROM `phone` [ RunTime:0.0232s ]
SQL: SELECT * FROM `tree` WHERE ( tid='0' )  [ RunTime:0.0017s ]
INFO: [ app_end ] --START--
INFO: Run Behavior\ShowPageTraceBehavior [ RunTime:0.001782s ]
INFO: [ app_end ] --END-- [ RunTime:0.001964s ]

[ 2016-04-30T20:49:20+08:00 ] ::1 /yuankong/index.php/Home/Index/often
INFO: [ app_init ] --START--
INFO: Run Behavior\BuildLiteBehavior [ RunTime:0.000046s ]
INFO: [ app_init ] --END-- [ RunTime:0.001434s ]
INFO: [ app_begin ] --START--
INFO: Run Behavior\ReadHtmlCacheBehavior [ RunTime:0.002022s ]
INFO: [ app_begin ] --END-- [ RunTime:0.002206s ]
SQL: SHOW COLUMNS FROM `often` [ RunTime:0.1176s ]
SQL: SHOW COLUMNS FROM `phone` [ RunTime:0.0153s ]
SQL: SELECT * FROM `often` WHERE ( tid='0' )  [ RunTime:0.0025s ]
INFO: [ app_end ] --START--
INFO: Run Behavior\ShowPageTraceBehavior [ RunTime:0.002009s ]
INFO: [ app_end ] --END-- [ RunTime:0.002162s ]

[ 2016-04-30T20:49:23+08:00 ] ::1 /yuankong/home/index/getxy
INFO: [ app_init ] --START--
INFO: Run Behavior\BuildLiteBehavior [ RunTime:0.000037s ]
INFO: [ app_init ] --END-- [ RunTime:0.000954s ]
INFO: [ app_begin ] --START--
INFO: Run Behavior\ReadHtmlCacheBehavior [ RunTime:0.002206s ]
INFO: [ app_begin ] --END-- [ RunTime:0.002415s ]
SQL: SHOW COLUMNS FROM `phone` [ RunTime:0.0328s ]
SQL: SELECT `x`,`y`,`position` FROM `phone` WHERE ( No=1 ) LIMIT 1   [ RunTime:0.0012s ]
INFO: [ app_end ] --START--
INFO: Run Behavior\ShowPageTraceBehavior [ RunTime:0.001521s ]
INFO: [ app_end ] --END-- [ RunTime:0.001661s ]

[ 2016-04-30T20:50:57+08:00 ] ::1 /yuankong/index.php/Home/Index/often
INFO: [ app_init ] --START--
INFO: Run Behavior\BuildLiteBehavior [ RunTime:0.000040s ]
INFO: [ app_init ] --END-- [ RunTime:0.001697s ]
INFO: [ app_begin ] --START--
INFO: Run Behavior\ReadHtmlCacheBehavior [ RunTime:0.001124s ]
INFO: [ app_begin ] --END-- [ RunTime:0.001260s ]
SQL: SHOW COLUMNS FROM `often` [ RunTime:0.0274s ]
SQL: SHOW COLUMNS FROM `phone` [ RunTime:0.0201s ]
SQL: SELECT `path` FROM `often` WHERE ( id='1' ) LIMIT 1   [ RunTime:0.0011s ]
SQL: SELECT * FROM `often` WHERE ( tid='1' ) LIMIT 1   [ RunTime:0.0009s ]
SQL: SELECT * FROM `often` WHERE ( tid='1' ) LIMIT 1   [ RunTime:0.0010s ]
SQL: UPDATE `phone` SET `often`='0' WHERE `No` = 1 [ RunTime:0.1395s ]
SQL: SELECT * FROM `often` WHERE ( tid='1' )  [ RunTime:0.0034s ]
INFO: [ app_end ] --START--
INFO: Run Behavior\ShowPageTraceBehavior [ RunTime:0.001512s ]
INFO: [ app_end ] --END-- [ RunTime:0.001686s ]

[ 2016-04-30T20:50:59+08:00 ] ::1 /yuankong/index.php/Home/Index/often
INFO: [ app_init ] --START--
INFO: Run Behavior\BuildLiteBehavior [ RunTime:0.000034s ]
INFO: [ app_init ] --END-- [ RunTime:0.000875s ]
INFO: [ app_begin ] --START--
INFO: Run Behavior\ReadHtmlCacheBehavior [ RunTime:0.001412s ]
INFO: [ app_begin ] --END-- [ RunTime:0.001563s ]
SQL: SHOW COLUMNS FROM `often` [ RunTime:0.0257s ]
SQL: SHOW COLUMNS FROM `phone` [ RunTime:0.0207s ]
SQL: SELECT `path` FROM `often` WHERE ( id='2' ) LIMIT 1   [ RunTime:0.0009s ]
SQL: SELECT * FROM `often` WHERE ( tid='2' ) LIMIT 1   [ RunTime:0.0015s ]
SQL: SELECT * FROM `often` WHERE ( tid='2' ) LIMIT 1   [ RunTime:0.0016s ]
SQL: UPDATE `phone` SET `often`='0' WHERE `No` = 1 [ RunTime:0.1877s ]
SQL: SELECT * FROM `often` WHERE ( tid='2' )  [ RunTime:0.0046s ]
INFO: [ app_end ] --START--
INFO: Run Behavior\ShowPageTraceBehavior [ RunTime:0.001635s ]
INFO: [ app_end ] --END-- [ RunTime:0.001846s ]

[ 2016-04-30T20:51:00+08:00 ] ::1 /yuankong/index.php/Home/Index/often
INFO: [ app_init ] --START--
INFO: Run Behavior\BuildLiteBehavior [ RunTime:0.000041s ]
INFO: [ app_init ] --END-- [ RunTime:0.001232s ]
INFO: [ app_begin ] --START--
INFO: Run Behavior\ReadHtmlCacheBehavior [ RunTime:0.001098s ]
INFO: [ app_begin ] --END-- [ RunTime:0.001226s ]
SQL: SHOW COLUMNS FROM `often` [ RunTime:0.0248s ]
SQL: SHOW COLUMNS FROM `phone` [ RunTime:0.0182s ]
SQL: SELECT `path` FROM `often` WHERE ( id='3' ) LIMIT 1   [ RunTime:0.0007s ]
SQL: SELECT * FROM `often` WHERE ( tid='3' ) LIMIT 1   [ RunTime:0.0012s ]
SQL: SELECT * FROM `often` WHERE ( tid='3' ) LIMIT 1   [ RunTime:0.0012s ]
SQL: UPDATE `phone` SET `often`='0' WHERE `No` = 1 [ RunTime:0.2937s ]
SQL: SELECT * FROM `often` WHERE ( tid='3' )  [ RunTime:0.0022s ]
INFO: [ app_end ] --START--
INFO: Run Behavior\ShowPageTraceBehavior [ RunTime:0.001672s ]
INFO: [ app_end ] --END-- [ RunTime:0.001819s ]

[ 2016-04-30T20:51:13+08:00 ] ::1 /yuankong/home/user/getsession
INFO: [ app_init ] --START--
INFO: Run Behavior\BuildLiteBehavior [ RunTime:0.000048s ]
INFO: [ app_init ] --END-- [ RunTime:0.002352s ]
INFO: [ app_begin ] --START--
INFO: Run Behavior\ReadHtmlCacheBehavior [ RunTime:0.001962s ]
INFO: [ app_begin ] --END-- [ RunTime:0.002138s ]
INFO: [ app_end ] --START--
INFO: Run Behavior\ShowPageTraceBehavior [ RunTime:0.001249s ]
INFO: [ app_end ] --END-- [ RunTime:0.001416s ]

[ 2016-04-30T20:51:13+08:00 ] ::1 /yuankong/home/index/before
INFO: [ app_init ] --START--
INFO: Run Behavior\BuildLiteBehavior [ RunTime:0.000034s ]
INFO: [ app_init ] --END-- [ RunTime:0.000860s ]
INFO: [ app_begin ] --START--
INFO: Run Behavior\ReadHtmlCacheBehavior [ RunTime:0.001069s ]
INFO: [ app_begin ] --END-- [ RunTime:0.001186s ]
SQL: SHOW COLUMNS FROM `phone` [ RunTime:0.0268s ]
SQL: SHOW COLUMNS FROM `tree` [ RunTime:0.0196s ]
SQL: SELECT * FROM `tree` WHERE `text` = '手机存储' AND `tid` = 0 AND `state` = 'closed' AND `path` = '/storage/sdcard0' LIMIT 1   [ RunTime:0.0010s ]
SQL: SELECT * FROM `tree` WHERE `text` = 'SD卡' AND `tid` = 0 AND `state` = 'closed' AND `path` = '/storage/sdcard1' LIMIT 1   [ RunTime:0.0007s ]
SQL: UPDATE `phone` SET `read`='0' WHERE `No` = 1 [ RunTime:0.3549s ]
INFO: [ app_end ] --START--
INFO: Run Behavior\ShowPageTraceBehavior [ RunTime:0.001636s ]
INFO: [ app_end ] --END-- [ RunTime:0.001785s ]

[ 2016-04-30T20:51:13+08:00 ] ::1 /yuankong/index.php/Home/Index/tree
INFO: [ app_init ] --START--
INFO: Run Behavior\BuildLiteBehavior [ RunTime:0.000045s ]
INFO: [ app_init ] --END-- [ RunTime:0.002027s ]
INFO: [ app_begin ] --START--
INFO: Run Behavior\ReadHtmlCacheBehavior [ RunTime:0.001576s ]
INFO: [ app_begin ] --END-- [ RunTime:0.001763s ]
SQL: SHOW COLUMNS FROM `tree` [ RunTime:0.0219s ]
SQL: SHOW COLUMNS FROM `phone` [ RunTime:0.0141s ]
SQL: SELECT * FROM `tree` WHERE ( tid='0' )  [ RunTime:0.0014s ]
INFO: [ app_end ] --START--
INFO: Run Behavior\ShowPageTraceBehavior [ RunTime:0.001554s ]
INFO: [ app_end ] --END-- [ RunTime:0.001698s ]

[ 2016-04-30T20:51:13+08:00 ] ::1 /yuankong/index.php/Home/Index/often
INFO: [ app_init ] --START--
INFO: Run Behavior\BuildLiteBehavior [ RunTime:0.000042s ]
INFO: [ app_init ] --END-- [ RunTime:0.001352s ]
INFO: [ app_begin ] --START--
INFO: Run Behavior\ReadHtmlCacheBehavior [ RunTime:0.002868s ]
INFO: [ app_begin ] --END-- [ RunTime:0.003048s ]
SQL: SHOW COLUMNS FROM `often` [ RunTime:0.0329s ]
SQL: SHOW COLUMNS FROM `phone` [ RunTime:0.0127s ]
SQL: SELECT * FROM `often` WHERE ( tid='0' )  [ RunTime:0.0016s ]
INFO: [ app_end ] --START--
INFO: Run Behavior\ShowPageTraceBehavior [ RunTime:0.001853s ]
INFO: [ app_end ] --END-- [ RunTime:0.001983s ]

[ 2016-04-30T20:51:14+08:00 ] ::1 /yuankong/index.php/Home/User/Logout
INFO: [ app_init ] --START--
INFO: Run Behavior\BuildLiteBehavior [ RunTime:0.000054s ]
INFO: [ app_init ] --END-- [ RunTime:0.001321s ]
INFO: [ app_begin ] --START--
INFO: Run Behavior\ReadHtmlCacheBehavior [ RunTime:0.004134s ]
INFO: [ app_begin ] --END-- [ RunTime:0.004339s ]
INFO: [ view_parse ] --START--
INFO: [ template_filter ] --START--
INFO: Run Behavior\ContentReplaceBehavior [ RunTime:0.000145s ]
INFO: [ template_filter ] --END-- [ RunTime:0.000292s ]
INFO: Run Behavior\ParseTemplateBehavior [ RunTime:0.071770s ]
INFO: [ view_parse ] --END-- [ RunTime:0.071984s ]
INFO: [ view_filter ] --START--
INFO: Run Behavior\WriteHtmlCacheBehavior [ RunTime:0.000911s ]
INFO: [ view_filter ] --END-- [ RunTime:0.001018s ]
INFO: [ app_end ] --START--
INFO: Run Behavior\ShowPageTraceBehavior [ RunTime:0.001060s ]
INFO: [ app_end ] --END-- [ RunTime:0.001167s ]

[ 2016-04-30T20:51:15+08:00 ] ::1 /yuankong/index.php/Home/User/index
INFO: [ app_init ] --START--
INFO: Run Behavior\BuildLiteBehavior [ RunTime:0.000040s ]
INFO: [ app_init ] --END-- [ RunTime:0.001024s ]
INFO: [ app_begin ] --START--
INFO: Run Behavior\ReadHtmlCacheBehavior [ RunTime:0.001451s ]
INFO: [ app_begin ] --END-- [ RunTime:0.001632s ]
INFO: [ view_parse ] --START--
INFO: [ template_filter ] --START--
INFO: Run Behavior\ContentReplaceBehavior [ RunTime:0.000155s ]
INFO: [ template_filter ] --END-- [ RunTime:0.000310s ]
INFO: Run Behavior\ParseTemplateBehavior [ RunTime:0.079806s ]
INFO: [ view_parse ] --END-- [ RunTime:0.079973s ]
INFO: [ view_filter ] --START--
INFO: Run Behavior\WriteHtmlCacheBehavior [ RunTime:0.000763s ]
INFO: [ view_filter ] --END-- [ RunTime:0.000870s ]
INFO: [ app_end ] --START--
INFO: Run Behavior\ShowPageTraceBehavior [ RunTime:0.001089s ]
INFO: [ app_end ] --END-- [ RunTime:0.001212s ]

[ 2016-04-30T20:51:22+08:00 ] ::1 /yuankong/home/user/checkuser
INFO: [ app_init ] --START--
INFO: Run Behavior\BuildLiteBehavior [ RunTime:0.000043s ]
INFO: [ app_init ] --END-- [ RunTime:0.001818s ]
INFO: [ app_begin ] --START--
INFO: Run Behavior\ReadHtmlCacheBehavior [ RunTime:0.002626s ]
INFO: [ app_begin ] --END-- [ RunTime:0.002957s ]
SQL: SHOW COLUMNS FROM `user` [ RunTime:0.0319s ]
NOTIC: [8] Undefined index: validate F:\Code\php\yuankong\ThinkPHP\Library\Think\Model.class.php 第 1185 行.
NOTIC: [8] Undefined index: auto F:\Code\php\yuankong\ThinkPHP\Library\Think\Model.class.php 第 1128 行.
SQL: SELECT `No`,`Email` FROM `user` WHERE `Name` = 'chen' AND `Passwd` = 'root' LIMIT 1   [ RunTime:0.0018s ]
INFO: [ app_end ] --START--
INFO: Run Behavior\ShowPageTraceBehavior [ RunTime:0.001634s ]
INFO: [ app_end ] --END-- [ RunTime:0.001791s ]

[ 2016-04-30T20:51:22+08:00 ] ::1 /yuankong/index.php/Home/User/Map
INFO: [ app_init ] --START--
INFO: Run Behavior\BuildLiteBehavior [ RunTime:0.000046s ]
INFO: [ app_init ] --END-- [ RunTime:0.001479s ]
INFO: [ app_begin ] --START--
INFO: Run Behavior\ReadHtmlCacheBehavior [ RunTime:0.001632s ]
INFO: [ app_begin ] --END-- [ RunTime:0.001969s ]
NOTIC: [8] Use of undefined constant Map - assumed 'Map' F:\Code\php\yuankong\Ykong\Home\Controller\UserController.class.php 第 114 行.
INFO: [ view_parse ] --START--
INFO: [ template_filter ] --START--
INFO: Run Behavior\ContentReplaceBehavior [ RunTime:0.000219s ]
INFO: [ template_filter ] --END-- [ RunTime:0.000376s ]
INFO: Run Behavior\ParseTemplateBehavior [ RunTime:0.093832s ]
INFO: [ view_parse ] --END-- [ RunTime:0.094015s ]
INFO: [ view_filter ] --START--
INFO: Run Behavior\WriteHtmlCacheBehavior [ RunTime:0.001034s ]
INFO: [ view_filter ] --END-- [ RunTime:0.001182s ]
INFO: [ app_end ] --START--
INFO: Run Behavior\ShowPageTraceBehavior [ RunTime:0.003876s ]
INFO: [ app_end ] --END-- [ RunTime:0.004034s ]

[ 2016-04-30T20:51:23+08:00 ] ::1 /yuankong/home/user/getsession
INFO: [ app_init ] --START--
INFO: Run Behavior\BuildLiteBehavior [ RunTime:0.000054s ]
INFO: [ app_init ] --END-- [ RunTime:0.001366s ]
INFO: [ app_begin ] --START--
INFO: Run Behavior\ReadHtmlCacheBehavior [ RunTime:0.001968s ]
INFO: [ app_begin ] --END-- [ RunTime:0.003253s ]
INFO: [ app_end ] --START--
INFO: Run Behavior\ShowPageTraceBehavior [ RunTime:0.001519s ]
INFO: [ app_end ] --END-- [ RunTime:0.001688s ]

[ 2016-04-30T20:51:24+08:00 ] ::1 /yuankong/home/index/before
INFO: [ app_init ] --START--
INFO: Run Behavior\BuildLiteBehavior [ RunTime:0.000037s ]
INFO: [ app_init ] --END-- [ RunTime:0.000971s ]
INFO: [ app_begin ] --START--
INFO: Run Behavior\ReadHtmlCacheBehavior [ RunTime:0.001193s ]
INFO: [ app_begin ] --END-- [ RunTime:0.001346s ]
SQL: SHOW COLUMNS FROM `phone` [ RunTime:0.0407s ]
SQL: SHOW COLUMNS FROM `tree` [ RunTime:0.0208s ]
SQL: SELECT * FROM `tree` WHERE `text` = '手机存储' AND `tid` = 0 AND `state` = 'closed' AND `path` = '/storage/sdcard0' LIMIT 1   [ RunTime:0.0009s ]
SQL: SELECT * FROM `tree` WHERE `text` = 'SD卡' AND `tid` = 0 AND `state` = 'closed' AND `path` = '/storage/sdcard1' LIMIT 1   [ RunTime:0.0008s ]
SQL: UPDATE `phone` SET `read`='0' WHERE `No` = 1 [ RunTime:0.3641s ]
INFO: [ app_end ] --START--
INFO: Run Behavior\ShowPageTraceBehavior [ RunTime:0.001723s ]
INFO: [ app_end ] --END-- [ RunTime:0.001878s ]

[ 2016-04-30T20:51:24+08:00 ] ::1 /yuankong/index.php/Home/Index/tree
INFO: [ app_init ] --START--
INFO: Run Behavior\BuildLiteBehavior [ RunTime:0.000037s ]
INFO: [ app_init ] --END-- [ RunTime:0.001144s ]
INFO: [ app_begin ] --START--
INFO: Run Behavior\ReadHtmlCacheBehavior [ RunTime:0.001288s ]
INFO: [ app_begin ] --END-- [ RunTime:0.001447s ]
SQL: SHOW COLUMNS FROM `tree` [ RunTime:0.0331s ]
SQL: SHOW COLUMNS FROM `phone` [ RunTime:0.0242s ]
SQL: SELECT * FROM `tree` WHERE ( tid='0' )  [ RunTime:0.0011s ]
INFO: [ app_end ] --START--
INFO: Run Behavior\ShowPageTraceBehavior [ RunTime:0.001465s ]
INFO: [ app_end ] --END-- [ RunTime:0.001578s ]

[ 2016-04-30T20:51:24+08:00 ] ::1 /yuankong/index.php/Home/Index/often
INFO: [ app_init ] --START--
INFO: Run Behavior\BuildLiteBehavior [ RunTime:0.000038s ]
INFO: [ app_init ] --END-- [ RunTime:0.001268s ]
INFO: [ app_begin ] --START--
INFO: Run Behavior\ReadHtmlCacheBehavior [ RunTime:0.002121s ]
INFO: [ app_begin ] --END-- [ RunTime:0.002334s ]
SQL: SHOW COLUMNS FROM `often` [ RunTime:0.0196s ]
SQL: SHOW COLUMNS FROM `phone` [ RunTime:0.0126s ]
SQL: SELECT * FROM `often` WHERE ( tid='0' )  [ RunTime:0.0014s ]
INFO: [ app_end ] --START--
INFO: Run Behavior\ShowPageTraceBehavior [ RunTime:0.001742s ]
INFO: [ app_end ] --END-- [ RunTime:0.001859s ]

[ 2016-04-30T20:51:28+08:00 ] ::1 /yuankong/home/index/getxy
INFO: [ app_init ] --START--
INFO: Run Behavior\BuildLiteBehavior [ RunTime:0.000036s ]
INFO: [ app_init ] --END-- [ RunTime:0.000961s ]
INFO: [ app_begin ] --START--
INFO: Run Behavior\ReadHtmlCacheBehavior [ RunTime:0.001924s ]
INFO: [ app_begin ] --END-- [ RunTime:0.002155s ]
SQL: SHOW COLUMNS FROM `phone` [ RunTime:0.0468s ]
SQL: SELECT `x`,`y`,`position` FROM `phone` WHERE ( No=1 ) LIMIT 1   [ RunTime:0.0017s ]
INFO: [ app_end ] --START--
INFO: Run Behavior\ShowPageTraceBehavior [ RunTime:0.001603s ]
INFO: [ app_end ] --END-- [ RunTime:0.001760s ]

