[ 2016-04-23T09:37:46+08:00 ] ::1 /yuankong/
INFO: [ app_init ] --START--
INFO: Run Behavior\BuildLiteBehavior [ RunTime:0.000036s ]
INFO: [ app_init ] --END-- [ RunTime:0.001314s ]
INFO: [ app_begin ] --START--
INFO: Run Behavior\ReadHtmlCacheBehavior [ RunTime:0.001846s ]
INFO: [ app_begin ] --END-- [ RunTime:0.002015s ]
INFO: [ view_parse ] --START--
INFO: [ template_filter ] --START--
INFO: Run Behavior\ContentReplaceBehavior [ RunTime:0.000181s ]
INFO: [ template_filter ] --END-- [ RunTime:0.000332s ]
INFO: Run Behavior\ParseTemplateBehavior [ RunTime:0.018166s ]
INFO: [ view_parse ] --END-- [ RunTime:0.018314s ]
INFO: [ view_filter ] --START--
INFO: Run Behavior\WriteHtmlCacheBehavior [ RunTime:0.001210s ]
INFO: [ view_filter ] --END-- [ RunTime:0.001333s ]
INFO: [ app_end ] --START--
INFO: Run Behavior\ShowPageTraceBehavior [ RunTime:0.001805s ]
INFO: [ app_end ] --END-- [ RunTime:0.001939s ]

[ 2016-04-23T09:37:53+08:00 ] ::1 /yuankong/home/user/checkuser
INFO: [ app_init ] --START--
INFO: Run Behavior\BuildLiteBehavior [ RunTime:0.000037s ]
INFO: [ app_init ] --END-- [ RunTime:0.001289s ]
INFO: [ app_begin ] --START--
INFO: Run Behavior\ReadHtmlCacheBehavior [ RunTime:0.003220s ]
INFO: [ app_begin ] --END-- [ RunTime:0.003413s ]
SQL: SHOW COLUMNS FROM `user` [ RunTime:0.0502s ]
NOTIC: [8] Undefined index: validate F:\Code\php\yuankong\ThinkPHP\Library\Think\Model.class.php 第 1185 行.
NOTIC: [8] Undefined index: auto F:\Code\php\yuankong\ThinkPHP\Library\Think\Model.class.php 第 1128 行.
SQL: SELECT `No`,`Email` FROM `user` WHERE `Name` = 'chen' AND `Passwd` = 'root' LIMIT 1   [ RunTime:0.0013s ]
INFO: [ app_end ] --START--
INFO: Run Behavior\ShowPageTraceBehavior [ RunTime:0.002007s ]
INFO: [ app_end ] --END-- [ RunTime:0.002144s ]

[ 2016-04-23T09:37:54+08:00 ] ::1 /yuankong/index.php/Home/User/Map
INFO: [ app_init ] --START--
INFO: Run Behavior\BuildLiteBehavior [ RunTime:0.000049s ]
INFO: [ app_init ] --END-- [ RunTime:0.002124s ]
INFO: [ app_begin ] --START--
INFO: Run Behavior\ReadHtmlCacheBehavior [ RunTime:0.001822s ]
INFO: [ app_begin ] --END-- [ RunTime:0.002006s ]
NOTIC: [8] Use of undefined constant Map - assumed 'Map' F:\Code\php\yuankong\Ykong\Home\Controller\UserController.class.php 第 114 行.
INFO: [ view_parse ] --START--
INFO: [ template_filter ] --START--
INFO: Run Behavior\ContentReplaceBehavior [ RunTime:0.000194s ]
INFO: [ template_filter ] --END-- [ RunTime:0.000353s ]
INFO: Run Behavior\ParseTemplateBehavior [ RunTime:0.093461s ]
INFO: [ view_parse ] --END-- [ RunTime:0.093671s ]
INFO: [ view_filter ] --START--
INFO: Run Behavior\WriteHtmlCacheBehavior [ RunTime:0.002911s ]
INFO: [ view_filter ] --END-- [ RunTime:0.003077s ]
INFO: [ app_end ] --START--
INFO: Run Behavior\ShowPageTraceBehavior [ RunTime:0.003588s ]
INFO: [ app_end ] --END-- [ RunTime:0.004874s ]

[ 2016-04-23T09:37:56+08:00 ] ::1 /yuankong/home/index/getxy
INFO: [ app_init ] --START--
INFO: Run Behavior\BuildLiteBehavior [ RunTime:0.000044s ]
INFO: [ app_init ] --END-- [ RunTime:0.001782s ]
INFO: [ app_begin ] --START--
INFO: Run Behavior\ReadHtmlCacheBehavior [ RunTime:0.001603s ]
INFO: [ app_begin ] --END-- [ RunTime:0.001760s ]
SQL: SHOW COLUMNS FROM `phone` [ RunTime:0.0127s ]
SQL: SELECT `x`,`y` FROM `phone` WHERE ( No=1 ) LIMIT 1   [ RunTime:0.4610s ]
INFO: [ app_end ] --START--
INFO: Run Behavior\ShowPageTraceBehavior [ RunTime:0.001969s ]
INFO: [ app_end ] --END-- [ RunTime:0.002114s ]

[ 2016-04-23T09:37:56+08:00 ] ::1 /yuankong/home/user/getsession
INFO: [ app_init ] --START--
INFO: Run Behavior\BuildLiteBehavior [ RunTime:0.000046s ]
INFO: [ app_init ] --END-- [ RunTime:0.001785s ]
INFO: [ app_begin ] --START--
INFO: Run Behavior\ReadHtmlCacheBehavior [ RunTime:0.002278s ]
INFO: [ app_begin ] --END-- [ RunTime:0.002463s ]
INFO: [ app_end ] --START--
INFO: Run Behavior\ShowPageTraceBehavior [ RunTime:0.002495s ]
INFO: [ app_end ] --END-- [ RunTime:0.002739s ]

[ 2016-04-23T09:37:57+08:00 ] ::1 /yuankong/home/index/before
INFO: [ app_init ] --START--
INFO: Run Behavior\BuildLiteBehavior [ RunTime:0.000045s ]
INFO: [ app_init ] --END-- [ RunTime:0.001666s ]
INFO: [ app_begin ] --START--
INFO: Run Behavior\ReadHtmlCacheBehavior [ RunTime:0.002187s ]
INFO: [ app_begin ] --END-- [ RunTime:0.002366s ]
SQL: SHOW COLUMNS FROM `phone` [ RunTime:0.0115s ]
SQL: SHOW COLUMNS FROM `tree` [ RunTime:0.0118s ]
SQL: SELECT * FROM `tree` WHERE `text` = '手机存储' AND `tid` = 0 AND `state` = 'closed' AND `path` = '/storage/sdcard0' LIMIT 1   [ RunTime:0.0014s ]
SQL: SELECT * FROM `tree` WHERE `text` = 'SD卡' AND `tid` = 0 AND `state` = 'closed' AND `path` = '/storage/sdcard1' LIMIT 1   [ RunTime:0.0017s ]
SQL: UPDATE `phone` SET `read`='0' WHERE `No` = 1 [ RunTime:0.1514s ]
INFO: [ app_end ] --START--
INFO: Run Behavior\ShowPageTraceBehavior [ RunTime:0.002086s ]
INFO: [ app_end ] --END-- [ RunTime:0.002264s ]

[ 2016-04-23T09:37:57+08:00 ] ::1 /yuankong/index.php/Home/Index/tree
INFO: [ app_init ] --START--
INFO: Run Behavior\BuildLiteBehavior [ RunTime:0.000038s ]
INFO: [ app_init ] --END-- [ RunTime:0.001146s ]
INFO: [ app_begin ] --START--
INFO: Run Behavior\ReadHtmlCacheBehavior [ RunTime:0.002034s ]
INFO: [ app_begin ] --END-- [ RunTime:0.002214s ]
SQL: SHOW COLUMNS FROM `tree` [ RunTime:0.0101s ]
SQL: SHOW COLUMNS FROM `phone` [ RunTime:0.0102s ]
SQL: SELECT * FROM `tree` WHERE ( tid='0' )  [ RunTime:0.0015s ]
INFO: [ app_end ] --START--
INFO: Run Behavior\ShowPageTraceBehavior [ RunTime:0.001897s ]
INFO: [ app_end ] --END-- [ RunTime:0.002051s ]

[ 2016-04-23T09:37:57+08:00 ] ::1 /yuankong/index.php/Home/Index/often
INFO: [ app_init ] --START--
INFO: Run Behavior\BuildLiteBehavior [ RunTime:0.000043s ]
INFO: [ app_init ] --END-- [ RunTime:0.001917s ]
INFO: [ app_begin ] --START--
INFO: Run Behavior\ReadHtmlCacheBehavior [ RunTime:0.001766s ]
INFO: [ app_begin ] --END-- [ RunTime:0.001954s ]
SQL: SHOW COLUMNS FROM `often` [ RunTime:0.0100s ]
SQL: SHOW COLUMNS FROM `phone` [ RunTime:0.0109s ]
SQL: SELECT * FROM `often` WHERE ( tid='0' )  [ RunTime:0.0020s ]
INFO: [ app_end ] --START--
INFO: Run Behavior\ShowPageTraceBehavior [ RunTime:0.002650s ]
INFO: [ app_end ] --END-- [ RunTime:0.002854s ]

[ 2016-04-23T09:38:00+08:00 ] ::1 /yuankong/index.php/Home/Index/often
INFO: [ app_init ] --START--
INFO: Run Behavior\BuildLiteBehavior [ RunTime:0.000053s ]
INFO: [ app_init ] --END-- [ RunTime:0.001544s ]
INFO: [ app_begin ] --START--
INFO: Run Behavior\ReadHtmlCacheBehavior [ RunTime:0.002042s ]
INFO: [ app_begin ] --END-- [ RunTime:0.002281s ]
SQL: SHOW COLUMNS FROM `often` [ RunTime:0.0101s ]
SQL: SHOW COLUMNS FROM `phone` [ RunTime:0.0112s ]
SQL: SELECT `path` FROM `often` WHERE ( id='2' ) LIMIT 1   [ RunTime:0.0008s ]
SQL: SELECT * FROM `often` WHERE ( tid='2' ) LIMIT 1   [ RunTime:0.0010s ]
SQL: SELECT * FROM `often` WHERE ( tid='2' ) LIMIT 1   [ RunTime:0.0016s ]
SQL: UPDATE `phone` SET `often`='0' WHERE `No` = 1 [ RunTime:0.0966s ]
SQL: SELECT * FROM `often` WHERE ( tid='2' )  [ RunTime:0.0030s ]
INFO: [ app_end ] --START--
INFO: Run Behavior\ShowPageTraceBehavior [ RunTime:0.002131s ]
INFO: [ app_end ] --END-- [ RunTime:0.002326s ]

[ 2016-04-23T09:38:20+08:00 ] ::1 /yuankong/home/user/del
INFO: [ app_init ] --START--
INFO: Run Behavior\BuildLiteBehavior [ RunTime:0.000041s ]
INFO: [ app_init ] --END-- [ RunTime:0.001494s ]
INFO: [ app_begin ] --START--
INFO: Run Behavior\ReadHtmlCacheBehavior [ RunTime:0.001549s ]
INFO: [ app_begin ] --END-- [ RunTime:0.001695s ]
ERR: 非法操作:del

[ 2016-04-23T09:38:54+08:00 ] ::1 /yuankong/index.php/Home/User/Map
INFO: [ app_init ] --START--
INFO: Run Behavior\BuildLiteBehavior [ RunTime:0.000039s ]
INFO: [ app_init ] --END-- [ RunTime:0.001275s ]
INFO: [ app_begin ] --START--
INFO: Run Behavior\ReadHtmlCacheBehavior [ RunTime:0.002152s ]
INFO: [ app_begin ] --END-- [ RunTime:0.002349s ]
NOTIC: [8] Use of undefined constant Map - assumed 'Map' F:\Code\php\yuankong\Ykong\Home\Controller\UserController.class.php 第 114 行.
INFO: [ view_parse ] --START--
INFO: [ template_filter ] --START--
INFO: Run Behavior\ContentReplaceBehavior [ RunTime:0.000191s ]
INFO: [ template_filter ] --END-- [ RunTime:0.000340s ]
INFO: Run Behavior\ParseTemplateBehavior [ RunTime:0.021550s ]
INFO: [ view_parse ] --END-- [ RunTime:0.021740s ]
INFO: [ view_filter ] --START--
INFO: Run Behavior\WriteHtmlCacheBehavior [ RunTime:0.001720s ]
INFO: [ view_filter ] --END-- [ RunTime:0.001945s ]
INFO: [ app_end ] --START--
INFO: Run Behavior\ShowPageTraceBehavior [ RunTime:0.002699s ]
INFO: [ app_end ] --END-- [ RunTime:0.003526s ]

[ 2016-04-23T09:38:56+08:00 ] ::1 /yuankong/home/user/getsession
INFO: [ app_init ] --START--
INFO: Run Behavior\BuildLiteBehavior [ RunTime:0.000047s ]
INFO: [ app_init ] --END-- [ RunTime:0.001583s ]
INFO: [ app_begin ] --START--
INFO: Run Behavior\ReadHtmlCacheBehavior [ RunTime:0.001673s ]
INFO: [ app_begin ] --END-- [ RunTime:0.001860s ]
INFO: [ app_end ] --START--
INFO: Run Behavior\ShowPageTraceBehavior [ RunTime:0.001828s ]
INFO: [ app_end ] --END-- [ RunTime:0.002351s ]

[ 2016-04-23T09:38:56+08:00 ] ::1 /yuankong/home/index/getxy
INFO: [ app_init ] --START--
INFO: Run Behavior\BuildLiteBehavior [ RunTime:0.000037s ]
INFO: [ app_init ] --END-- [ RunTime:0.001161s ]
INFO: [ app_begin ] --START--
INFO: Run Behavior\ReadHtmlCacheBehavior [ RunTime:0.002118s ]
INFO: [ app_begin ] --END-- [ RunTime:0.002284s ]
SQL: SHOW COLUMNS FROM `phone` [ RunTime:0.0095s ]
SQL: SELECT `x`,`y` FROM `phone` WHERE ( No=1 ) LIMIT 1   [ RunTime:0.0010s ]
INFO: [ app_end ] --START--
INFO: Run Behavior\ShowPageTraceBehavior [ RunTime:0.001722s ]
INFO: [ app_end ] --END-- [ RunTime:0.001860s ]

[ 2016-04-23T09:38:57+08:00 ] ::1 /yuankong/home/index/before
INFO: [ app_init ] --START--
INFO: Run Behavior\BuildLiteBehavior [ RunTime:0.000039s ]
INFO: [ app_init ] --END-- [ RunTime:0.001233s ]
INFO: [ app_begin ] --START--
INFO: Run Behavior\ReadHtmlCacheBehavior [ RunTime:0.001657s ]
INFO: [ app_begin ] --END-- [ RunTime:0.001824s ]
SQL: SHOW COLUMNS FROM `phone` [ RunTime:0.0095s ]
SQL: SHOW COLUMNS FROM `tree` [ RunTime:0.0106s ]
SQL: SELECT * FROM `tree` WHERE `text` = '手机存储' AND `tid` = 0 AND `state` = 'closed' AND `path` = '/storage/sdcard0' LIMIT 1   [ RunTime:0.0012s ]
SQL: SELECT * FROM `tree` WHERE `text` = 'SD卡' AND `tid` = 0 AND `state` = 'closed' AND `path` = '/storage/sdcard1' LIMIT 1   [ RunTime:0.0012s ]
SQL: UPDATE `phone` SET `read`='0' WHERE `No` = 1 [ RunTime:0.4898s ]
INFO: [ app_end ] --START--
INFO: Run Behavior\ShowPageTraceBehavior [ RunTime:0.002262s ]
INFO: [ app_end ] --END-- [ RunTime:0.002419s ]

[ 2016-04-23T09:38:57+08:00 ] ::1 /yuankong/index.php/Home/Index/tree
INFO: [ app_init ] --START--
INFO: Run Behavior\BuildLiteBehavior [ RunTime:0.000143s ]
INFO: [ app_init ] --END-- [ RunTime:0.001520s ]
INFO: [ app_begin ] --START--
INFO: Run Behavior\ReadHtmlCacheBehavior [ RunTime:0.001567s ]
INFO: [ app_begin ] --END-- [ RunTime:0.001738s ]
SQL: SHOW COLUMNS FROM `tree` [ RunTime:0.0095s ]
SQL: SHOW COLUMNS FROM `phone` [ RunTime:0.0106s ]
SQL: SELECT * FROM `tree` WHERE ( tid='0' )  [ RunTime:0.0014s ]
INFO: [ app_end ] --START--
INFO: Run Behavior\ShowPageTraceBehavior [ RunTime:0.001920s ]
INFO: [ app_end ] --END-- [ RunTime:0.002125s ]

[ 2016-04-23T09:38:57+08:00 ] ::1 /yuankong/index.php/Home/Index/often
INFO: [ app_init ] --START--
INFO: Run Behavior\BuildLiteBehavior [ RunTime:0.000036s ]
INFO: [ app_init ] --END-- [ RunTime:0.001155s ]
INFO: [ app_begin ] --START--
INFO: Run Behavior\ReadHtmlCacheBehavior [ RunTime:0.001770s ]
INFO: [ app_begin ] --END-- [ RunTime:0.001941s ]
SQL: SHOW COLUMNS FROM `often` [ RunTime:0.0102s ]
SQL: SHOW COLUMNS FROM `phone` [ RunTime:0.0106s ]
SQL: SELECT * FROM `often` WHERE ( tid='0' )  [ RunTime:0.0018s ]
INFO: [ app_end ] --START--
INFO: Run Behavior\ShowPageTraceBehavior [ RunTime:0.001989s ]
INFO: [ app_end ] --END-- [ RunTime:0.002135s ]

[ 2016-04-23T09:38:59+08:00 ] ::1 /yuankong/index.php/Home/Index/often
INFO: [ app_init ] --START--
INFO: Run Behavior\BuildLiteBehavior [ RunTime:0.000049s ]
INFO: [ app_init ] --END-- [ RunTime:0.002882s ]
INFO: [ app_begin ] --START--
INFO: Run Behavior\ReadHtmlCacheBehavior [ RunTime:0.002069s ]
INFO: [ app_begin ] --END-- [ RunTime:0.002247s ]
SQL: SHOW COLUMNS FROM `often` [ RunTime:0.0103s ]
SQL: SHOW COLUMNS FROM `phone` [ RunTime:0.0108s ]
SQL: SELECT `path` FROM `often` WHERE ( id='2' ) LIMIT 1   [ RunTime:0.0010s ]
SQL: SELECT * FROM `often` WHERE ( tid='2' ) LIMIT 1   [ RunTime:0.0023s ]
SQL: SELECT * FROM `often` WHERE ( tid='2' ) LIMIT 1   [ RunTime:0.0016s ]
SQL: UPDATE `phone` SET `often`='0' WHERE `No` = 1 [ RunTime:0.0871s ]
SQL: SELECT * FROM `often` WHERE ( tid='2' )  [ RunTime:0.0028s ]
INFO: [ app_end ] --START--
INFO: Run Behavior\ShowPageTraceBehavior [ RunTime:0.002265s ]
INFO: [ app_end ] --END-- [ RunTime:0.002456s ]

[ 2016-04-23T09:39:24+08:00 ] ::1 /yuankong/index.php/Home/User/Map
INFO: [ app_init ] --START--
INFO: Run Behavior\BuildLiteBehavior [ RunTime:0.000045s ]
INFO: [ app_init ] --END-- [ RunTime:0.001407s ]
INFO: [ app_begin ] --START--
INFO: Run Behavior\ReadHtmlCacheBehavior [ RunTime:0.001764s ]
INFO: [ app_begin ] --END-- [ RunTime:0.001944s ]
NOTIC: [8] Use of undefined constant Map - assumed 'Map' F:\Code\php\yuankong\Ykong\Home\Controller\UserController.class.php 第 114 行.
INFO: [ view_parse ] --START--
INFO: [ template_filter ] --START--
INFO: Run Behavior\ContentReplaceBehavior [ RunTime:0.000186s ]
INFO: [ template_filter ] --END-- [ RunTime:0.000331s ]
INFO: Run Behavior\ParseTemplateBehavior [ RunTime:0.017127s ]
INFO: [ view_parse ] --END-- [ RunTime:0.017284s ]
INFO: [ view_filter ] --START--
INFO: Run Behavior\WriteHtmlCacheBehavior [ RunTime:0.001320s ]
INFO: [ view_filter ] --END-- [ RunTime:0.001481s ]
INFO: [ app_end ] --START--
INFO: Run Behavior\ShowPageTraceBehavior [ RunTime:0.003281s ]
INFO: [ app_end ] --END-- [ RunTime:0.003433s ]

[ 2016-04-23T09:39:26+08:00 ] ::1 /yuankong/home/user/getsession
INFO: [ app_init ] --START--
INFO: Run Behavior\BuildLiteBehavior [ RunTime:0.000045s ]
INFO: [ app_init ] --END-- [ RunTime:0.001420s ]
INFO: [ app_begin ] --START--
INFO: Run Behavior\ReadHtmlCacheBehavior [ RunTime:0.001706s ]
INFO: [ app_begin ] --END-- [ RunTime:0.001887s ]
INFO: [ app_end ] --START--
INFO: Run Behavior\ShowPageTraceBehavior [ RunTime:0.001778s ]
INFO: [ app_end ] --END-- [ RunTime:0.001948s ]

[ 2016-04-23T09:39:26+08:00 ] ::1 /yuankong/home/index/getxy
INFO: [ app_init ] --START--
INFO: Run Behavior\BuildLiteBehavior [ RunTime:0.000052s ]
INFO: [ app_init ] --END-- [ RunTime:0.001699s ]
INFO: [ app_begin ] --START--
INFO: Run Behavior\ReadHtmlCacheBehavior [ RunTime:0.001410s ]
INFO: [ app_begin ] --END-- [ RunTime:0.001558s ]
SQL: SHOW COLUMNS FROM `phone` [ RunTime:0.0098s ]
SQL: SELECT `x`,`y` FROM `phone` WHERE ( No=1 ) LIMIT 1   [ RunTime:0.0011s ]
INFO: [ app_end ] --START--
INFO: Run Behavior\ShowPageTraceBehavior [ RunTime:0.001531s ]
INFO: [ app_end ] --END-- [ RunTime:0.001673s ]

[ 2016-04-23T09:39:26+08:00 ] ::1 /yuankong/home/index/before
INFO: [ app_init ] --START--
INFO: Run Behavior\BuildLiteBehavior [ RunTime:0.000050s ]
INFO: [ app_init ] --END-- [ RunTime:0.001429s ]
INFO: [ app_begin ] --START--
INFO: Run Behavior\ReadHtmlCacheBehavior [ RunTime:0.001649s ]
INFO: [ app_begin ] --END-- [ RunTime:0.001822s ]
SQL: SHOW COLUMNS FROM `phone` [ RunTime:0.0101s ]
SQL: SHOW COLUMNS FROM `tree` [ RunTime:0.0104s ]
SQL: SELECT * FROM `tree` WHERE `text` = '手机存储' AND `tid` = 0 AND `state` = 'closed' AND `path` = '/storage/sdcard0' LIMIT 1   [ RunTime:0.0012s ]
SQL: SELECT * FROM `tree` WHERE `text` = 'SD卡' AND `tid` = 0 AND `state` = 'closed' AND `path` = '/storage/sdcard1' LIMIT 1   [ RunTime:0.0011s ]
SQL: UPDATE `phone` SET `read`='0' WHERE `No` = 1 [ RunTime:0.4895s ]
INFO: [ app_end ] --START--
INFO: Run Behavior\ShowPageTraceBehavior [ RunTime:0.001809s ]
INFO: [ app_end ] --END-- [ RunTime:0.001966s ]

[ 2016-04-23T09:39:27+08:00 ] ::1 /yuankong/index.php/Home/Index/tree
INFO: [ app_init ] --START--
INFO: Run Behavior\BuildLiteBehavior [ RunTime:0.000044s ]
INFO: [ app_init ] --END-- [ RunTime:0.001738s ]
INFO: [ app_begin ] --START--
INFO: Run Behavior\ReadHtmlCacheBehavior [ RunTime:0.001476s ]
INFO: [ app_begin ] --END-- [ RunTime:0.001635s ]
SQL: SHOW COLUMNS FROM `tree` [ RunTime:0.0128s ]
SQL: SHOW COLUMNS FROM `phone` [ RunTime:0.0207s ]
SQL: SELECT * FROM `tree` WHERE ( tid='0' )  [ RunTime:0.0013s ]
INFO: [ app_end ] --START--
INFO: Run Behavior\ShowPageTraceBehavior [ RunTime:0.001731s ]
INFO: [ app_end ] --END-- [ RunTime:0.001852s ]

[ 2016-04-23T09:39:27+08:00 ] ::1 /yuankong/index.php/Home/Index/often
INFO: [ app_init ] --START--
INFO: Run Behavior\BuildLiteBehavior [ RunTime:0.000043s ]
INFO: [ app_init ] --END-- [ RunTime:0.001293s ]
INFO: [ app_begin ] --START--
INFO: Run Behavior\ReadHtmlCacheBehavior [ RunTime:0.001926s ]
INFO: [ app_begin ] --END-- [ RunTime:0.002087s ]
SQL: SHOW COLUMNS FROM `often` [ RunTime:0.0109s ]
SQL: SHOW COLUMNS FROM `phone` [ RunTime:0.0105s ]
SQL: SELECT * FROM `often` WHERE ( tid='0' )  [ RunTime:0.0017s ]
INFO: [ app_end ] --START--
INFO: Run Behavior\ShowPageTraceBehavior [ RunTime:0.001790s ]
INFO: [ app_end ] --END-- [ RunTime:0.001959s ]

[ 2016-04-23T09:39:32+08:00 ] ::1 /yuankong/index.php/Home/Index/often
INFO: [ app_init ] --START--
INFO: Run Behavior\BuildLiteBehavior [ RunTime:0.000035s ]
INFO: [ app_init ] --END-- [ RunTime:0.001087s ]
INFO: [ app_begin ] --START--
INFO: Run Behavior\ReadHtmlCacheBehavior [ RunTime:0.001369s ]
INFO: [ app_begin ] --END-- [ RunTime:0.001497s ]
SQL: SHOW COLUMNS FROM `often` [ RunTime:0.0105s ]
SQL: SHOW COLUMNS FROM `phone` [ RunTime:0.0094s ]
SQL: SELECT `path` FROM `often` WHERE ( id='2' ) LIMIT 1   [ RunTime:0.0008s ]
SQL: SELECT * FROM `often` WHERE ( tid='2' ) LIMIT 1   [ RunTime:0.0013s ]
SQL: SELECT * FROM `often` WHERE ( tid='2' ) LIMIT 1   [ RunTime:0.0014s ]
SQL: UPDATE `phone` SET `often`='0' WHERE `No` = 1 [ RunTime:0.0781s ]
SQL: SELECT * FROM `often` WHERE ( tid='2' )  [ RunTime:0.0026s ]
INFO: [ app_end ] --START--
INFO: Run Behavior\ShowPageTraceBehavior [ RunTime:0.002206s ]
INFO: [ app_end ] --END-- [ RunTime:0.002405s ]

[ 2016-04-23T09:39:37+08:00 ] ::1 /yuankong/home/index/del
INFO: [ app_init ] --START--
INFO: Run Behavior\BuildLiteBehavior [ RunTime:0.000036s ]
INFO: [ app_init ] --END-- [ RunTime:0.001164s ]
INFO: [ app_begin ] --START--
INFO: Run Behavior\ReadHtmlCacheBehavior [ RunTime:0.001585s ]
INFO: [ app_begin ] --END-- [ RunTime:0.001754s ]
SQL: SHOW COLUMNS FROM `often` [ RunTime:0.0106s ]
SQL: SHOW COLUMNS FROM `tree` [ RunTime:0.0132s ]
SQL: SELECT * FROM `often` WHERE `text` = '测试、设计、商业分析实习岗位介绍与投递.txt' LIMIT 1   [ RunTime:0.0023s ]
NOTIC: [8] Undefined index: No F:\Code\php\yuankong\Ykong\Home\Controller\IndexController.class.php 第 315 行.
SQL: SHOW COLUMNS FROM `user` [ RunTime:0.0095s ]
SQL: SELECT `ClientID` FROM `user` WHERE ( No=1 ) LIMIT 1   [ RunTime:0.0009s ]
NOTIC: [8] Undefined index: z3tpQNHVGe7iu6exjI4fB3 F:\Code\php\yuankong\ThinkPHP\Library\Vendor\GeTui\IGeTui.class.php 第 56 行.
NOTIC: [8] Undefined index: version F:\Code\php\yuankong\ThinkPHP\Library\Vendor\GeTui\igetui\utils\HttpManager.php 第 49 行.
NOTIC: [8] Undefined index: z3tpQNHVGe7iu6exjI4fB3 F:\Code\php\yuankong\ThinkPHP\Library\Vendor\GeTui\igetui\utils\ApiUrlRespectUtils.php 第 20 行.
NOTIC: [8] Undefined index: version F:\Code\php\yuankong\ThinkPHP\Library\Vendor\GeTui\igetui\utils\HttpManager.php 第 49 行.
NOTIC: [8] Undefined index: version F:\Code\php\yuankong\ThinkPHP\Library\Vendor\GeTui\igetui\utils\HttpManager.php 第 49 行.
NOTIC: [8] Undefined index: version F:\Code\php\yuankong\ThinkPHP\Library\Vendor\GeTui\igetui\utils\HttpManager.php 第 49 行.
SQL: DELETE FROM `often` WHERE `tid` = null [ RunTime:0.0017s ]
SQL: DELETE FROM `often` WHERE `text` = '测试、设计、商业分析实习岗位介绍与投递.txt' [ RunTime:0.1177s ]
INFO: [ app_end ] --START--
INFO: Run Behavior\ShowPageTraceBehavior [ RunTime:0.001881s ]
INFO: [ app_end ] --END-- [ RunTime:0.002027s ]

[ 2016-04-23T09:40:04+08:00 ] ::1 /yuankong/index.php/Home/User/Map
INFO: [ app_init ] --START--
INFO: Run Behavior\BuildLiteBehavior [ RunTime:0.000128s ]
INFO: [ app_init ] --END-- [ RunTime:0.009238s ]
INFO: [ app_begin ] --START--
INFO: Run Behavior\ReadHtmlCacheBehavior [ RunTime:0.002696s ]
INFO: [ app_begin ] --END-- [ RunTime:0.002909s ]
NOTIC: [8] Use of undefined constant Map - assumed 'Map' F:\Code\php\yuankong\Ykong\Home\Controller\UserController.class.php 第 114 行.
INFO: [ view_parse ] --START--
INFO: [ template_filter ] --START--
INFO: Run Behavior\ContentReplaceBehavior [ RunTime:0.000195s ]
INFO: [ template_filter ] --END-- [ RunTime:0.000344s ]
INFO: Run Behavior\ParseTemplateBehavior [ RunTime:0.037816s ]
INFO: [ view_parse ] --END-- [ RunTime:0.038055s ]
INFO: [ view_filter ] --START--
INFO: Run Behavior\WriteHtmlCacheBehavior [ RunTime:0.002215s ]
INFO: [ view_filter ] --END-- [ RunTime:0.002370s ]
INFO: [ app_end ] --START--
INFO: Run Behavior\ShowPageTraceBehavior [ RunTime:0.002080s ]
INFO: [ app_end ] --END-- [ RunTime:0.002239s ]

[ 2016-04-23T09:40:06+08:00 ] ::1 /yuankong/home/user/getsession
INFO: [ app_init ] --START--
INFO: Run Behavior\BuildLiteBehavior [ RunTime:0.000046s ]
INFO: [ app_init ] --END-- [ RunTime:0.001610s ]
INFO: [ app_begin ] --START--
INFO: Run Behavior\ReadHtmlCacheBehavior [ RunTime:0.001907s ]
INFO: [ app_begin ] --END-- [ RunTime:0.002094s ]
INFO: [ app_end ] --START--
INFO: Run Behavior\ShowPageTraceBehavior [ RunTime:0.001769s ]
INFO: [ app_end ] --END-- [ RunTime:0.001928s ]

[ 2016-04-23T09:40:06+08:00 ] ::1 /yuankong/home/index/getxy
INFO: [ app_init ] --START--
INFO: Run Behavior\BuildLiteBehavior [ RunTime:0.000040s ]
INFO: [ app_init ] --END-- [ RunTime:0.001431s ]
INFO: [ app_begin ] --START--
INFO: Run Behavior\ReadHtmlCacheBehavior [ RunTime:0.001694s ]
INFO: [ app_begin ] --END-- [ RunTime:0.001865s ]
SQL: SHOW COLUMNS FROM `phone` [ RunTime:0.0103s ]
SQL: SELECT `x`,`y` FROM `phone` WHERE ( No=1 ) LIMIT 1   [ RunTime:0.0011s ]
INFO: [ app_end ] --START--
INFO: Run Behavior\ShowPageTraceBehavior [ RunTime:0.002154s ]
INFO: [ app_end ] --END-- [ RunTime:0.002307s ]

[ 2016-04-23T09:40:06+08:00 ] ::1 /yuankong/home/index/before
INFO: [ app_init ] --START--
INFO: Run Behavior\BuildLiteBehavior [ RunTime:0.000041s ]
INFO: [ app_init ] --END-- [ RunTime:0.001431s ]
INFO: [ app_begin ] --START--
INFO: Run Behavior\ReadHtmlCacheBehavior [ RunTime:0.001569s ]
INFO: [ app_begin ] --END-- [ RunTime:0.001729s ]
SQL: SHOW COLUMNS FROM `phone` [ RunTime:0.0092s ]
SQL: SHOW COLUMNS FROM `tree` [ RunTime:0.0100s ]
SQL: SELECT * FROM `tree` WHERE `text` = '手机存储' AND `tid` = 0 AND `state` = 'closed' AND `path` = '/storage/sdcard0' LIMIT 1   [ RunTime:0.0013s ]
SQL: SELECT * FROM `tree` WHERE `text` = 'SD卡' AND `tid` = 0 AND `state` = 'closed' AND `path` = '/storage/sdcard1' LIMIT 1   [ RunTime:0.0013s ]
SQL: UPDATE `phone` SET `read`='0' WHERE `No` = 1 [ RunTime:0.3848s ]
INFO: [ app_end ] --START--
INFO: Run Behavior\ShowPageTraceBehavior [ RunTime:0.002446s ]
INFO: [ app_end ] --END-- [ RunTime:0.002603s ]

[ 2016-04-23T09:40:07+08:00 ] ::1 /yuankong/index.php/Home/Index/tree
INFO: [ app_init ] --START--
INFO: Run Behavior\BuildLiteBehavior [ RunTime:0.000043s ]
INFO: [ app_init ] --END-- [ RunTime:0.001423s ]
INFO: [ app_begin ] --START--
INFO: Run Behavior\ReadHtmlCacheBehavior [ RunTime:0.001556s ]
INFO: [ app_begin ] --END-- [ RunTime:0.001714s ]
SQL: SHOW COLUMNS FROM `tree` [ RunTime:0.0089s ]
SQL: SHOW COLUMNS FROM `phone` [ RunTime:0.0099s ]
SQL: SELECT * FROM `tree` WHERE ( tid='0' )  [ RunTime:0.0013s ]
INFO: [ app_end ] --START--
INFO: Run Behavior\ShowPageTraceBehavior [ RunTime:0.001957s ]
INFO: [ app_end ] --END-- [ RunTime:0.002104s ]

[ 2016-04-23T09:40:07+08:00 ] ::1 /yuankong/index.php/Home/Index/often
INFO: [ app_init ] --START--
INFO: Run Behavior\BuildLiteBehavior [ RunTime:0.000044s ]
INFO: [ app_init ] --END-- [ RunTime:0.001495s ]
INFO: [ app_begin ] --START--
INFO: Run Behavior\ReadHtmlCacheBehavior [ RunTime:0.001903s ]
INFO: [ app_begin ] --END-- [ RunTime:0.002065s ]
SQL: SHOW COLUMNS FROM `often` [ RunTime:0.0103s ]
SQL: SHOW COLUMNS FROM `phone` [ RunTime:0.0100s ]
SQL: SELECT * FROM `often` WHERE ( tid='0' )  [ RunTime:0.0020s ]
INFO: [ app_end ] --START--
INFO: Run Behavior\ShowPageTraceBehavior [ RunTime:0.002344s ]
INFO: [ app_end ] --END-- [ RunTime:0.002501s ]

[ 2016-04-23T09:41:15+08:00 ] ::1 /yuankong/index.php/Home/Index/often
INFO: [ app_init ] --START--
INFO: Run Behavior\BuildLiteBehavior [ RunTime:0.000042s ]
INFO: [ app_init ] --END-- [ RunTime:0.001444s ]
INFO: [ app_begin ] --START--
INFO: Run Behavior\ReadHtmlCacheBehavior [ RunTime:0.001940s ]
INFO: [ app_begin ] --END-- [ RunTime:0.002117s ]
SQL: SHOW COLUMNS FROM `often` [ RunTime:0.0086s ]
SQL: SHOW COLUMNS FROM `phone` [ RunTime:0.0109s ]
SQL: SELECT `path` FROM `often` WHERE ( id='2' ) LIMIT 1   [ RunTime:0.0011s ]
SQL: SELECT * FROM `often` WHERE ( tid='2' ) LIMIT 1   [ RunTime:0.0017s ]
SQL: SELECT * FROM `often` WHERE ( tid='2' ) LIMIT 1   [ RunTime:0.0015s ]
SQL: UPDATE `phone` SET `often`='0' WHERE `No` = 1 [ RunTime:0.1033s ]
SQL: SELECT * FROM `often` WHERE ( tid='2' )  [ RunTime:0.0034s ]
INFO: [ app_end ] --START--
INFO: Run Behavior\ShowPageTraceBehavior [ RunTime:0.002844s ]
INFO: [ app_end ] --END-- [ RunTime:0.003063s ]

[ 2016-04-23T09:41:21+08:00 ] ::1 /yuankong/home/index/del
INFO: [ app_init ] --START--
INFO: Run Behavior\BuildLiteBehavior [ RunTime:0.000042s ]
INFO: [ app_init ] --END-- [ RunTime:0.001652s ]
INFO: [ app_begin ] --START--
INFO: Run Behavior\ReadHtmlCacheBehavior [ RunTime:0.001783s ]
INFO: [ app_begin ] --END-- [ RunTime:0.001971s ]
SQL: SHOW COLUMNS FROM `often` [ RunTime:0.0111s ]
SQL: SHOW COLUMNS FROM `tree` [ RunTime:0.0122s ]
SQL: SELECT * FROM `often` WHERE `text` = '2016acm邀请赛报名通知（红头文件）.pdf' LIMIT 1   [ RunTime:0.0022s ]
NOTIC: [8] Undefined index: No F:\Code\php\yuankong\Ykong\Home\Controller\IndexController.class.php 第 315 行.
SQL: DELETE FROM `often` WHERE `tid` = null [ RunTime:0.0023s ]
SQL: DELETE FROM `often` WHERE `text` = '2016acm邀请赛报名通知（红头文件）.pdf' [ RunTime:0.0918s ]
INFO: [ app_end ] --START--
INFO: Run Behavior\ShowPageTraceBehavior [ RunTime:0.002063s ]
INFO: [ app_end ] --END-- [ RunTime:0.002216s ]

[ 2016-04-23T09:42:10+08:00 ] ::1 /yuankong/index.php/Home/User/Map
INFO: [ app_init ] --START--
INFO: Run Behavior\BuildLiteBehavior [ RunTime:0.000048s ]
INFO: [ app_init ] --END-- [ RunTime:0.001407s ]
INFO: [ app_begin ] --START--
INFO: Run Behavior\ReadHtmlCacheBehavior [ RunTime:0.001860s ]
INFO: [ app_begin ] --END-- [ RunTime:0.002048s ]
NOTIC: [8] Use of undefined constant Map - assumed 'Map' F:\Code\php\yuankong\Ykong\Home\Controller\UserController.class.php 第 114 行.
INFO: [ view_parse ] --START--
INFO: [ template_filter ] --START--
INFO: Run Behavior\ContentReplaceBehavior [ RunTime:0.000189s ]
INFO: [ template_filter ] --END-- [ RunTime:0.000336s ]
INFO: Run Behavior\ParseTemplateBehavior [ RunTime:0.027132s ]
INFO: [ view_parse ] --END-- [ RunTime:0.027289s ]
INFO: [ view_filter ] --START--
INFO: Run Behavior\WriteHtmlCacheBehavior [ RunTime:0.001694s ]
INFO: [ view_filter ] --END-- [ RunTime:0.001848s ]
INFO: [ app_end ] --START--
INFO: Run Behavior\ShowPageTraceBehavior [ RunTime:0.002137s ]
INFO: [ app_end ] --END-- [ RunTime:0.002291s ]

[ 2016-04-23T09:42:12+08:00 ] ::1 /yuankong/home/user/getsession
INFO: [ app_init ] --START--
INFO: Run Behavior\BuildLiteBehavior [ RunTime:0.000042s ]
INFO: [ app_init ] --END-- [ RunTime:0.001548s ]
INFO: [ app_begin ] --START--
INFO: Run Behavior\ReadHtmlCacheBehavior [ RunTime:0.002013s ]
INFO: [ app_begin ] --END-- [ RunTime:0.002328s ]
INFO: [ app_end ] --START--
INFO: Run Behavior\ShowPageTraceBehavior [ RunTime:0.002170s ]
INFO: [ app_end ] --END-- [ RunTime:0.002369s ]

[ 2016-04-23T09:42:12+08:00 ] ::1 /yuankong/home/index/getxy
INFO: [ app_init ] --START--
INFO: Run Behavior\BuildLiteBehavior [ RunTime:0.000036s ]
INFO: [ app_init ] --END-- [ RunTime:0.001160s ]
INFO: [ app_begin ] --START--
INFO: Run Behavior\ReadHtmlCacheBehavior [ RunTime:0.001592s ]
INFO: [ app_begin ] --END-- [ RunTime:0.001748s ]
SQL: SHOW COLUMNS FROM `phone` [ RunTime:0.0094s ]
SQL: SELECT `x`,`y` FROM `phone` WHERE ( No=1 ) LIMIT 1   [ RunTime:0.0010s ]
INFO: [ app_end ] --START--
INFO: Run Behavior\ShowPageTraceBehavior [ RunTime:0.001822s ]
INFO: [ app_end ] --END-- [ RunTime:0.001965s ]

[ 2016-04-23T09:42:13+08:00 ] ::1 /yuankong/home/index/before
INFO: [ app_init ] --START--
INFO: Run Behavior\BuildLiteBehavior [ RunTime:0.000036s ]
INFO: [ app_init ] --END-- [ RunTime:0.001152s ]
INFO: [ app_begin ] --START--
INFO: Run Behavior\ReadHtmlCacheBehavior [ RunTime:0.001810s ]
INFO: [ app_begin ] --END-- [ RunTime:0.001982s ]
SQL: SHOW COLUMNS FROM `phone` [ RunTime:0.0103s ]
SQL: SHOW COLUMNS FROM `tree` [ RunTime:0.0099s ]
SQL: SELECT * FROM `tree` WHERE `text` = '手机存储' AND `tid` = 0 AND `state` = 'closed' AND `path` = '/storage/sdcard0' LIMIT 1   [ RunTime:0.0010s ]
SQL: SELECT * FROM `tree` WHERE `text` = 'SD卡' AND `tid` = 0 AND `state` = 'closed' AND `path` = '/storage/sdcard1' LIMIT 1   [ RunTime:0.0010s ]
SQL: UPDATE `phone` SET `read`='0' WHERE `No` = 1 [ RunTime:0.4084s ]
INFO: [ app_end ] --START--
INFO: Run Behavior\ShowPageTraceBehavior [ RunTime:0.002013s ]
INFO: [ app_end ] --END-- [ RunTime:0.002164s ]

[ 2016-04-23T09:42:13+08:00 ] ::1 /yuankong/index.php/Home/Index/often
INFO: [ app_init ] --START--
INFO: Run Behavior\BuildLiteBehavior [ RunTime:0.000040s ]
INFO: [ app_init ] --END-- [ RunTime:0.001223s ]
INFO: [ app_begin ] --START--
INFO: Run Behavior\ReadHtmlCacheBehavior [ RunTime:0.001825s ]
INFO: [ app_begin ] --END-- [ RunTime:0.001996s ]
SQL: SHOW COLUMNS FROM `often` [ RunTime:0.0101s ]
SQL: SHOW COLUMNS FROM `phone` [ RunTime:0.0102s ]
SQL: SELECT * FROM `often` WHERE ( tid='0' )  [ RunTime:0.0016s ]
INFO: [ app_end ] --START--
INFO: Run Behavior\ShowPageTraceBehavior [ RunTime:0.001986s ]
INFO: [ app_end ] --END-- [ RunTime:0.002136s ]

[ 2016-04-23T09:42:13+08:00 ] ::1 /yuankong/index.php/Home/Index/tree
INFO: [ app_init ] --START--
INFO: Run Behavior\BuildLiteBehavior [ RunTime:0.000045s ]
INFO: [ app_init ] --END-- [ RunTime:0.001434s ]
INFO: [ app_begin ] --START--
INFO: Run Behavior\ReadHtmlCacheBehavior [ RunTime:0.001831s ]
INFO: [ app_begin ] --END-- [ RunTime:0.001986s ]
SQL: SHOW COLUMNS FROM `tree` [ RunTime:0.0097s ]
SQL: SHOW COLUMNS FROM `phone` [ RunTime:0.0092s ]
SQL: SELECT * FROM `tree` WHERE ( tid='0' )  [ RunTime:0.0013s ]
INFO: [ app_end ] --START--
INFO: Run Behavior\ShowPageTraceBehavior [ RunTime:0.001788s ]
INFO: [ app_end ] --END-- [ RunTime:0.001926s ]

[ 2016-04-23T09:42:16+08:00 ] ::1 /yuankong/index.php/Home/Index/often
INFO: [ app_init ] --START--
INFO: Run Behavior\BuildLiteBehavior [ RunTime:0.000037s ]
INFO: [ app_init ] --END-- [ RunTime:0.001248s ]
INFO: [ app_begin ] --START--
INFO: Run Behavior\ReadHtmlCacheBehavior [ RunTime:0.001766s ]
INFO: [ app_begin ] --END-- [ RunTime:0.001939s ]
SQL: SHOW COLUMNS FROM `often` [ RunTime:0.0087s ]
SQL: SHOW COLUMNS FROM `phone` [ RunTime:0.0101s ]
SQL: SELECT `path` FROM `often` WHERE ( id='2' ) LIMIT 1   [ RunTime:0.0010s ]
SQL: SELECT * FROM `often` WHERE ( tid='2' ) LIMIT 1   [ RunTime:0.0015s ]
SQL: SELECT * FROM `often` WHERE ( tid='2' ) LIMIT 1   [ RunTime:0.0016s ]
SQL: UPDATE `phone` SET `often`='0' WHERE `No` = 1 [ RunTime:0.5447s ]
SQL: SELECT * FROM `often` WHERE ( tid='2' )  [ RunTime:0.0032s ]
INFO: [ app_end ] --START--
INFO: Run Behavior\ShowPageTraceBehavior [ RunTime:0.002059s ]
INFO: [ app_end ] --END-- [ RunTime:0.002242s ]

[ 2016-04-23T09:53:03+08:00 ] 192.168.191.2 /yuankong/home/user/Add
INFO: [ app_init ] --START--
INFO: Run Behavior\BuildLiteBehavior [ RunTime:0.000035s ]
INFO: [ app_init ] --END-- [ RunTime:0.001309s ]
INFO: [ app_begin ] --START--
INFO: Run Behavior\ReadHtmlCacheBehavior [ RunTime:0.001689s ]
INFO: [ app_begin ] --END-- [ RunTime:0.001837s ]
SQL: SHOW COLUMNS FROM `user` [ RunTime:0.0094s ]
SQL: SELECT * FROM `user` WHERE `ClientID` = '30890d82d4fa5ea6e2971d61bdefd4de' LIMIT 1   [ RunTime:0.0013s ]
INFO: [ app_end ] --START--
INFO: Run Behavior\ShowPageTraceBehavior [ RunTime:0.002090s ]
INFO: [ app_end ] --END-- [ RunTime:0.002249s ]

[ 2016-04-23T09:53:33+08:00 ] 192.168.191.2 /yuankong/home/index/setxy
INFO: [ app_init ] --START--
INFO: Run Behavior\BuildLiteBehavior [ RunTime:0.000035s ]
INFO: [ app_init ] --END-- [ RunTime:0.001422s ]
INFO: [ app_begin ] --START--
INFO: Run Behavior\ReadHtmlCacheBehavior [ RunTime:0.001328s ]
INFO: [ app_begin ] --END-- [ RunTime:0.001458s ]
SQL: SHOW COLUMNS FROM `phone` [ RunTime:0.0091s ]
NOTIC: [8] Undefined index: validate F:\Code\php\yuankong\ThinkPHP\Library\Think\Model.class.php 第 1185 行.
NOTIC: [8] Undefined index: auto F:\Code\php\yuankong\ThinkPHP\Library\Think\Model.class.php 第 1128 行.
SQL: UPDATE `phone` SET `x`='114.39875',`y`='30.53021' WHERE `No` = 1 [ RunTime:0.1033s ]
INFO: [ app_end ] --START--
INFO: Run Behavior\ShowPageTraceBehavior [ RunTime:0.001684s ]
INFO: [ app_end ] --END-- [ RunTime:0.001944s ]

[ 2016-04-23T09:56:55+08:00 ] 192.168.191.2 /yuankong/home/user/Add
INFO: [ app_init ] --START--
INFO: Run Behavior\BuildLiteBehavior [ RunTime:0.000038s ]
INFO: [ app_init ] --END-- [ RunTime:0.001529s ]
INFO: [ app_begin ] --START--
INFO: Run Behavior\ReadHtmlCacheBehavior [ RunTime:0.002072s ]
INFO: [ app_begin ] --END-- [ RunTime:0.002245s ]
SQL: SHOW COLUMNS FROM `user` [ RunTime:0.0088s ]
SQL: SELECT * FROM `user` WHERE `ClientID` = '30890d82d4fa5ea6e2971d61bdefd4de' LIMIT 1   [ RunTime:0.0013s ]
INFO: [ app_end ] --START--
INFO: Run Behavior\ShowPageTraceBehavior [ RunTime:0.001958s ]
INFO: [ app_end ] --END-- [ RunTime:0.002091s ]

[ 2016-04-23T09:57:24+08:00 ] 192.168.191.2 /yuankong/home/index/setxy
INFO: [ app_init ] --START--
INFO: Run Behavior\BuildLiteBehavior [ RunTime:0.000036s ]
INFO: [ app_init ] --END-- [ RunTime:0.001153s ]
INFO: [ app_begin ] --START--
INFO: Run Behavior\ReadHtmlCacheBehavior [ RunTime:0.001310s ]
INFO: [ app_begin ] --END-- [ RunTime:0.001434s ]
SQL: SHOW COLUMNS FROM `phone` [ RunTime:0.0332s ]
NOTIC: [8] Undefined index: validate F:\Code\php\yuankong\ThinkPHP\Library\Think\Model.class.php 第 1185 行.
NOTIC: [8] Undefined index: auto F:\Code\php\yuankong\ThinkPHP\Library\Think\Model.class.php 第 1128 行.
SQL: UPDATE `phone` SET `x`='114.39875',`y`='30.53021' WHERE `No` = 1 [ RunTime:0.0921s ]
INFO: [ app_end ] --START--
INFO: Run Behavior\ShowPageTraceBehavior [ RunTime:0.001777s ]
INFO: [ app_end ] --END-- [ RunTime:0.001909s ]

[ 2016-04-23T10:14:07+08:00 ] 192.168.191.2 /yuankong/home/user/Add
INFO: [ app_init ] --START--
INFO: Run Behavior\BuildLiteBehavior [ RunTime:0.000035s ]
INFO: [ app_init ] --END-- [ RunTime:0.001321s ]
INFO: [ app_begin ] --START--
INFO: Run Behavior\ReadHtmlCacheBehavior [ RunTime:0.001697s ]
INFO: [ app_begin ] --END-- [ RunTime:0.001844s ]
SQL: SHOW COLUMNS FROM `user` [ RunTime:0.0117s ]
SQL: SELECT * FROM `user` WHERE `ClientID` = '30890d82d4fa5ea6e2971d61bdefd4de' LIMIT 1   [ RunTime:0.0011s ]
INFO: [ app_end ] --START--
INFO: Run Behavior\ShowPageTraceBehavior [ RunTime:0.002080s ]
INFO: [ app_end ] --END-- [ RunTime:0.002239s ]

[ 2016-04-23T10:14:37+08:00 ] 192.168.191.2 /yuankong/home/index/setxy
INFO: [ app_init ] --START--
INFO: Run Behavior\BuildLiteBehavior [ RunTime:0.000033s ]
INFO: [ app_init ] --END-- [ RunTime:0.001103s ]
INFO: [ app_begin ] --START--
INFO: Run Behavior\ReadHtmlCacheBehavior [ RunTime:0.001527s ]
INFO: [ app_begin ] --END-- [ RunTime:0.001681s ]
SQL: SHOW COLUMNS FROM `phone` [ RunTime:0.0104s ]
NOTIC: [8] Undefined index: validate F:\Code\php\yuankong\ThinkPHP\Library\Think\Model.class.php 第 1185 行.
NOTIC: [8] Undefined index: auto F:\Code\php\yuankong\ThinkPHP\Library\Think\Model.class.php 第 1128 行.
SQL: UPDATE `phone` SET `x`='114.39875',`y`='30.53021' WHERE `No` = 1 [ RunTime:0.0900s ]
INFO: [ app_end ] --START--
INFO: Run Behavior\ShowPageTraceBehavior [ RunTime:0.001725s ]
INFO: [ app_end ] --END-- [ RunTime:0.001859s ]

[ 2016-04-23T10:19:58+08:00 ] ::1 /yuankong/index.php/Home/Index/often
INFO: [ app_init ] --START--
INFO: Run Behavior\BuildLiteBehavior [ RunTime:0.000037s ]
INFO: [ app_init ] --END-- [ RunTime:0.001310s ]
INFO: [ app_begin ] --START--
INFO: Run Behavior\ReadHtmlCacheBehavior [ RunTime:0.001793s ]
INFO: [ app_begin ] --END-- [ RunTime:0.001940s ]
SQL: SHOW COLUMNS FROM `often` [ RunTime:0.0125s ]
SQL: SHOW COLUMNS FROM `phone` [ RunTime:0.0112s ]
SQL: SELECT `path` FROM `often` WHERE ( id='1' ) LIMIT 1   [ RunTime:0.0008s ]
SQL: SELECT * FROM `often` WHERE ( tid='1' ) LIMIT 1   [ RunTime:0.0009s ]
SQL: SELECT * FROM `often` WHERE ( tid='1' ) LIMIT 1   [ RunTime:0.0011s ]
SQL: UPDATE `phone` SET `often`='0' WHERE `No` = 1 [ RunTime:0.0961s ]
SQL: SELECT * FROM `often` WHERE ( tid='1' )  [ RunTime:0.0034s ]
INFO: [ app_end ] --START--
INFO: Run Behavior\ShowPageTraceBehavior [ RunTime:0.002036s ]
INFO: [ app_end ] --END-- [ RunTime:0.002202s ]

[ 2016-04-23T10:20:02+08:00 ] ::1 /yuankong/index.php/Home/Index/often
INFO: [ app_init ] --START--
INFO: Run Behavior\BuildLiteBehavior [ RunTime:0.000035s ]
INFO: [ app_init ] --END-- [ RunTime:0.001085s ]
INFO: [ app_begin ] --START--
INFO: Run Behavior\ReadHtmlCacheBehavior [ RunTime:0.002155s ]
INFO: [ app_begin ] --END-- [ RunTime:0.002335s ]
SQL: SHOW COLUMNS FROM `often` [ RunTime:0.0133s ]
SQL: SHOW COLUMNS FROM `phone` [ RunTime:0.0103s ]
SQL: SELECT `path` FROM `often` WHERE ( id='3' ) LIMIT 1   [ RunTime:0.0007s ]
SQL: SELECT * FROM `often` WHERE ( tid='3' ) LIMIT 1   [ RunTime:0.0012s ]
SQL: SELECT * FROM `often` WHERE ( tid='3' ) LIMIT 1   [ RunTime:0.0011s ]
SQL: UPDATE `phone` SET `often`='0' WHERE `No` = 1 [ RunTime:0.0935s ]
SQL: SELECT * FROM `often` WHERE ( tid='3' )  [ RunTime:0.0028s ]
INFO: [ app_end ] --START--
INFO: Run Behavior\ShowPageTraceBehavior [ RunTime:0.001786s ]
INFO: [ app_end ] --END-- [ RunTime:0.001937s ]

[ 2016-04-23T10:24:35+08:00 ] ::1 /yuankong/index.php/Home/User/Map
INFO: [ app_init ] --START--
INFO: Run Behavior\BuildLiteBehavior [ RunTime:0.000062s ]
INFO: [ app_init ] --END-- [ RunTime:0.001751s ]
INFO: [ app_begin ] --START--
INFO: Run Behavior\ReadHtmlCacheBehavior [ RunTime:0.001888s ]
INFO: [ app_begin ] --END-- [ RunTime:0.002049s ]
NOTIC: [8] Use of undefined constant Map - assumed 'Map' F:\Code\php\yuankong\Ykong\Home\Controller\UserController.class.php 第 114 行.
INFO: [ view_parse ] --START--
INFO: [ template_filter ] --START--
INFO: Run Behavior\ContentReplaceBehavior [ RunTime:0.000213s ]
INFO: [ template_filter ] --END-- [ RunTime:0.000430s ]
INFO: Run Behavior\ParseTemplateBehavior [ RunTime:0.024776s ]
INFO: [ view_parse ] --END-- [ RunTime:0.024975s ]
INFO: [ view_filter ] --START--
INFO: Run Behavior\WriteHtmlCacheBehavior [ RunTime:0.002772s ]
INFO: [ view_filter ] --END-- [ RunTime:0.002936s ]
INFO: [ app_end ] --START--
INFO: Run Behavior\ShowPageTraceBehavior [ RunTime:0.002745s ]
INFO: [ app_end ] --END-- [ RunTime:0.002916s ]

[ 2016-04-23T10:24:37+08:00 ] ::1 /yuankong/home/index/getxy
INFO: [ app_init ] --START--
INFO: Run Behavior\BuildLiteBehavior [ RunTime:0.000047s ]
INFO: [ app_init ] --END-- [ RunTime:0.002021s ]
INFO: [ app_begin ] --START--
INFO: Run Behavior\ReadHtmlCacheBehavior [ RunTime:0.003676s ]
INFO: [ app_begin ] --END-- [ RunTime:0.003878s ]
SQL: SHOW COLUMNS FROM `phone` [ RunTime:0.0123s ]
SQL: SELECT `x`,`y` FROM `phone` WHERE ( No=1 ) LIMIT 1   [ RunTime:0.0010s ]
INFO: [ app_end ] --START--
INFO: Run Behavior\ShowPageTraceBehavior [ RunTime:0.002240s ]
INFO: [ app_end ] --END-- [ RunTime:0.002390s ]

[ 2016-04-23T10:24:37+08:00 ] ::1 /yuankong/home/user/getsession
INFO: [ app_init ] --START--
INFO: Run Behavior\BuildLiteBehavior [ RunTime:0.000042s ]
INFO: [ app_init ] --END-- [ RunTime:0.001730s ]
INFO: [ app_begin ] --START--
INFO: Run Behavior\ReadHtmlCacheBehavior [ RunTime:0.002314s ]
INFO: [ app_begin ] --END-- [ RunTime:0.002526s ]
INFO: [ app_end ] --START--
INFO: Run Behavior\ShowPageTraceBehavior [ RunTime:0.002884s ]
INFO: [ app_end ] --END-- [ RunTime:0.003051s ]

[ 2016-04-23T10:24:38+08:00 ] ::1 /yuankong/home/index/before
INFO: [ app_init ] --START--
INFO: Run Behavior\BuildLiteBehavior [ RunTime:0.000047s ]
INFO: [ app_init ] --END-- [ RunTime:0.001986s ]
INFO: [ app_begin ] --START--
INFO: Run Behavior\ReadHtmlCacheBehavior [ RunTime:0.003146s ]
INFO: [ app_begin ] --END-- [ RunTime:0.003332s ]
SQL: SHOW COLUMNS FROM `phone` [ RunTime:0.0159s ]
SQL: SHOW COLUMNS FROM `tree` [ RunTime:0.0129s ]
SQL: SELECT * FROM `tree` WHERE `text` = '手机存储' AND `tid` = 0 AND `state` = 'closed' AND `path` = '/storage/sdcard0' LIMIT 1   [ RunTime:0.0016s ]
SQL: SELECT * FROM `tree` WHERE `text` = 'SD卡' AND `tid` = 0 AND `state` = 'closed' AND `path` = '/storage/sdcard1' LIMIT 1   [ RunTime:0.0014s ]
SQL: UPDATE `phone` SET `read`='0' WHERE `No` = 1 [ RunTime:0.1553s ]
INFO: [ app_end ] --START--
INFO: Run Behavior\ShowPageTraceBehavior [ RunTime:0.001729s ]
INFO: [ app_end ] --END-- [ RunTime:0.001859s ]

[ 2016-04-23T10:24:38+08:00 ] ::1 /yuankong/index.php/Home/Index/tree
INFO: [ app_init ] --START--
INFO: Run Behavior\BuildLiteBehavior [ RunTime:0.000036s ]
INFO: [ app_init ] --END-- [ RunTime:0.001203s ]
INFO: [ app_begin ] --START--
INFO: Run Behavior\ReadHtmlCacheBehavior [ RunTime:0.002797s ]
INFO: [ app_begin ] --END-- [ RunTime:0.002966s ]
SQL: SHOW COLUMNS FROM `tree` [ RunTime:0.0110s ]
SQL: SHOW COLUMNS FROM `phone` [ RunTime:0.0117s ]
SQL: SELECT * FROM `tree` WHERE ( tid='0' )  [ RunTime:0.0012s ]
INFO: [ app_end ] --START--
INFO: Run Behavior\ShowPageTraceBehavior [ RunTime:0.001700s ]
INFO: [ app_end ] --END-- [ RunTime:0.001825s ]

[ 2016-04-23T10:24:38+08:00 ] ::1 /yuankong/index.php/Home/Index/often
INFO: [ app_init ] --START--
INFO: Run Behavior\BuildLiteBehavior [ RunTime:0.000038s ]
INFO: [ app_init ] --END-- [ RunTime:0.001432s ]
INFO: [ app_begin ] --START--
INFO: Run Behavior\ReadHtmlCacheBehavior [ RunTime:0.001662s ]
INFO: [ app_begin ] --END-- [ RunTime:0.001815s ]
SQL: SHOW COLUMNS FROM `often` [ RunTime:0.1144s ]
SQL: SHOW COLUMNS FROM `phone` [ RunTime:0.0129s ]
SQL: SELECT * FROM `often` WHERE ( tid='0' )  [ RunTime:0.0017s ]
INFO: [ app_end ] --START--
INFO: Run Behavior\ShowPageTraceBehavior [ RunTime:0.002060s ]
INFO: [ app_end ] --END-- [ RunTime:0.002207s ]

[ 2016-04-23T10:25:08+08:00 ] ::1 /yuankong/index.php/Home/User/Map
INFO: [ app_init ] --START--
INFO: Run Behavior\BuildLiteBehavior [ RunTime:0.000043s ]
INFO: [ app_init ] --END-- [ RunTime:0.001362s ]
INFO: [ app_begin ] --START--
INFO: Run Behavior\ReadHtmlCacheBehavior [ RunTime:0.002412s ]
INFO: [ app_begin ] --END-- [ RunTime:0.002614s ]
NOTIC: [8] Use of undefined constant Map - assumed 'Map' F:\Code\php\yuankong\Ykong\Home\Controller\UserController.class.php 第 114 行.
INFO: [ view_parse ] --START--
INFO: [ template_filter ] --START--
INFO: Run Behavior\ContentReplaceBehavior [ RunTime:0.000200s ]
INFO: [ template_filter ] --END-- [ RunTime:0.000352s ]
INFO: Run Behavior\ParseTemplateBehavior [ RunTime:0.030708s ]
INFO: [ view_parse ] --END-- [ RunTime:0.030892s ]
INFO: [ view_filter ] --START--
INFO: Run Behavior\WriteHtmlCacheBehavior [ RunTime:0.002681s ]
INFO: [ view_filter ] --END-- [ RunTime:0.002850s ]
INFO: [ app_end ] --START--
INFO: Run Behavior\ShowPageTraceBehavior [ RunTime:0.001927s ]
INFO: [ app_end ] --END-- [ RunTime:0.002062s ]

[ 2016-04-23T10:25:10+08:00 ] ::1 /yuankong/home/user/getsession
INFO: [ app_init ] --START--
INFO: Run Behavior\BuildLiteBehavior [ RunTime:0.000050s ]
INFO: [ app_init ] --END-- [ RunTime:0.001573s ]
INFO: [ app_begin ] --START--
INFO: Run Behavior\ReadHtmlCacheBehavior [ RunTime:0.001943s ]
INFO: [ app_begin ] --END-- [ RunTime:0.002121s ]
INFO: [ app_end ] --START--
INFO: Run Behavior\ShowPageTraceBehavior [ RunTime:0.003863s ]
INFO: [ app_end ] --END-- [ RunTime:0.004038s ]

[ 2016-04-23T10:25:10+08:00 ] ::1 /yuankong/home/index/getxy
INFO: [ app_init ] --START--
INFO: Run Behavior\BuildLiteBehavior [ RunTime:0.000042s ]
INFO: [ app_init ] --END-- [ RunTime:0.001515s ]
INFO: [ app_begin ] --START--
INFO: Run Behavior\ReadHtmlCacheBehavior [ RunTime:0.002047s ]
INFO: [ app_begin ] --END-- [ RunTime:0.002210s ]
SQL: SHOW COLUMNS FROM `phone` [ RunTime:0.0120s ]
SQL: SELECT `x`,`y` FROM `phone` WHERE ( No=1 ) LIMIT 1   [ RunTime:0.0012s ]
INFO: [ app_end ] --START--
INFO: Run Behavior\ShowPageTraceBehavior [ RunTime:0.002269s ]
INFO: [ app_end ] --END-- [ RunTime:0.002420s ]

[ 2016-04-23T10:25:10+08:00 ] ::1 /yuankong/home/index/before
INFO: [ app_init ] --START--
INFO: Run Behavior\BuildLiteBehavior [ RunTime:0.000038s ]
INFO: [ app_init ] --END-- [ RunTime:0.001134s ]
INFO: [ app_begin ] --START--
INFO: Run Behavior\ReadHtmlCacheBehavior [ RunTime:0.002039s ]
INFO: [ app_begin ] --END-- [ RunTime:0.002264s ]
SQL: SHOW COLUMNS FROM `phone` [ RunTime:0.0118s ]
SQL: SHOW COLUMNS FROM `tree` [ RunTime:0.0119s ]
SQL: SELECT * FROM `tree` WHERE `text` = '手机存储' AND `tid` = 0 AND `state` = 'closed' AND `path` = '/storage/sdcard0' LIMIT 1   [ RunTime:0.0011s ]
SQL: SELECT * FROM `tree` WHERE `text` = 'SD卡' AND `tid` = 0 AND `state` = 'closed' AND `path` = '/storage/sdcard1' LIMIT 1   [ RunTime:0.0012s ]
SQL: UPDATE `phone` SET `read`='0' WHERE `No` = 1 [ RunTime:0.2538s ]
INFO: [ app_end ] --START--
INFO: Run Behavior\ShowPageTraceBehavior [ RunTime:0.002378s ]
INFO: [ app_end ] --END-- [ RunTime:0.002591s ]

[ 2016-04-23T10:25:10+08:00 ] ::1 /yuankong/index.php/Home/Index/tree
INFO: [ app_init ] --START--
INFO: Run Behavior\BuildLiteBehavior [ RunTime:0.000042s ]
INFO: [ app_init ] --END-- [ RunTime:0.001774s ]
INFO: [ app_begin ] --START--
INFO: Run Behavior\ReadHtmlCacheBehavior [ RunTime:0.001472s ]
INFO: [ app_begin ] --END-- [ RunTime:0.001636s ]
SQL: SHOW COLUMNS FROM `tree` [ RunTime:0.0130s ]
SQL: SHOW COLUMNS FROM `phone` [ RunTime:0.0117s ]
SQL: SELECT * FROM `tree` WHERE ( tid='0' )  [ RunTime:0.0013s ]
INFO: [ app_end ] --START--
INFO: Run Behavior\ShowPageTraceBehavior [ RunTime:0.001974s ]
INFO: [ app_end ] --END-- [ RunTime:0.002127s ]

[ 2016-04-23T10:25:10+08:00 ] ::1 /yuankong/index.php/Home/Index/often
INFO: [ app_init ] --START--
INFO: Run Behavior\BuildLiteBehavior [ RunTime:0.000040s ]
INFO: [ app_init ] --END-- [ RunTime:0.001291s ]
INFO: [ app_begin ] --START--
INFO: Run Behavior\ReadHtmlCacheBehavior [ RunTime:0.001634s ]
INFO: [ app_begin ] --END-- [ RunTime:0.001803s ]
SQL: SHOW COLUMNS FROM `often` [ RunTime:0.0113s ]
SQL: SHOW COLUMNS FROM `phone` [ RunTime:0.0111s ]
SQL: SELECT * FROM `often` WHERE ( tid='0' )  [ RunTime:0.0016s ]
INFO: [ app_end ] --START--
INFO: Run Behavior\ShowPageTraceBehavior [ RunTime:0.001860s ]
INFO: [ app_end ] --END-- [ RunTime:0.002012s ]

[ 2016-04-23T10:28:16+08:00 ] ::1 /yuankong/index.php/Home/User/Map
INFO: [ app_init ] --START--
INFO: Run Behavior\BuildLiteBehavior [ RunTime:0.000046s ]
INFO: [ app_init ] --END-- [ RunTime:0.001656s ]
INFO: [ app_begin ] --START--
INFO: Run Behavior\ReadHtmlCacheBehavior [ RunTime:0.002223s ]
INFO: [ app_begin ] --END-- [ RunTime:0.002415s ]
NOTIC: [8] Use of undefined constant Map - assumed 'Map' F:\Code\php\yuankong\Ykong\Home\Controller\UserController.class.php 第 114 行.
INFO: [ view_parse ] --START--
INFO: [ template_filter ] --START--
INFO: Run Behavior\ContentReplaceBehavior [ RunTime:0.000186s ]
INFO: [ template_filter ] --END-- [ RunTime:0.000467s ]
INFO: Run Behavior\ParseTemplateBehavior [ RunTime:0.022862s ]
INFO: [ view_parse ] --END-- [ RunTime:0.023025s ]
INFO: [ view_filter ] --START--
INFO: Run Behavior\WriteHtmlCacheBehavior [ RunTime:0.001268s ]
INFO: [ view_filter ] --END-- [ RunTime:0.001417s ]
INFO: [ app_end ] --START--
INFO: Run Behavior\ShowPageTraceBehavior [ RunTime:0.002955s ]
INFO: [ app_end ] --END-- [ RunTime:0.003122s ]

[ 2016-04-23T10:28:18+08:00 ] ::1 /yuankong/home/index/getxy
INFO: [ app_init ] --START--
INFO: Run Behavior\BuildLiteBehavior [ RunTime:0.000045s ]
INFO: [ app_init ] --END-- [ RunTime:0.001403s ]
INFO: [ app_begin ] --START--
INFO: Run Behavior\ReadHtmlCacheBehavior [ RunTime:0.003342s ]
INFO: [ app_begin ] --END-- [ RunTime:0.003518s ]
SQL: SHOW COLUMNS FROM `phone` [ RunTime:0.0122s ]
SQL: SELECT `x`,`y` FROM `phone` WHERE ( No=1 ) LIMIT 1   [ RunTime:0.0014s ]
INFO: [ app_end ] --START--
INFO: Run Behavior\ShowPageTraceBehavior [ RunTime:0.001945s ]
INFO: [ app_end ] --END-- [ RunTime:0.002108s ]

[ 2016-04-23T10:28:18+08:00 ] ::1 /yuankong/home/user/getsession
INFO: [ app_init ] --START--
INFO: Run Behavior\BuildLiteBehavior [ RunTime:0.000043s ]
INFO: [ app_init ] --END-- [ RunTime:0.001500s ]
INFO: [ app_begin ] --START--
INFO: Run Behavior\ReadHtmlCacheBehavior [ RunTime:0.002989s ]
INFO: [ app_begin ] --END-- [ RunTime:0.003163s ]
INFO: [ app_end ] --START--
INFO: Run Behavior\ShowPageTraceBehavior [ RunTime:0.002631s ]
INFO: [ app_end ] --END-- [ RunTime:0.002820s ]

[ 2016-04-23T10:28:19+08:00 ] ::1 /yuankong/home/index/before
INFO: [ app_init ] --START--
INFO: Run Behavior\BuildLiteBehavior [ RunTime:0.000056s ]
INFO: [ app_init ] --END-- [ RunTime:0.001570s ]
INFO: [ app_begin ] --START--
INFO: Run Behavior\ReadHtmlCacheBehavior [ RunTime:0.002296s ]
INFO: [ app_begin ] --END-- [ RunTime:0.002471s ]
SQL: SHOW COLUMNS FROM `phone` [ RunTime:0.0138s ]
SQL: SHOW COLUMNS FROM `tree` [ RunTime:0.0139s ]
SQL: SELECT * FROM `tree` WHERE `text` = '手机存储' AND `tid` = 0 AND `state` = 'closed' AND `path` = '/storage/sdcard0' LIMIT 1   [ RunTime:0.0015s ]
SQL: SELECT * FROM `tree` WHERE `text` = 'SD卡' AND `tid` = 0 AND `state` = 'closed' AND `path` = '/storage/sdcard1' LIMIT 1   [ RunTime:0.0020s ]
SQL: UPDATE `phone` SET `read`='0' WHERE `No` = 1 [ RunTime:0.4140s ]
INFO: [ app_end ] --START--
INFO: Run Behavior\ShowPageTraceBehavior [ RunTime:0.001942s ]
INFO: [ app_end ] --END-- [ RunTime:0.002095s ]

[ 2016-04-23T10:28:19+08:00 ] ::1 /yuankong/index.php/Home/Index/often
INFO: [ app_init ] --START--
INFO: Run Behavior\BuildLiteBehavior [ RunTime:0.000040s ]
INFO: [ app_init ] --END-- [ RunTime:0.001314s ]
INFO: [ app_begin ] --START--
INFO: Run Behavior\ReadHtmlCacheBehavior [ RunTime:0.001917s ]
INFO: [ app_begin ] --END-- [ RunTime:0.002127s ]
SQL: SHOW COLUMNS FROM `often` [ RunTime:0.0147s ]
SQL: SHOW COLUMNS FROM `phone` [ RunTime:0.0141s ]
SQL: SELECT * FROM `often` WHERE ( tid='0' )  [ RunTime:0.0020s ]
INFO: [ app_end ] --START--
INFO: Run Behavior\ShowPageTraceBehavior [ RunTime:0.001946s ]
INFO: [ app_end ] --END-- [ RunTime:0.002127s ]

[ 2016-04-23T10:28:19+08:00 ] ::1 /yuankong/index.php/Home/Index/tree
INFO: [ app_init ] --START--
INFO: Run Behavior\BuildLiteBehavior [ RunTime:0.000039s ]
INFO: [ app_init ] --END-- [ RunTime:0.001309s ]
INFO: [ app_begin ] --START--
INFO: Run Behavior\ReadHtmlCacheBehavior [ RunTime:0.001920s ]
INFO: [ app_begin ] --END-- [ RunTime:0.002090s ]
SQL: SHOW COLUMNS FROM `tree` [ RunTime:0.0132s ]
SQL: SHOW COLUMNS FROM `phone` [ RunTime:0.0145s ]
SQL: SELECT * FROM `tree` WHERE ( tid='0' )  [ RunTime:0.0018s ]
INFO: [ app_end ] --START--
INFO: Run Behavior\ShowPageTraceBehavior [ RunTime:0.002159s ]
INFO: [ app_end ] --END-- [ RunTime:0.002320s ]

[ 2016-04-23T10:39:59+08:00 ] ::1 /yuankong/index.php/Home/User/Map
INFO: [ app_init ] --START--
INFO: Run Behavior\BuildLiteBehavior [ RunTime:0.000038s ]
INFO: [ app_init ] --END-- [ RunTime:0.001396s ]
INFO: [ app_begin ] --START--
INFO: Run Behavior\ReadHtmlCacheBehavior [ RunTime:0.002103s ]
INFO: [ app_begin ] --END-- [ RunTime:0.002274s ]
NOTIC: [8] Use of undefined constant Map - assumed 'Map' F:\Code\php\yuankong\Ykong\Home\Controller\UserController.class.php 第 114 行.
INFO: [ view_parse ] --START--
INFO: [ template_filter ] --START--
INFO: Run Behavior\ContentReplaceBehavior [ RunTime:0.000199s ]
INFO: [ template_filter ] --END-- [ RunTime:0.000346s ]
INFO: Run Behavior\ParseTemplateBehavior [ RunTime:0.021626s ]
INFO: [ view_parse ] --END-- [ RunTime:0.021778s ]
INFO: [ view_filter ] --START--
INFO: Run Behavior\WriteHtmlCacheBehavior [ RunTime:0.001274s ]
INFO: [ view_filter ] --END-- [ RunTime:0.001391s ]
INFO: [ app_end ] --START--
INFO: Run Behavior\ShowPageTraceBehavior [ RunTime:0.001538s ]
INFO: [ app_end ] --END-- [ RunTime:0.001647s ]

[ 2016-04-23T10:40:01+08:00 ] ::1 /yuankong/home/user/getsession
INFO: [ app_init ] --START--
INFO: Run Behavior\BuildLiteBehavior [ RunTime:0.000043s ]
INFO: [ app_init ] --END-- [ RunTime:0.001604s ]
INFO: [ app_begin ] --START--
INFO: Run Behavior\ReadHtmlCacheBehavior [ RunTime:0.002108s ]
INFO: [ app_begin ] --END-- [ RunTime:0.002295s ]
INFO: [ app_end ] --START--
INFO: Run Behavior\ShowPageTraceBehavior [ RunTime:0.003926s ]
INFO: [ app_end ] --END-- [ RunTime:0.004099s ]

[ 2016-04-23T10:40:01+08:00 ] ::1 /yuankong/home/index/getxy
INFO: [ app_init ] --START--
INFO: Run Behavior\BuildLiteBehavior [ RunTime:0.000039s ]
INFO: [ app_init ] --END-- [ RunTime:0.001383s ]
INFO: [ app_begin ] --START--
INFO: Run Behavior\ReadHtmlCacheBehavior [ RunTime:0.001831s ]
INFO: [ app_begin ] --END-- [ RunTime:0.001980s ]
SQL: SHOW COLUMNS FROM `phone` [ RunTime:0.0113s ]
SQL: SELECT `x`,`y` FROM `phone` WHERE ( No=1 ) LIMIT 1   [ RunTime:0.0009s ]
INFO: [ app_end ] --START--
INFO: Run Behavior\ShowPageTraceBehavior [ RunTime:0.001978s ]
INFO: [ app_end ] --END-- [ RunTime:0.002122s ]

[ 2016-04-23T10:40:01+08:00 ] ::1 /yuankong/home/index/before
INFO: [ app_init ] --START--
INFO: Run Behavior\BuildLiteBehavior [ RunTime:0.000043s ]
INFO: [ app_init ] --END-- [ RunTime:0.001409s ]
INFO: [ app_begin ] --START--
INFO: Run Behavior\ReadHtmlCacheBehavior [ RunTime:0.001371s ]
INFO: [ app_begin ] --END-- [ RunTime:0.001513s ]
SQL: SHOW COLUMNS FROM `phone` [ RunTime:0.0110s ]
SQL: SHOW COLUMNS FROM `tree` [ RunTime:0.0122s ]
SQL: SELECT * FROM `tree` WHERE `text` = '手机存储' AND `tid` = 0 AND `state` = 'closed' AND `path` = '/storage/sdcard0' LIMIT 1   [ RunTime:0.0013s ]
SQL: SELECT * FROM `tree` WHERE `text` = 'SD卡' AND `tid` = 0 AND `state` = 'closed' AND `path` = '/storage/sdcard1' LIMIT 1   [ RunTime:0.0013s ]
SQL: UPDATE `phone` SET `read`='0' WHERE `No` = 1 [ RunTime:0.2102s ]
INFO: [ app_end ] --START--
INFO: Run Behavior\ShowPageTraceBehavior [ RunTime:0.001896s ]
INFO: [ app_end ] --END-- [ RunTime:0.002052s ]

[ 2016-04-23T10:40:02+08:00 ] ::1 /yuankong/index.php/Home/Index/tree
INFO: [ app_init ] --START--
INFO: Run Behavior\BuildLiteBehavior [ RunTime:0.000037s ]
INFO: [ app_init ] --END-- [ RunTime:0.001166s ]
INFO: [ app_begin ] --START--
INFO: Run Behavior\ReadHtmlCacheBehavior [ RunTime:0.001461s ]
INFO: [ app_begin ] --END-- [ RunTime:0.001610s ]
SQL: SHOW COLUMNS FROM `tree` [ RunTime:0.0133s ]
SQL: SHOW COLUMNS FROM `phone` [ RunTime:0.0126s ]
SQL: SELECT * FROM `tree` WHERE ( tid='0' )  [ RunTime:0.0012s ]
INFO: [ app_end ] --START--
INFO: Run Behavior\ShowPageTraceBehavior [ RunTime:0.001742s ]
INFO: [ app_end ] --END-- [ RunTime:0.001880s ]

[ 2016-04-23T10:40:02+08:00 ] ::1 /yuankong/index.php/Home/Index/often
INFO: [ app_init ] --START--
INFO: Run Behavior\BuildLiteBehavior [ RunTime:0.000034s ]
INFO: [ app_init ] --END-- [ RunTime:0.001102s ]
INFO: [ app_begin ] --START--
INFO: Run Behavior\ReadHtmlCacheBehavior [ RunTime:0.001562s ]
INFO: [ app_begin ] --END-- [ RunTime:0.001728s ]
SQL: SHOW COLUMNS FROM `often` [ RunTime:0.0116s ]
SQL: SHOW COLUMNS FROM `phone` [ RunTime:0.0119s ]
SQL: SELECT * FROM `often` WHERE ( tid='0' )  [ RunTime:0.0015s ]
INFO: [ app_end ] --START--
INFO: Run Behavior\ShowPageTraceBehavior [ RunTime:0.001717s ]
INFO: [ app_end ] --END-- [ RunTime:0.001852s ]

[ 2016-04-23T10:40:09+08:00 ] ::1 /yuankong/index.php/Home/Index/often
INFO: [ app_init ] --START--
INFO: Run Behavior\BuildLiteBehavior [ RunTime:0.000041s ]
INFO: [ app_init ] --END-- [ RunTime:0.001104s ]
INFO: [ app_begin ] --START--
INFO: Run Behavior\ReadHtmlCacheBehavior [ RunTime:0.001319s ]
INFO: [ app_begin ] --END-- [ RunTime:0.001433s ]
SQL: SHOW COLUMNS FROM `often` [ RunTime:0.0098s ]
SQL: SHOW COLUMNS FROM `phone` [ RunTime:0.0105s ]
SQL: SELECT `path` FROM `often` WHERE ( id='2' ) LIMIT 1   [ RunTime:0.0008s ]
SQL: SELECT * FROM `often` WHERE ( tid='2' ) LIMIT 1   [ RunTime:0.0010s ]
SQL: SELECT * FROM `often` WHERE ( tid='2' ) LIMIT 1   [ RunTime:0.0010s ]
SQL: UPDATE `phone` SET `often`='0' WHERE `No` = 1 [ RunTime:0.1421s ]
SQL: SELECT * FROM `often` WHERE ( tid='2' )  [ RunTime:0.0026s ]
INFO: [ app_end ] --START--
INFO: Run Behavior\ShowPageTraceBehavior [ RunTime:0.001902s ]
INFO: [ app_end ] --END-- [ RunTime:0.002067s ]

[ 2016-04-23T10:40:35+08:00 ] ::1 /yuankong/index.php/Home/User/Map
INFO: [ app_init ] --START--
INFO: Run Behavior\BuildLiteBehavior [ RunTime:0.000047s ]
INFO: [ app_init ] --END-- [ RunTime:0.001883s ]
INFO: [ app_begin ] --START--
INFO: Run Behavior\ReadHtmlCacheBehavior [ RunTime:0.001854s ]
INFO: [ app_begin ] --END-- [ RunTime:0.002036s ]
NOTIC: [8] Use of undefined constant Map - assumed 'Map' F:\Code\php\yuankong\Ykong\Home\Controller\UserController.class.php 第 114 行.
INFO: [ view_parse ] --START--
INFO: [ template_filter ] --START--
INFO: Run Behavior\ContentReplaceBehavior [ RunTime:0.000197s ]
INFO: [ template_filter ] --END-- [ RunTime:0.000350s ]
INFO: Run Behavior\ParseTemplateBehavior [ RunTime:0.022590s ]
INFO: [ view_parse ] --END-- [ RunTime:0.022794s ]
INFO: [ view_filter ] --START--
INFO: Run Behavior\WriteHtmlCacheBehavior [ RunTime:0.001744s ]
INFO: [ view_filter ] --END-- [ RunTime:0.002455s ]
INFO: [ app_end ] --START--
INFO: Run Behavior\ShowPageTraceBehavior [ RunTime:0.003362s ]
INFO: [ app_end ] --END-- [ RunTime:0.003536s ]

[ 2016-04-23T10:40:37+08:00 ] ::1 /yuankong/home/user/getsession
INFO: [ app_init ] --START--
INFO: Run Behavior\BuildLiteBehavior [ RunTime:0.000043s ]
INFO: [ app_init ] --END-- [ RunTime:0.001441s ]
INFO: [ app_begin ] --START--
INFO: Run Behavior\ReadHtmlCacheBehavior [ RunTime:0.001933s ]
INFO: [ app_begin ] --END-- [ RunTime:0.002110s ]
INFO: [ app_end ] --START--
INFO: Run Behavior\ShowPageTraceBehavior [ RunTime:0.002063s ]
INFO: [ app_end ] --END-- [ RunTime:0.002236s ]

[ 2016-04-23T10:40:37+08:00 ] ::1 /yuankong/home/index/getxy
INFO: [ app_init ] --START--
INFO: Run Behavior\BuildLiteBehavior [ RunTime:0.000038s ]
INFO: [ app_init ] --END-- [ RunTime:0.001200s ]
INFO: [ app_begin ] --START--
INFO: Run Behavior\ReadHtmlCacheBehavior [ RunTime:0.001407s ]
INFO: [ app_begin ] --END-- [ RunTime:0.001547s ]
SQL: SHOW COLUMNS FROM `phone` [ RunTime:0.0111s ]
SQL: SELECT `x`,`y` FROM `phone` WHERE ( No=1 ) LIMIT 1   [ RunTime:0.0012s ]
INFO: [ app_end ] --START--
INFO: Run Behavior\ShowPageTraceBehavior [ RunTime:0.002181s ]
INFO: [ app_end ] --END-- [ RunTime:0.002333s ]

[ 2016-04-23T10:40:37+08:00 ] ::1 /yuankong/home/index/before
INFO: [ app_init ] --START--
INFO: Run Behavior\BuildLiteBehavior [ RunTime:0.000045s ]
INFO: [ app_init ] --END-- [ RunTime:0.001460s ]
INFO: [ app_begin ] --START--
INFO: Run Behavior\ReadHtmlCacheBehavior [ RunTime:0.001701s ]
INFO: [ app_begin ] --END-- [ RunTime:0.001872s ]
SQL: SHOW COLUMNS FROM `phone` [ RunTime:0.0109s ]
SQL: SHOW COLUMNS FROM `tree` [ RunTime:0.0113s ]
SQL: SELECT * FROM `tree` WHERE `text` = '手机存储' AND `tid` = 0 AND `state` = 'closed' AND `path` = '/storage/sdcard0' LIMIT 1   [ RunTime:0.0012s ]
SQL: SELECT * FROM `tree` WHERE `text` = 'SD卡' AND `tid` = 0 AND `state` = 'closed' AND `path` = '/storage/sdcard1' LIMIT 1   [ RunTime:0.0012s ]
SQL: UPDATE `phone` SET `read`='0' WHERE `No` = 1 [ RunTime:0.2023s ]
INFO: [ app_end ] --START--
INFO: Run Behavior\ShowPageTraceBehavior [ RunTime:0.001906s ]
INFO: [ app_end ] --END-- [ RunTime:0.002057s ]

[ 2016-04-23T10:40:38+08:00 ] ::1 /yuankong/index.php/Home/Index/tree
INFO: [ app_init ] --START--
INFO: Run Behavior\BuildLiteBehavior [ RunTime:0.000043s ]
INFO: [ app_init ] --END-- [ RunTime:0.001284s ]
INFO: [ app_begin ] --START--
INFO: Run Behavior\ReadHtmlCacheBehavior [ RunTime:0.001572s ]
INFO: [ app_begin ] --END-- [ RunTime:0.001749s ]
SQL: SHOW COLUMNS FROM `tree` [ RunTime:0.0129s ]
SQL: SHOW COLUMNS FROM `phone` [ RunTime:0.0124s ]
SQL: SELECT * FROM `tree` WHERE ( tid='0' )  [ RunTime:0.0014s ]
INFO: [ app_end ] --START--
INFO: Run Behavior\ShowPageTraceBehavior [ RunTime:0.001744s ]
INFO: [ app_end ] --END-- [ RunTime:0.001880s ]

[ 2016-04-23T10:40:38+08:00 ] ::1 /yuankong/index.php/Home/Index/often
INFO: [ app_init ] --START--
INFO: Run Behavior\BuildLiteBehavior [ RunTime:0.000042s ]
INFO: [ app_init ] --END-- [ RunTime:0.001742s ]
INFO: [ app_begin ] --START--
INFO: Run Behavior\ReadHtmlCacheBehavior [ RunTime:0.002339s ]
INFO: [ app_begin ] --END-- [ RunTime:0.002560s ]
SQL: SHOW COLUMNS FROM `often` [ RunTime:0.0117s ]
SQL: SHOW COLUMNS FROM `phone` [ RunTime:0.0121s ]
SQL: SELECT * FROM `often` WHERE ( tid='0' )  [ RunTime:0.0016s ]
INFO: [ app_end ] --START--
INFO: Run Behavior\ShowPageTraceBehavior [ RunTime:0.002240s ]
INFO: [ app_end ] --END-- [ RunTime:0.002386s ]

[ 2016-04-23T10:40:45+08:00 ] ::1 /yuankong/index.php/Home/Index/often
INFO: [ app_init ] --START--
INFO: Run Behavior\BuildLiteBehavior [ RunTime:0.000054s ]
INFO: [ app_init ] --END-- [ RunTime:0.002073s ]
INFO: [ app_begin ] --START--
INFO: Run Behavior\ReadHtmlCacheBehavior [ RunTime:0.001904s ]
INFO: [ app_begin ] --END-- [ RunTime:0.002075s ]
SQL: SHOW COLUMNS FROM `often` [ RunTime:0.0102s ]
SQL: SHOW COLUMNS FROM `phone` [ RunTime:0.0099s ]
SQL: SELECT `path` FROM `often` WHERE ( id='3' ) LIMIT 1   [ RunTime:0.0007s ]
SQL: SELECT * FROM `often` WHERE ( tid='3' ) LIMIT 1   [ RunTime:0.0011s ]
SQL: SELECT * FROM `often` WHERE ( tid='3' ) LIMIT 1   [ RunTime:0.0014s ]
SQL: UPDATE `phone` SET `often`='0' WHERE `No` = 1 [ RunTime:0.0720s ]
SQL: SELECT * FROM `often` WHERE ( tid='3' )  [ RunTime:0.0022s ]
INFO: [ app_end ] --START--
INFO: Run Behavior\ShowPageTraceBehavior [ RunTime:0.002053s ]
INFO: [ app_end ] --END-- [ RunTime:0.002195s ]

[ 2016-04-23T10:42:51+08:00 ] ::1 /yuankong/index.php/Home/User/Map
INFO: [ app_init ] --START--
INFO: Run Behavior\BuildLiteBehavior [ RunTime:0.000044s ]
INFO: [ app_init ] --END-- [ RunTime:0.001600s ]
INFO: [ app_begin ] --START--
INFO: Run Behavior\ReadHtmlCacheBehavior [ RunTime:0.002108s ]
INFO: [ app_begin ] --END-- [ RunTime:0.002312s ]
NOTIC: [8] Use of undefined constant Map - assumed 'Map' F:\Code\php\yuankong\Ykong\Home\Controller\UserController.class.php 第 114 行.
INFO: [ view_parse ] --START--
INFO: [ template_filter ] --START--
INFO: Run Behavior\ContentReplaceBehavior [ RunTime:0.000177s ]
INFO: [ template_filter ] --END-- [ RunTime:0.000322s ]
INFO: Run Behavior\ParseTemplateBehavior [ RunTime:0.022755s ]
INFO: [ view_parse ] --END-- [ RunTime:0.022919s ]
INFO: [ view_filter ] --START--
INFO: Run Behavior\WriteHtmlCacheBehavior [ RunTime:0.001518s ]
INFO: [ view_filter ] --END-- [ RunTime:0.001653s ]
INFO: [ app_end ] --START--
INFO: Run Behavior\ShowPageTraceBehavior [ RunTime:0.001715s ]
INFO: [ app_end ] --END-- [ RunTime:0.001854s ]

[ 2016-04-23T10:42:53+08:00 ] ::1 /yuankong/home/user/getsession
INFO: [ app_init ] --START--
INFO: Run Behavior\BuildLiteBehavior [ RunTime:0.000043s ]
INFO: [ app_init ] --END-- [ RunTime:0.001681s ]
INFO: [ app_begin ] --START--
INFO: Run Behavior\ReadHtmlCacheBehavior [ RunTime:0.002063s ]
INFO: [ app_begin ] --END-- [ RunTime:0.002245s ]
INFO: [ app_end ] --START--
INFO: Run Behavior\ShowPageTraceBehavior [ RunTime:0.002319s ]
INFO: [ app_end ] --END-- [ RunTime:0.002513s ]

[ 2016-04-23T10:42:53+08:00 ] ::1 /yuankong/home/index/getxy
INFO: [ app_init ] --START--
INFO: Run Behavior\BuildLiteBehavior [ RunTime:0.000069s ]
INFO: [ app_init ] --END-- [ RunTime:0.001395s ]
INFO: [ app_begin ] --START--
INFO: Run Behavior\ReadHtmlCacheBehavior [ RunTime:0.001807s ]
INFO: [ app_begin ] --END-- [ RunTime:0.001967s ]
SQL: SHOW COLUMNS FROM `phone` [ RunTime:0.0115s ]
SQL: SELECT `x`,`y` FROM `phone` WHERE ( No=1 ) LIMIT 1   [ RunTime:0.0011s ]
INFO: [ app_end ] --START--
INFO: Run Behavior\ShowPageTraceBehavior [ RunTime:0.002108s ]
INFO: [ app_end ] --END-- [ RunTime:0.002263s ]

[ 2016-04-23T10:42:54+08:00 ] ::1 /yuankong/home/index/before
INFO: [ app_init ] --START--
INFO: Run Behavior\BuildLiteBehavior [ RunTime:0.000045s ]
INFO: [ app_init ] --END-- [ RunTime:0.001339s ]
INFO: [ app_begin ] --START--
INFO: Run Behavior\ReadHtmlCacheBehavior [ RunTime:0.001415s ]
INFO: [ app_begin ] --END-- [ RunTime:0.001554s ]
SQL: SHOW COLUMNS FROM `phone` [ RunTime:0.0109s ]
SQL: SHOW COLUMNS FROM `tree` [ RunTime:0.0115s ]
SQL: SELECT * FROM `tree` WHERE `text` = '手机存储' AND `tid` = 0 AND `state` = 'closed' AND `path` = '/storage/sdcard0' LIMIT 1   [ RunTime:0.0010s ]
SQL: SELECT * FROM `tree` WHERE `text` = 'SD卡' AND `tid` = 0 AND `state` = 'closed' AND `path` = '/storage/sdcard1' LIMIT 1   [ RunTime:0.0008s ]
SQL: UPDATE `phone` SET `read`='0' WHERE `No` = 1 [ RunTime:0.2305s ]
INFO: [ app_end ] --START--
INFO: Run Behavior\ShowPageTraceBehavior [ RunTime:0.001919s ]
INFO: [ app_end ] --END-- [ RunTime:0.002088s ]

[ 2016-04-23T10:42:54+08:00 ] ::1 /yuankong/index.php/Home/Index/tree
INFO: [ app_init ] --START--
INFO: Run Behavior\BuildLiteBehavior [ RunTime:0.000047s ]
INFO: [ app_init ] --END-- [ RunTime:0.001525s ]
INFO: [ app_begin ] --START--
INFO: Run Behavior\ReadHtmlCacheBehavior [ RunTime:0.001754s ]
INFO: [ app_begin ] --END-- [ RunTime:0.001924s ]
SQL: SHOW COLUMNS FROM `tree` [ RunTime:0.0162s ]
SQL: SHOW COLUMNS FROM `phone` [ RunTime:0.0142s ]
SQL: SELECT * FROM `tree` WHERE ( tid='0' )  [ RunTime:0.0018s ]
INFO: [ app_end ] --START--
INFO: Run Behavior\ShowPageTraceBehavior [ RunTime:0.002017s ]
INFO: [ app_end ] --END-- [ RunTime:0.002170s ]

[ 2016-04-23T10:42:54+08:00 ] ::1 /yuankong/index.php/Home/Index/often
INFO: [ app_init ] --START--
INFO: Run Behavior\BuildLiteBehavior [ RunTime:0.000044s ]
INFO: [ app_init ] --END-- [ RunTime:0.001523s ]
INFO: [ app_begin ] --START--
INFO: Run Behavior\ReadHtmlCacheBehavior [ RunTime:0.001650s ]
INFO: [ app_begin ] --END-- [ RunTime:0.001810s ]
SQL: SHOW COLUMNS FROM `often` [ RunTime:0.0119s ]
SQL: SHOW COLUMNS FROM `phone` [ RunTime:0.0120s ]
SQL: SELECT * FROM `often` WHERE ( tid='0' )  [ RunTime:0.0018s ]
INFO: [ app_end ] --START--
INFO: Run Behavior\ShowPageTraceBehavior [ RunTime:0.002252s ]
INFO: [ app_end ] --END-- [ RunTime:0.002506s ]

[ 2016-04-23T10:44:35+08:00 ] ::1 /yuankong/index.php/Home/User/Map
INFO: [ app_init ] --START--
INFO: Run Behavior\BuildLiteBehavior [ RunTime:0.000048s ]
INFO: [ app_init ] --END-- [ RunTime:0.001618s ]
INFO: [ app_begin ] --START--
INFO: Run Behavior\ReadHtmlCacheBehavior [ RunTime:0.002977s ]
INFO: [ app_begin ] --END-- [ RunTime:0.003157s ]
NOTIC: [8] Use of undefined constant Map - assumed 'Map' F:\Code\php\yuankong\Ykong\Home\Controller\UserController.class.php 第 114 行.
INFO: [ view_parse ] --START--
INFO: [ template_filter ] --START--
INFO: Run Behavior\ContentReplaceBehavior [ RunTime:0.000240s ]
INFO: [ template_filter ] --END-- [ RunTime:0.000469s ]
INFO: Run Behavior\ParseTemplateBehavior [ RunTime:0.022812s ]
INFO: [ view_parse ] --END-- [ RunTime:0.022984s ]
INFO: [ view_filter ] --START--
INFO: Run Behavior\WriteHtmlCacheBehavior [ RunTime:0.001992s ]
INFO: [ view_filter ] --END-- [ RunTime:0.002177s ]
INFO: [ app_end ] --START--
INFO: Run Behavior\ShowPageTraceBehavior [ RunTime:0.002314s ]
INFO: [ app_end ] --END-- [ RunTime:0.002489s ]

[ 2016-04-23T10:44:36+08:00 ] ::1 /yuankong/home/user/getsession
INFO: [ app_init ] --START--
INFO: Run Behavior\BuildLiteBehavior [ RunTime:0.000063s ]
INFO: [ app_init ] --END-- [ RunTime:0.001442s ]
INFO: [ app_begin ] --START--
INFO: Run Behavior\ReadHtmlCacheBehavior [ RunTime:0.001788s ]
INFO: [ app_begin ] --END-- [ RunTime:0.001965s ]
INFO: [ app_end ] --START--
INFO: Run Behavior\ShowPageTraceBehavior [ RunTime:0.001586s ]
INFO: [ app_end ] --END-- [ RunTime:0.001737s ]

[ 2016-04-23T10:44:37+08:00 ] ::1 /yuankong/home/index/getxy
INFO: [ app_init ] --START--
INFO: Run Behavior\BuildLiteBehavior [ RunTime:0.000038s ]
INFO: [ app_init ] --END-- [ RunTime:0.001205s ]
INFO: [ app_begin ] --START--
INFO: Run Behavior\ReadHtmlCacheBehavior [ RunTime:0.001499s ]
INFO: [ app_begin ] --END-- [ RunTime:0.001646s ]
SQL: SHOW COLUMNS FROM `phone` [ RunTime:0.0119s ]
SQL: SELECT `x`,`y` FROM `phone` WHERE ( No=1 ) LIMIT 1   [ RunTime:0.0012s ]
INFO: [ app_end ] --START--
INFO: Run Behavior\ShowPageTraceBehavior [ RunTime:0.001751s ]
INFO: [ app_end ] --END-- [ RunTime:0.001892s ]

[ 2016-04-23T10:44:37+08:00 ] ::1 /yuankong/home/index/before
INFO: [ app_init ] --START--
INFO: Run Behavior\BuildLiteBehavior [ RunTime:0.000046s ]
INFO: [ app_init ] --END-- [ RunTime:0.002184s ]
INFO: [ app_begin ] --START--
INFO: Run Behavior\ReadHtmlCacheBehavior [ RunTime:0.001697s ]
INFO: [ app_begin ] --END-- [ RunTime:0.001873s ]
SQL: SHOW COLUMNS FROM `phone` [ RunTime:0.0117s ]
SQL: SHOW COLUMNS FROM `tree` [ RunTime:0.0107s ]
SQL: SELECT * FROM `tree` WHERE `text` = '手机存储' AND `tid` = 0 AND `state` = 'closed' AND `path` = '/storage/sdcard0' LIMIT 1   [ RunTime:0.0011s ]
SQL: SELECT * FROM `tree` WHERE `text` = 'SD卡' AND `tid` = 0 AND `state` = 'closed' AND `path` = '/storage/sdcard1' LIMIT 1   [ RunTime:0.0009s ]
SQL: UPDATE `phone` SET `read`='0' WHERE `No` = 1 [ RunTime:0.2356s ]
INFO: [ app_end ] --START--
INFO: Run Behavior\ShowPageTraceBehavior [ RunTime:0.002279s ]
INFO: [ app_end ] --END-- [ RunTime:0.002426s ]

[ 2016-04-23T10:44:37+08:00 ] ::1 /yuankong/index.php/Home/Index/tree
INFO: [ app_init ] --START--
INFO: Run Behavior\BuildLiteBehavior [ RunTime:0.000047s ]
INFO: [ app_init ] --END-- [ RunTime:0.006606s ]
INFO: [ app_begin ] --START--
INFO: Run Behavior\ReadHtmlCacheBehavior [ RunTime:0.001533s ]
INFO: [ app_begin ] --END-- [ RunTime:0.001701s ]
SQL: SHOW COLUMNS FROM `tree` [ RunTime:0.0119s ]
SQL: SHOW COLUMNS FROM `phone` [ RunTime:0.0113s ]
SQL: SELECT * FROM `tree` WHERE ( tid='0' )  [ RunTime:0.0016s ]
INFO: [ app_end ] --START--
INFO: Run Behavior\ShowPageTraceBehavior [ RunTime:0.001888s ]
INFO: [ app_end ] --END-- [ RunTime:0.002042s ]

[ 2016-04-23T10:44:37+08:00 ] ::1 /yuankong/index.php/Home/Index/often
INFO: [ app_init ] --START--
INFO: Run Behavior\BuildLiteBehavior [ RunTime:0.000044s ]
INFO: [ app_init ] --END-- [ RunTime:0.003104s ]
INFO: [ app_begin ] --START--
INFO: Run Behavior\ReadHtmlCacheBehavior [ RunTime:0.002164s ]
INFO: [ app_begin ] --END-- [ RunTime:0.002347s ]
SQL: SHOW COLUMNS FROM `often` [ RunTime:0.0117s ]
SQL: SHOW COLUMNS FROM `phone` [ RunTime:0.0125s ]
SQL: SELECT * FROM `often` WHERE ( tid='0' )  [ RunTime:0.0018s ]
INFO: [ app_end ] --START--
INFO: Run Behavior\ShowPageTraceBehavior [ RunTime:0.001995s ]
INFO: [ app_end ] --END-- [ RunTime:0.002129s ]

[ 2016-04-23T10:44:44+08:00 ] ::1 /yuankong/index.php/Home/Index/often
INFO: [ app_init ] --START--
INFO: Run Behavior\BuildLiteBehavior [ RunTime:0.000037s ]
INFO: [ app_init ] --END-- [ RunTime:0.001283s ]
INFO: [ app_begin ] --START--
INFO: Run Behavior\ReadHtmlCacheBehavior [ RunTime:0.001461s ]
INFO: [ app_begin ] --END-- [ RunTime:0.001601s ]
SQL: SHOW COLUMNS FROM `often` [ RunTime:0.0110s ]
SQL: SHOW COLUMNS FROM `phone` [ RunTime:0.0113s ]
SQL: SELECT `path` FROM `often` WHERE ( id='2' ) LIMIT 1   [ RunTime:0.0012s ]
SQL: SELECT * FROM `often` WHERE ( tid='2' ) LIMIT 1   [ RunTime:0.0016s ]
SQL: SELECT * FROM `often` WHERE ( tid='2' ) LIMIT 1   [ RunTime:0.0018s ]
SQL: UPDATE `phone` SET `often`='0' WHERE `No` = 1 [ RunTime:0.0628s ]
SQL: SELECT * FROM `often` WHERE ( tid='2' )  [ RunTime:0.0026s ]
INFO: [ app_end ] --START--
INFO: Run Behavior\ShowPageTraceBehavior [ RunTime:0.001776s ]
INFO: [ app_end ] --END-- [ RunTime:0.001929s ]

[ 2016-04-23T10:51:07+08:00 ] ::1 /yuankong/index.php/Home/User/Map
INFO: [ app_init ] --START--
INFO: Run Behavior\BuildLiteBehavior [ RunTime:0.000045s ]
INFO: [ app_init ] --END-- [ RunTime:0.001529s ]
INFO: [ app_begin ] --START--
INFO: Run Behavior\ReadHtmlCacheBehavior [ RunTime:0.004532s ]
INFO: [ app_begin ] --END-- [ RunTime:0.004712s ]
NOTIC: [8] Use of undefined constant Map - assumed 'Map' F:\Code\php\yuankong\Ykong\Home\Controller\UserController.class.php 第 114 行.
INFO: [ view_parse ] --START--
INFO: [ template_filter ] --START--
INFO: Run Behavior\ContentReplaceBehavior [ RunTime:0.000193s ]
INFO: [ template_filter ] --END-- [ RunTime:0.000337s ]
INFO: Run Behavior\ParseTemplateBehavior [ RunTime:0.021506s ]
INFO: [ view_parse ] --END-- [ RunTime:0.021670s ]
INFO: [ view_filter ] --START--
INFO: Run Behavior\WriteHtmlCacheBehavior [ RunTime:0.003173s ]
INFO: [ view_filter ] --END-- [ RunTime:0.003832s ]
INFO: [ app_end ] --START--
INFO: Run Behavior\ShowPageTraceBehavior [ RunTime:0.003226s ]
INFO: [ app_end ] --END-- [ RunTime:0.003398s ]

[ 2016-04-23T10:51:09+08:00 ] ::1 /yuankong/home/index/getxy
INFO: [ app_init ] --START--
INFO: Run Behavior\BuildLiteBehavior [ RunTime:0.000042s ]
INFO: [ app_init ] --END-- [ RunTime:0.001318s ]
INFO: [ app_begin ] --START--
INFO: Run Behavior\ReadHtmlCacheBehavior [ RunTime:0.004059s ]
INFO: [ app_begin ] --END-- [ RunTime:0.004252s ]
SQL: SHOW COLUMNS FROM `phone` [ RunTime:0.0110s ]
SQL: SELECT `x`,`y` FROM `phone` WHERE ( No=1 ) LIMIT 1   [ RunTime:0.0009s ]
INFO: [ app_end ] --START--
INFO: Run Behavior\ShowPageTraceBehavior [ RunTime:0.002042s ]
INFO: [ app_end ] --END-- [ RunTime:0.002190s ]

[ 2016-04-23T10:51:09+08:00 ] ::1 /yuankong/home/user/getsession
INFO: [ app_init ] --START--
INFO: Run Behavior\BuildLiteBehavior [ RunTime:0.000047s ]
INFO: [ app_init ] --END-- [ RunTime:0.012703s ]
INFO: [ app_begin ] --START--
INFO: Run Behavior\ReadHtmlCacheBehavior [ RunTime:0.001857s ]
INFO: [ app_begin ] --END-- [ RunTime:0.002024s ]
INFO: [ app_end ] --START--
INFO: Run Behavior\ShowPageTraceBehavior [ RunTime:0.002261s ]
INFO: [ app_end ] --END-- [ RunTime:0.002422s ]

[ 2016-04-23T10:51:10+08:00 ] ::1 /yuankong/home/index/before
INFO: [ app_init ] --START--
INFO: Run Behavior\BuildLiteBehavior [ RunTime:0.000043s ]
INFO: [ app_init ] --END-- [ RunTime:0.001370s ]
INFO: [ app_begin ] --START--
INFO: Run Behavior\ReadHtmlCacheBehavior [ RunTime:0.001777s ]
INFO: [ app_begin ] --END-- [ RunTime:0.001963s ]
SQL: SHOW COLUMNS FROM `phone` [ RunTime:0.0132s ]
SQL: SHOW COLUMNS FROM `tree` [ RunTime:0.0129s ]
SQL: SELECT * FROM `tree` WHERE `text` = '手机存储' AND `tid` = 0 AND `state` = 'closed' AND `path` = '/storage/sdcard0' LIMIT 1   [ RunTime:0.0013s ]
SQL: SELECT * FROM `tree` WHERE `text` = 'SD卡' AND `tid` = 0 AND `state` = 'closed' AND `path` = '/storage/sdcard1' LIMIT 1   [ RunTime:0.0013s ]
SQL: UPDATE `phone` SET `read`='0' WHERE `No` = 1 [ RunTime:0.1560s ]
INFO: [ app_end ] --START--
INFO: Run Behavior\ShowPageTraceBehavior [ RunTime:0.001780s ]
INFO: [ app_end ] --END-- [ RunTime:0.001899s ]

[ 2016-04-23T10:51:10+08:00 ] ::1 /yuankong/index.php/Home/Index/tree
INFO: [ app_init ] --START--
INFO: Run Behavior\BuildLiteBehavior [ RunTime:0.000040s ]
INFO: [ app_init ] --END-- [ RunTime:0.001153s ]
INFO: [ app_begin ] --START--
INFO: Run Behavior\ReadHtmlCacheBehavior [ RunTime:0.001493s ]
INFO: [ app_begin ] --END-- [ RunTime:0.001655s ]
SQL: SHOW COLUMNS FROM `tree` [ RunTime:0.0111s ]
SQL: SHOW COLUMNS FROM `phone` [ RunTime:0.0123s ]
SQL: SELECT * FROM `tree` WHERE ( tid='0' )  [ RunTime:0.0014s ]
INFO: [ app_end ] --START--
INFO: Run Behavior\ShowPageTraceBehavior [ RunTime:0.001722s ]
INFO: [ app_end ] --END-- [ RunTime:0.001851s ]

[ 2016-04-23T10:51:10+08:00 ] ::1 /yuankong/index.php/Home/Index/often
INFO: [ app_init ] --START--
INFO: Run Behavior\BuildLiteBehavior [ RunTime:0.000038s ]
INFO: [ app_init ] --END-- [ RunTime:0.001226s ]
INFO: [ app_begin ] --START--
INFO: Run Behavior\ReadHtmlCacheBehavior [ RunTime:0.001527s ]
INFO: [ app_begin ] --END-- [ RunTime:0.001691s ]
SQL: SHOW COLUMNS FROM `often` [ RunTime:0.0118s ]
SQL: SHOW COLUMNS FROM `phone` [ RunTime:0.0122s ]
SQL: SELECT * FROM `often` WHERE ( tid='0' )  [ RunTime:0.0018s ]
INFO: [ app_end ] --START--
INFO: Run Behavior\ShowPageTraceBehavior [ RunTime:0.001757s ]
INFO: [ app_end ] --END-- [ RunTime:0.001910s ]

[ 2016-04-23T11:06:14+08:00 ] ::1 /yuankong/index.php/Home/User/Map
INFO: [ app_init ] --START--
INFO: Run Behavior\BuildLiteBehavior [ RunTime:0.000046s ]
INFO: [ app_init ] --END-- [ RunTime:0.001980s ]
INFO: [ app_begin ] --START--
INFO: Run Behavior\ReadHtmlCacheBehavior [ RunTime:0.002964s ]
INFO: [ app_begin ] --END-- [ RunTime:0.003320s ]
NOTIC: [8] Use of undefined constant Map - assumed 'Map' F:\Code\php\yuankong\Ykong\Home\Controller\UserController.class.php 第 114 行.
INFO: [ view_parse ] --START--
INFO: [ template_filter ] --START--
INFO: Run Behavior\ContentReplaceBehavior [ RunTime:0.000289s ]
INFO: [ template_filter ] --END-- [ RunTime:0.001692s ]
INFO: Run Behavior\ParseTemplateBehavior [ RunTime:0.028081s ]
INFO: [ view_parse ] --END-- [ RunTime:0.029000s ]
INFO: [ view_filter ] --START--
INFO: Run Behavior\WriteHtmlCacheBehavior [ RunTime:0.001894s ]
INFO: [ view_filter ] --END-- [ RunTime:0.002038s ]
INFO: [ app_end ] --START--
INFO: Run Behavior\ShowPageTraceBehavior [ RunTime:0.001997s ]
INFO: [ app_end ] --END-- [ RunTime:0.002134s ]

[ 2016-04-23T11:06:17+08:00 ] ::1 /yuankong/home/index/getxy
INFO: [ app_init ] --START--
INFO: Run Behavior\BuildLiteBehavior [ RunTime:0.000052s ]
INFO: [ app_init ] --END-- [ RunTime:0.001772s ]
INFO: [ app_begin ] --START--
INFO: Run Behavior\ReadHtmlCacheBehavior [ RunTime:0.003690s ]
INFO: [ app_begin ] --END-- [ RunTime:0.004251s ]
SQL: SHOW COLUMNS FROM `phone` [ RunTime:0.0118s ]
SQL: SELECT `x`,`y` FROM `phone` WHERE ( No=1 ) LIMIT 1   [ RunTime:0.0013s ]
INFO: [ app_end ] --START--
INFO: Run Behavior\ShowPageTraceBehavior [ RunTime:0.002278s ]
INFO: [ app_end ] --END-- [ RunTime:0.002424s ]

[ 2016-04-23T11:06:17+08:00 ] ::1 /yuankong/home/user/getsession
INFO: [ app_init ] --START--
INFO: Run Behavior\BuildLiteBehavior [ RunTime:0.000055s ]
INFO: [ app_init ] --END-- [ RunTime:0.001853s ]
INFO: [ app_begin ] --START--
INFO: Run Behavior\ReadHtmlCacheBehavior [ RunTime:0.002370s ]
INFO: [ app_begin ] --END-- [ RunTime:0.002551s ]
INFO: [ app_end ] --START--
INFO: Run Behavior\ShowPageTraceBehavior [ RunTime:0.004160s ]
INFO: [ app_end ] --END-- [ RunTime:0.004349s ]

[ 2016-04-23T11:06:18+08:00 ] ::1 /yuankong/home/index/before
INFO: [ app_init ] --START--
INFO: Run Behavior\BuildLiteBehavior [ RunTime:0.000044s ]
INFO: [ app_init ] --END-- [ RunTime:0.001684s ]
INFO: [ app_begin ] --START--
INFO: Run Behavior\ReadHtmlCacheBehavior [ RunTime:0.002784s ]
INFO: [ app_begin ] --END-- [ RunTime:0.002989s ]
SQL: SHOW COLUMNS FROM `phone` [ RunTime:0.0135s ]
SQL: SHOW COLUMNS FROM `tree` [ RunTime:0.0340s ]
SQL: SELECT * FROM `tree` WHERE `text` = '手机存储' AND `tid` = 0 AND `state` = 'closed' AND `path` = '/storage/sdcard0' LIMIT 1   [ RunTime:0.0012s ]
SQL: SELECT * FROM `tree` WHERE `text` = 'SD卡' AND `tid` = 0 AND `state` = 'closed' AND `path` = '/storage/sdcard1' LIMIT 1   [ RunTime:0.0015s ]
SQL: UPDATE `phone` SET `read`='0' WHERE `No` = 1 [ RunTime:0.3954s ]
INFO: [ app_end ] --START--
INFO: Run Behavior\ShowPageTraceBehavior [ RunTime:0.001767s ]
INFO: [ app_end ] --END-- [ RunTime:0.001904s ]

[ 2016-04-23T11:06:18+08:00 ] ::1 /yuankong/index.php/Home/Index/tree
INFO: [ app_init ] --START--
INFO: Run Behavior\BuildLiteBehavior [ RunTime:0.000045s ]
INFO: [ app_init ] --END-- [ RunTime:0.001576s ]
INFO: [ app_begin ] --START--
INFO: Run Behavior\ReadHtmlCacheBehavior [ RunTime:0.001800s ]
INFO: [ app_begin ] --END-- [ RunTime:0.001966s ]
SQL: SHOW COLUMNS FROM `tree` [ RunTime:0.0122s ]
SQL: SHOW COLUMNS FROM `phone` [ RunTime:0.0136s ]
SQL: SELECT * FROM `tree` WHERE ( tid='0' )  [ RunTime:0.0016s ]
INFO: [ app_end ] --START--
INFO: Run Behavior\ShowPageTraceBehavior [ RunTime:0.002136s ]
INFO: [ app_end ] --END-- [ RunTime:0.002331s ]

[ 2016-04-23T11:06:18+08:00 ] ::1 /yuankong/index.php/Home/Index/often
INFO: [ app_init ] --START--
INFO: Run Behavior\BuildLiteBehavior [ RunTime:0.000042s ]
INFO: [ app_init ] --END-- [ RunTime:0.001251s ]
INFO: [ app_begin ] --START--
INFO: Run Behavior\ReadHtmlCacheBehavior [ RunTime:0.002462s ]
INFO: [ app_begin ] --END-- [ RunTime:0.002887s ]
SQL: SHOW COLUMNS FROM `often` [ RunTime:0.0126s ]
SQL: SHOW COLUMNS FROM `phone` [ RunTime:0.0126s ]
SQL: SELECT * FROM `often` WHERE ( tid='0' )  [ RunTime:0.0019s ]
INFO: [ app_end ] --START--
INFO: Run Behavior\ShowPageTraceBehavior [ RunTime:0.001991s ]
INFO: [ app_end ] --END-- [ RunTime:0.002173s ]

[ 2016-04-23T11:06:25+08:00 ] ::1 /yuankong/index.php/Home/Index/often
INFO: [ app_init ] --START--
INFO: Run Behavior\BuildLiteBehavior [ RunTime:0.000037s ]
INFO: [ app_init ] --END-- [ RunTime:0.001377s ]
INFO: [ app_begin ] --START--
INFO: Run Behavior\ReadHtmlCacheBehavior [ RunTime:0.001904s ]
INFO: [ app_begin ] --END-- [ RunTime:0.002065s ]
SQL: SHOW COLUMNS FROM `often` [ RunTime:0.0126s ]
SQL: SHOW COLUMNS FROM `phone` [ RunTime:0.0127s ]
SQL: SELECT `path` FROM `often` WHERE ( id='1' ) LIMIT 1   [ RunTime:0.0008s ]
SQL: SELECT * FROM `often` WHERE ( tid='1' ) LIMIT 1   [ RunTime:0.0007s ]
SQL: SELECT * FROM `often` WHERE ( tid='1' ) LIMIT 1   [ RunTime:0.0006s ]
SQL: UPDATE `phone` SET `often`='0' WHERE `No` = 1 [ RunTime:0.0914s ]
SQL: SELECT * FROM `often` WHERE ( tid='1' )  [ RunTime:0.0070s ]
INFO: [ app_end ] --START--
INFO: Run Behavior\ShowPageTraceBehavior [ RunTime:0.002020s ]
INFO: [ app_end ] --END-- [ RunTime:0.002191s ]

[ 2016-04-23T11:16:19+08:00 ] ::1 /yuankong/index.php/Home/User/Map
INFO: [ app_init ] --START--
INFO: Run Behavior\BuildLiteBehavior [ RunTime:0.000314s ]
INFO: [ app_init ] --END-- [ RunTime:0.006206s ]
INFO: [ app_begin ] --START--
INFO: Run Behavior\ReadHtmlCacheBehavior [ RunTime:0.002836s ]
INFO: [ app_begin ] --END-- [ RunTime:0.003057s ]
NOTIC: [8] Use of undefined constant Map - assumed 'Map' F:\Code\php\yuankong\Ykong\Home\Controller\UserController.class.php 第 114 行.
INFO: [ view_parse ] --START--
INFO: [ template_filter ] --START--
INFO: Run Behavior\ContentReplaceBehavior [ RunTime:0.000234s ]
INFO: [ template_filter ] --END-- [ RunTime:0.000402s ]
INFO: Run Behavior\ParseTemplateBehavior [ RunTime:0.043251s ]
INFO: [ view_parse ] --END-- [ RunTime:0.043433s ]
INFO: [ view_filter ] --START--
INFO: Run Behavior\WriteHtmlCacheBehavior [ RunTime:0.001513s ]
INFO: [ view_filter ] --END-- [ RunTime:0.001673s ]
INFO: [ app_end ] --START--
INFO: Run Behavior\ShowPageTraceBehavior [ RunTime:0.005912s ]
INFO: [ app_end ] --END-- [ RunTime:0.007687s ]

[ 2016-04-23T11:16:22+08:00 ] ::1 /yuankong/home/index/getxy
INFO: [ app_init ] --START--
INFO: Run Behavior\BuildLiteBehavior [ RunTime:0.000044s ]
INFO: [ app_init ] --END-- [ RunTime:0.003235s ]
INFO: [ app_begin ] --START--
INFO: Run Behavior\ReadHtmlCacheBehavior [ RunTime:0.001931s ]
INFO: [ app_begin ] --END-- [ RunTime:0.002107s ]
SQL: SHOW COLUMNS FROM `phone` [ RunTime:0.0126s ]
SQL: SELECT `x`,`y` FROM `phone` WHERE ( No=1 ) LIMIT 1   [ RunTime:0.0012s ]
INFO: [ app_end ] --START--
INFO: Run Behavior\ShowPageTraceBehavior [ RunTime:0.002129s ]
INFO: [ app_end ] --END-- [ RunTime:0.002283s ]

[ 2016-04-23T11:16:22+08:00 ] ::1 /yuankong/home/user/getsession
INFO: [ app_init ] --START--
INFO: Run Behavior\BuildLiteBehavior [ RunTime:0.000078s ]
INFO: [ app_init ] --END-- [ RunTime:0.001505s ]
INFO: [ app_begin ] --START--
INFO: Run Behavior\ReadHtmlCacheBehavior [ RunTime:0.001881s ]
INFO: [ app_begin ] --END-- [ RunTime:0.002113s ]
INFO: [ app_end ] --START--
INFO: Run Behavior\ShowPageTraceBehavior [ RunTime:0.002820s ]
INFO: [ app_end ] --END-- [ RunTime:0.003061s ]

[ 2016-04-23T11:16:23+08:00 ] ::1 /yuankong/home/index/before
INFO: [ app_init ] --START--
INFO: Run Behavior\BuildLiteBehavior [ RunTime:0.000050s ]
INFO: [ app_init ] --END-- [ RunTime:0.001520s ]
INFO: [ app_begin ] --START--
INFO: Run Behavior\ReadHtmlCacheBehavior [ RunTime:0.002730s ]
INFO: [ app_begin ] --END-- [ RunTime:0.002910s ]
SQL: SHOW COLUMNS FROM `phone` [ RunTime:0.0126s ]
SQL: SHOW COLUMNS FROM `tree` [ RunTime:0.0126s ]
SQL: SELECT * FROM `tree` WHERE `text` = '手机存储' AND `tid` = 0 AND `state` = 'closed' AND `path` = '/storage/sdcard0' LIMIT 1   [ RunTime:0.0014s ]
SQL: SELECT * FROM `tree` WHERE `text` = 'SD卡' AND `tid` = 0 AND `state` = 'closed' AND `path` = '/storage/sdcard1' LIMIT 1   [ RunTime:0.0014s ]
SQL: UPDATE `phone` SET `read`='0' WHERE `No` = 1 [ RunTime:0.0885s ]
INFO: [ app_end ] --START--
INFO: Run Behavior\ShowPageTraceBehavior [ RunTime:0.001942s ]
INFO: [ app_end ] --END-- [ RunTime:0.002102s ]

[ 2016-04-23T11:16:23+08:00 ] ::1 /yuankong/index.php/Home/Index/tree
INFO: [ app_init ] --START--
INFO: Run Behavior\BuildLiteBehavior [ RunTime:0.000043s ]
INFO: [ app_init ] --END-- [ RunTime:0.001467s ]
INFO: [ app_begin ] --START--
INFO: Run Behavior\ReadHtmlCacheBehavior [ RunTime:0.001685s ]
INFO: [ app_begin ] --END-- [ RunTime:0.001876s ]
SQL: SHOW COLUMNS FROM `tree` [ RunTime:0.0121s ]
SQL: SHOW COLUMNS FROM `phone` [ RunTime:0.0130s ]
SQL: SELECT * FROM `tree` WHERE ( tid='0' )  [ RunTime:0.0017s ]
INFO: [ app_end ] --START--
INFO: Run Behavior\ShowPageTraceBehavior [ RunTime:0.002511s ]
INFO: [ app_end ] --END-- [ RunTime:0.002669s ]

[ 2016-04-23T11:16:23+08:00 ] ::1 /yuankong/index.php/Home/Index/often
INFO: [ app_init ] --START--
INFO: Run Behavior\BuildLiteBehavior [ RunTime:0.000050s ]
INFO: [ app_init ] --END-- [ RunTime:0.001318s ]
INFO: [ app_begin ] --START--
INFO: Run Behavior\ReadHtmlCacheBehavior [ RunTime:0.002772s ]
INFO: [ app_begin ] --END-- [ RunTime:0.002951s ]
SQL: SHOW COLUMNS FROM `often` [ RunTime:0.0117s ]
SQL: SHOW COLUMNS FROM `phone` [ RunTime:0.0172s ]
SQL: SELECT * FROM `often` WHERE ( tid='0' )  [ RunTime:0.0018s ]
INFO: [ app_end ] --START--
INFO: Run Behavior\ShowPageTraceBehavior [ RunTime:0.002072s ]
INFO: [ app_end ] --END-- [ RunTime:0.002229s ]

[ 2016-04-23T11:55:49+08:00 ] 192.168.191.2 /yuankong/home/user/Add
INFO: [ app_init ] --START--
INFO: Run Behavior\BuildLiteBehavior [ RunTime:0.000042s ]
INFO: [ app_init ] --END-- [ RunTime:0.001847s ]
INFO: [ app_begin ] --START--
INFO: Run Behavior\ReadHtmlCacheBehavior [ RunTime:0.005010s ]
INFO: [ app_begin ] --END-- [ RunTime:0.005207s ]
SQL: SHOW COLUMNS FROM `user` [ RunTime:0.0129s ]
SQL: SELECT * FROM `user` WHERE `ClientID` = '30890d82d4fa5ea6e2971d61bdefd4de' LIMIT 1   [ RunTime:0.0012s ]
INFO: [ app_end ] --START--
INFO: Run Behavior\ShowPageTraceBehavior [ RunTime:0.002092s ]
INFO: [ app_end ] --END-- [ RunTime:0.002232s ]

[ 2016-04-23T11:56:17+08:00 ] 192.168.191.2 /yuankong/home/index/setxy
INFO: [ app_init ] --START--
INFO: Run Behavior\BuildLiteBehavior [ RunTime:0.000040s ]
INFO: [ app_init ] --END-- [ RunTime:0.001282s ]
INFO: [ app_begin ] --START--
INFO: Run Behavior\ReadHtmlCacheBehavior [ RunTime:0.001719s ]
INFO: [ app_begin ] --END-- [ RunTime:0.001893s ]
SQL: SHOW COLUMNS FROM `phone` [ RunTime:0.0387s ]
NOTIC: [8] Undefined index: validate F:\Code\php\yuankong\ThinkPHP\Library\Think\Model.class.php 第 1185 行.
NOTIC: [8] Undefined index: auto F:\Code\php\yuankong\ThinkPHP\Library\Think\Model.class.php 第 1128 行.
SQL: UPDATE `phone` SET `x`='114.39875',`y`='30.53021' WHERE `No` = 1 [ RunTime:0.0684s ]
INFO: [ app_end ] --START--
INFO: Run Behavior\ShowPageTraceBehavior [ RunTime:0.002058s ]
INFO: [ app_end ] --END-- [ RunTime:0.002211s ]

[ 2016-04-23T11:58:13+08:00 ] ::1 /yuankong/index.php/Home/Index/often
INFO: [ app_init ] --START--
INFO: Run Behavior\BuildLiteBehavior [ RunTime:0.000045s ]
INFO: [ app_init ] --END-- [ RunTime:0.001992s ]
INFO: [ app_begin ] --START--
INFO: Run Behavior\ReadHtmlCacheBehavior [ RunTime:0.001995s ]
INFO: [ app_begin ] --END-- [ RunTime:0.002161s ]
SQL: SHOW COLUMNS FROM `often` [ RunTime:0.0123s ]
SQL: SHOW COLUMNS FROM `phone` [ RunTime:0.0132s ]
SQL: SELECT `path` FROM `often` WHERE ( id='1' ) LIMIT 1   [ RunTime:0.0011s ]
SQL: SELECT * FROM `often` WHERE ( tid='1' ) LIMIT 1   [ RunTime:0.0011s ]
SQL: SELECT * FROM `often` WHERE ( tid='1' ) LIMIT 1   [ RunTime:0.0012s ]
SQL: UPDATE `phone` SET `often`='0' WHERE `No` = 1 [ RunTime:0.1530s ]
SQL: SELECT * FROM `often` WHERE ( tid='1' )  [ RunTime:0.0044s ]
INFO: [ app_end ] --START--
INFO: Run Behavior\ShowPageTraceBehavior [ RunTime:0.002536s ]
INFO: [ app_end ] --END-- [ RunTime:0.002711s ]

[ 2016-04-23T11:58:29+08:00 ] ::1 /yuankong/home/index/del
INFO: [ app_init ] --START--
INFO: Run Behavior\BuildLiteBehavior [ RunTime:0.000040s ]
INFO: [ app_init ] --END-- [ RunTime:0.001494s ]
INFO: [ app_begin ] --START--
INFO: Run Behavior\ReadHtmlCacheBehavior [ RunTime:0.001956s ]
INFO: [ app_begin ] --END-- [ RunTime:0.002139s ]
SQL: SHOW COLUMNS FROM `often` [ RunTime:0.0124s ]
SQL: SHOW COLUMNS FROM `tree` [ RunTime:0.0130s ]
SQL: SELECT * FROM `often` WHERE `text` = 'vivo Xplay5_wallpaper_d8.jpg' LIMIT 1   [ RunTime:0.0015s ]
NOTIC: [8] Undefined index: No F:\Code\php\yuankong\Ykong\Home\Controller\IndexController.class.php 第 315 行.
SQL: DELETE FROM `often` WHERE `tid` = null [ RunTime:0.0021s ]
SQL: DELETE FROM `often` WHERE `text` = 'vivo Xplay5_wallpaper_d8.jpg' [ RunTime:0.1094s ]
INFO: [ app_end ] --START--
INFO: Run Behavior\ShowPageTraceBehavior [ RunTime:0.001898s ]
INFO: [ app_end ] --END-- [ RunTime:0.002051s ]

[ 2016-04-23T11:58:50+08:00 ] ::1 /yuankong/home/index/del
INFO: [ app_init ] --START--
INFO: Run Behavior\BuildLiteBehavior [ RunTime:0.000041s ]
INFO: [ app_init ] --END-- [ RunTime:0.001441s ]
INFO: [ app_begin ] --START--
INFO: Run Behavior\ReadHtmlCacheBehavior [ RunTime:0.003471s ]
INFO: [ app_begin ] --END-- [ RunTime:0.003725s ]
SQL: SHOW COLUMNS FROM `often` [ RunTime:0.0126s ]
SQL: SHOW COLUMNS FROM `tree` [ RunTime:0.0126s ]
SQL: SELECT * FROM `often` WHERE `text` = 'vivo Xplay5_wallpaper_d3.jpg' LIMIT 1   [ RunTime:0.0017s ]
NOTIC: [8] Undefined index: No F:\Code\php\yuankong\Ykong\Home\Controller\IndexController.class.php 第 315 行.
SQL: DELETE FROM `often` WHERE `tid` = null [ RunTime:0.0020s ]
SQL: DELETE FROM `often` WHERE `text` = 'vivo Xplay5_wallpaper_d3.jpg' [ RunTime:0.1461s ]
INFO: [ app_end ] --START--
INFO: Run Behavior\ShowPageTraceBehavior [ RunTime:0.002114s ]
INFO: [ app_end ] --END-- [ RunTime:0.002266s ]

[ 2016-04-23T11:59:35+08:00 ] ::1 /yuankong/home/index/del
INFO: [ app_init ] --START--
INFO: Run Behavior\BuildLiteBehavior [ RunTime:0.000049s ]
INFO: [ app_init ] --END-- [ RunTime:0.005730s ]
INFO: [ app_begin ] --START--
INFO: Run Behavior\ReadHtmlCacheBehavior [ RunTime:0.002218s ]
INFO: [ app_begin ] --END-- [ RunTime:0.002395s ]
SQL: SHOW COLUMNS FROM `often` [ RunTime:0.0121s ]
SQL: SHOW COLUMNS FROM `tree` [ RunTime:0.0121s ]
SQL: SELECT * FROM `often` WHERE `text` = 'vivo Xplay5_wallpaper_d12.jpg' LIMIT 1   [ RunTime:0.0016s ]
NOTIC: [8] Undefined index: No F:\Code\php\yuankong\Ykong\Home\Controller\IndexController.class.php 第 315 行.
SQL: SHOW COLUMNS FROM `user` [ RunTime:0.0164s ]
SQL: SELECT `ClientID` FROM `user` WHERE ( No=1 ) LIMIT 1   [ RunTime:0.0040s ]
NOTIC: [8] Undefined index: z3tpQNHVGe7iu6exjI4fB3 F:\Code\php\yuankong\ThinkPHP\Library\Vendor\GeTui\IGeTui.class.php 第 56 行.
NOTIC: [8] Undefined index: version F:\Code\php\yuankong\ThinkPHP\Library\Vendor\GeTui\igetui\utils\HttpManager.php 第 49 行.
NOTIC: [8] Undefined index: z3tpQNHVGe7iu6exjI4fB3 F:\Code\php\yuankong\ThinkPHP\Library\Vendor\GeTui\igetui\utils\ApiUrlRespectUtils.php 第 20 行.
NOTIC: [8] Undefined index: version F:\Code\php\yuankong\ThinkPHP\Library\Vendor\GeTui\igetui\utils\HttpManager.php 第 49 行.
SQL: DELETE FROM `often` WHERE `tid` = null [ RunTime:0.0018s ]
SQL: DELETE FROM `often` WHERE `text` = 'vivo Xplay5_wallpaper_d12.jpg' [ RunTime:0.0511s ]
INFO: [ app_end ] --START--
INFO: Run Behavior\ShowPageTraceBehavior [ RunTime:0.001904s ]
INFO: [ app_end ] --END-- [ RunTime:0.002069s ]

[ 2016-04-23T12:01:39+08:00 ] ::1 /yuankong/index.php/Home/User/Map
INFO: [ app_init ] --START--
INFO: Run Behavior\BuildLiteBehavior [ RunTime:0.000054s ]
INFO: [ app_init ] --END-- [ RunTime:0.009113s ]
INFO: [ app_begin ] --START--
INFO: Run Behavior\ReadHtmlCacheBehavior [ RunTime:0.003636s ]
INFO: [ app_begin ] --END-- [ RunTime:0.003829s ]
NOTIC: [8] Use of undefined constant Map - assumed 'Map' F:\Code\php\yuankong\Ykong\Home\Controller\UserController.class.php 第 114 行.
INFO: [ view_parse ] --START--
INFO: [ template_filter ] --START--
INFO: Run Behavior\ContentReplaceBehavior [ RunTime:0.000306s ]
INFO: [ template_filter ] --END-- [ RunTime:0.000534s ]
INFO: Run Behavior\ParseTemplateBehavior [ RunTime:0.036576s ]
INFO: [ view_parse ] --END-- [ RunTime:0.036807s ]
INFO: [ view_filter ] --START--
INFO: Run Behavior\WriteHtmlCacheBehavior [ RunTime:0.001798s ]
INFO: [ view_filter ] --END-- [ RunTime:0.001950s ]
INFO: [ app_end ] --START--
INFO: Run Behavior\ShowPageTraceBehavior [ RunTime:0.002602s ]
INFO: [ app_end ] --END-- [ RunTime:0.002799s ]

[ 2016-04-23T12:01:42+08:00 ] ::1 /yuankong/home/index/getxy
INFO: [ app_init ] --START--
INFO: Run Behavior\BuildLiteBehavior [ RunTime:0.000056s ]
INFO: [ app_init ] --END-- [ RunTime:0.002442s ]
INFO: [ app_begin ] --START--
INFO: Run Behavior\ReadHtmlCacheBehavior [ RunTime:0.004292s ]
INFO: [ app_begin ] --END-- [ RunTime:0.004515s ]
SQL: SHOW COLUMNS FROM `phone` [ RunTime:0.0138s ]
SQL: SELECT `x`,`y` FROM `phone` WHERE ( No=1 ) LIMIT 1   [ RunTime:0.0015s ]
INFO: [ app_end ] --START--
INFO: Run Behavior\ShowPageTraceBehavior [ RunTime:0.003043s ]
INFO: [ app_end ] --END-- [ RunTime:0.003205s ]

[ 2016-04-23T12:01:42+08:00 ] ::1 /yuankong/home/user/getsession
INFO: [ app_init ] --START--
INFO: Run Behavior\BuildLiteBehavior [ RunTime:0.000043s ]
INFO: [ app_init ] --END-- [ RunTime:0.001757s ]
INFO: [ app_begin ] --START--
INFO: Run Behavior\ReadHtmlCacheBehavior [ RunTime:0.003465s ]
INFO: [ app_begin ] --END-- [ RunTime:0.003655s ]
INFO: [ app_end ] --START--
INFO: Run Behavior\ShowPageTraceBehavior [ RunTime:0.002626s ]
INFO: [ app_end ] --END-- [ RunTime:0.002820s ]

[ 2016-04-23T12:01:42+08:00 ] ::1 /yuankong/home/index/before
INFO: [ app_init ] --START--
INFO: Run Behavior\BuildLiteBehavior [ RunTime:0.000043s ]
INFO: [ app_init ] --END-- [ RunTime:0.001566s ]
INFO: [ app_begin ] --START--
INFO: Run Behavior\ReadHtmlCacheBehavior [ RunTime:0.002050s ]
INFO: [ app_begin ] --END-- [ RunTime:0.002249s ]
SQL: SHOW COLUMNS FROM `phone` [ RunTime:0.0134s ]
SQL: SHOW COLUMNS FROM `tree` [ RunTime:0.0128s ]
SQL: SELECT * FROM `tree` WHERE `text` = '手机存储' AND `tid` = 0 AND `state` = 'closed' AND `path` = '/storage/sdcard0' LIMIT 1   [ RunTime:0.0018s ]
SQL: SELECT * FROM `tree` WHERE `text` = 'SD卡' AND `tid` = 0 AND `state` = 'closed' AND `path` = '/storage/sdcard1' LIMIT 1   [ RunTime:0.0014s ]
SQL: UPDATE `phone` SET `read`='0' WHERE `No` = 1 [ RunTime:0.0799s ]
INFO: [ app_end ] --START--
INFO: Run Behavior\ShowPageTraceBehavior [ RunTime:0.002721s ]
INFO: [ app_end ] --END-- [ RunTime:0.002886s ]

[ 2016-04-23T12:01:43+08:00 ] ::1 /yuankong/index.php/Home/Index/tree
INFO: [ app_init ] --START--
INFO: Run Behavior\BuildLiteBehavior [ RunTime:0.000046s ]
INFO: [ app_init ] --END-- [ RunTime:0.001608s ]
INFO: [ app_begin ] --START--
INFO: Run Behavior\ReadHtmlCacheBehavior [ RunTime:0.001962s ]
INFO: [ app_begin ] --END-- [ RunTime:0.002193s ]
SQL: SHOW COLUMNS FROM `tree` [ RunTime:0.0132s ]
SQL: SHOW COLUMNS FROM `phone` [ RunTime:0.0129s ]
SQL: SELECT * FROM `tree` WHERE ( tid='0' )  [ RunTime:0.0015s ]
INFO: [ app_end ] --START--
INFO: Run Behavior\ShowPageTraceBehavior [ RunTime:0.001988s ]
INFO: [ app_end ] --END-- [ RunTime:0.002157s ]

[ 2016-04-23T12:01:43+08:00 ] ::1 /yuankong/index.php/Home/Index/often
INFO: [ app_init ] --START--
INFO: Run Behavior\BuildLiteBehavior [ RunTime:0.000038s ]
INFO: [ app_init ] --END-- [ RunTime:0.001509s ]
INFO: [ app_begin ] --START--
INFO: Run Behavior\ReadHtmlCacheBehavior [ RunTime:0.002502s ]
INFO: [ app_begin ] --END-- [ RunTime:0.002777s ]
SQL: SHOW COLUMNS FROM `often` [ RunTime:0.0134s ]
SQL: SHOW COLUMNS FROM `phone` [ RunTime:0.0129s ]
SQL: SELECT * FROM `often` WHERE ( tid='0' )  [ RunTime:0.0020s ]
INFO: [ app_end ] --START--
INFO: Run Behavior\ShowPageTraceBehavior [ RunTime:0.001840s ]
INFO: [ app_end ] --END-- [ RunTime:0.002097s ]

[ 2016-04-23T12:01:45+08:00 ] ::1 /yuankong/index.php/Home/Index/often
INFO: [ app_init ] --START--
INFO: Run Behavior\BuildLiteBehavior [ RunTime:0.000035s ]
INFO: [ app_init ] --END-- [ RunTime:0.001158s ]
INFO: [ app_begin ] --START--
INFO: Run Behavior\ReadHtmlCacheBehavior [ RunTime:0.001591s ]
INFO: [ app_begin ] --END-- [ RunTime:0.001751s ]
SQL: SHOW COLUMNS FROM `often` [ RunTime:0.0132s ]
SQL: SHOW COLUMNS FROM `phone` [ RunTime:0.0122s ]
SQL: SELECT `path` FROM `often` WHERE ( id='1' ) LIMIT 1   [ RunTime:0.0011s ]
SQL: SELECT * FROM `often` WHERE ( tid='1' ) LIMIT 1   [ RunTime:0.0012s ]
SQL: SELECT * FROM `often` WHERE ( tid='1' ) LIMIT 1   [ RunTime:0.0013s ]
SQL: UPDATE `phone` SET `often`='0' WHERE `No` = 1 [ RunTime:0.0667s ]
SQL: SELECT * FROM `often` WHERE ( tid='1' )  [ RunTime:0.0040s ]
INFO: [ app_end ] --START--
INFO: Run Behavior\ShowPageTraceBehavior [ RunTime:0.002058s ]
INFO: [ app_end ] --END-- [ RunTime:0.002242s ]

[ 2016-04-23T12:01:55+08:00 ] ::1 /yuankong/home/index/del
INFO: [ app_init ] --START--
INFO: Run Behavior\BuildLiteBehavior [ RunTime:0.000043s ]
INFO: [ app_init ] --END-- [ RunTime:0.001593s ]
INFO: [ app_begin ] --START--
INFO: Run Behavior\ReadHtmlCacheBehavior [ RunTime:0.002019s ]
INFO: [ app_begin ] --END-- [ RunTime:0.002260s ]
SQL: SHOW COLUMNS FROM `often` [ RunTime:0.0118s ]
SQL: SHOW COLUMNS FROM `tree` [ RunTime:0.0124s ]
SQL: SELECT * FROM `often` WHERE `text` = 'vivo Xplay5_wallpaper_d2.jpg' LIMIT 1   [ RunTime:0.0015s ]
NOTIC: [8] Undefined index: No F:\Code\php\yuankong\Ykong\Home\Controller\IndexController.class.php 第 315 行.
SQL: SHOW COLUMNS FROM `user` [ RunTime:0.0125s ]
SQL: SELECT `ClientID` FROM `user` WHERE ( No=1 ) LIMIT 1   [ RunTime:0.0012s ]
NOTIC: [8] Undefined index: z3tpQNHVGe7iu6exjI4fB3 F:\Code\php\yuankong\ThinkPHP\Library\Vendor\GeTui\IGeTui.class.php 第 56 行.
NOTIC: [8] Undefined index: version F:\Code\php\yuankong\ThinkPHP\Library\Vendor\GeTui\igetui\utils\HttpManager.php 第 49 行.
NOTIC: [8] Undefined index: z3tpQNHVGe7iu6exjI4fB3 F:\Code\php\yuankong\ThinkPHP\Library\Vendor\GeTui\igetui\utils\ApiUrlRespectUtils.php 第 20 行.
NOTIC: [8] Undefined index: version F:\Code\php\yuankong\ThinkPHP\Library\Vendor\GeTui\igetui\utils\HttpManager.php 第 49 行.
SQL: DELETE FROM `often` WHERE `tid` = null [ RunTime:0.0018s ]
SQL: DELETE FROM `often` WHERE `text` = 'vivo Xplay5_wallpaper_d2.jpg' [ RunTime:0.1996s ]
INFO: [ app_end ] --START--
INFO: Run Behavior\ShowPageTraceBehavior [ RunTime:0.002335s ]
INFO: [ app_end ] --END-- [ RunTime:0.002490s ]

