[ 2016-03-19T13:19:35+08:00 ] 192.168.191.2 /yuankong/home/user/add
INFO: [ app_init ] --START--
INFO: Run Behavior\BuildLiteBehavior [ RunTime:0.000044s ]
INFO: [ app_init ] --END-- [ RunTime:0.100284s ]
INFO: [ app_begin ] --START--
INFO: Run Behavior\ReadHtmlCacheBehavior [ RunTime:0.074431s ]
INFO: [ app_begin ] --END-- [ RunTime:0.074622s ]
SQL: SHOW COLUMNS FROM `user` [ RunTime:0.0300s ]

[ 2016-03-19T13:21:41+08:00 ] ::1 /yuankong/
INFO: [ app_init ] --START--
INFO: Run Behavior\BuildLiteBehavior [ RunTime:0.000034s ]
INFO: [ app_init ] --END-- [ RunTime:0.000962s ]
INFO: [ app_begin ] --START--
INFO: Run Behavior\ReadHtmlCacheBehavior [ RunTime:0.001434s ]
INFO: [ app_begin ] --END-- [ RunTime:0.001574s ]
INFO: [ app_end ] --START--
INFO: Run Behavior\ShowPageTraceBehavior [ RunTime:0.038925s ]
INFO: [ app_end ] --END-- [ RunTime:0.039095s ]

[ 2016-03-19T13:22:12+08:00 ] ::1 /yuankong/home/user/add
INFO: [ app_init ] --START--
INFO: Run Behavior\BuildLiteBehavior [ RunTime:0.000042s ]
INFO: [ app_init ] --END-- [ RunTime:0.001142s ]
INFO: [ app_begin ] --START--
INFO: Run Behavior\ReadHtmlCacheBehavior [ RunTime:0.001813s ]
INFO: [ app_begin ] --END-- [ RunTime:0.001996s ]
SQL: SHOW COLUMNS FROM `user` [ RunTime:0.0230s ]

[ 2016-03-19T13:23:13+08:00 ] ::1 /yuankong/home/user/add
INFO: [ app_init ] --START--
INFO: Run Behavior\BuildLiteBehavior [ RunTime:0.000044s ]
INFO: [ app_init ] --END-- [ RunTime:0.002520s ]
INFO: [ app_begin ] --START--
INFO: Run Behavior\ReadHtmlCacheBehavior [ RunTime:0.001921s ]
INFO: [ app_begin ] --END-- [ RunTime:0.002115s ]
SQL: SHOW COLUMNS FROM `user` [ RunTime:0.0267s ]

[ 2016-03-19T13:23:15+08:00 ] ::1 /yuankong/home/user/add
INFO: [ app_init ] --START--
INFO: Run Behavior\BuildLiteBehavior [ RunTime:0.000035s ]
INFO: [ app_init ] --END-- [ RunTime:0.000904s ]
INFO: [ app_begin ] --START--
INFO: Run Behavior\ReadHtmlCacheBehavior [ RunTime:0.001088s ]
INFO: [ app_begin ] --END-- [ RunTime:0.001221s ]
SQL: SHOW COLUMNS FROM `user` [ RunTime:0.0223s ]

[ 2016-03-19T13:23:15+08:00 ] ::1 /yuankong/home/user/add
INFO: [ app_init ] --START--
INFO: Run Behavior\BuildLiteBehavior [ RunTime:0.000035s ]
INFO: [ app_init ] --END-- [ RunTime:0.000839s ]
INFO: [ app_begin ] --START--
INFO: Run Behavior\ReadHtmlCacheBehavior [ RunTime:0.001288s ]
INFO: [ app_begin ] --END-- [ RunTime:0.001447s ]
SQL: SHOW COLUMNS FROM `user` [ RunTime:0.0093s ]

[ 2016-03-19T13:24:53+08:00 ] ::1 /yuankong/home/user/add
INFO: [ app_init ] --START--
INFO: Run Behavior\BuildLiteBehavior [ RunTime:0.000037s ]
INFO: [ app_init ] --END-- [ RunTime:0.001080s ]
INFO: [ app_begin ] --START--
INFO: Run Behavior\ReadHtmlCacheBehavior [ RunTime:0.001674s ]
INFO: [ app_begin ] --END-- [ RunTime:0.001857s ]
SQL: SHOW COLUMNS FROM `user` [ RunTime:0.0227s ]
NOTIC: [8] Undefined index: ClientID F:\Code\php\yuankong\Ykong\Home\Controller\UserController.class.php 第 23 行.
SQL: SELECT * FROM `user` WHERE `ClientID` = null LIMIT 1   [ RunTime:0.0285s ]
INFO: [ app_end ] --START--
INFO: Run Behavior\ShowPageTraceBehavior [ RunTime:0.002064s ]
INFO: [ app_end ] --END-- [ RunTime:0.002268s ]

[ 2016-03-19T13:25:07+08:00 ] 192.168.191.2 /yuankong/home/user/add
INFO: [ app_init ] --START--
INFO: Run Behavior\BuildLiteBehavior [ RunTime:0.000038s ]
INFO: [ app_init ] --END-- [ RunTime:0.000974s ]
INFO: [ app_begin ] --START--
INFO: Run Behavior\ReadHtmlCacheBehavior [ RunTime:0.001354s ]
INFO: [ app_begin ] --END-- [ RunTime:0.001532s ]
SQL: SHOW COLUMNS FROM `user` [ RunTime:0.0362s ]
SQL: SELECT * FROM `user` WHERE `ClientID` = '1208260548836221e88329b919efeadb' LIMIT 1   [ RunTime:0.0251s ]
NOTIC: [8] Undefined index: validate F:\Code\php\yuankong\ThinkPHP\Library\Think\Model.class.php 第 1185 行.
NOTIC: [8] Undefined index: auto F:\Code\php\yuankong\ThinkPHP\Library\Think\Model.class.php 第 1128 行.
SQL: INSERT INTO `user` (`ClientID`) VALUES ('1208260548836221e88329b919efeadb') [ RunTime:0.0878s ]
INFO: [ app_end ] --START--
INFO: Run Behavior\ShowPageTraceBehavior [ RunTime:0.001373s ]
INFO: [ app_end ] --END-- [ RunTime:0.001507s ]

[ 2016-03-19T13:25:19+08:00 ] 192.168.191.2 /yuankong/home/user/add
INFO: [ app_init ] --START--
INFO: Run Behavior\BuildLiteBehavior [ RunTime:0.000037s ]
INFO: [ app_init ] --END-- [ RunTime:0.001051s ]
INFO: [ app_begin ] --START--
INFO: Run Behavior\ReadHtmlCacheBehavior [ RunTime:0.001626s ]
INFO: [ app_begin ] --END-- [ RunTime:0.001799s ]
SQL: SHOW COLUMNS FROM `user` [ RunTime:0.0221s ]
SQL: SELECT * FROM `user` WHERE `ClientID` = '1208260548836221e88329b919efeadb' LIMIT 1   [ RunTime:0.0009s ]
INFO: [ app_end ] --START--
INFO: Run Behavior\ShowPageTraceBehavior [ RunTime:0.001475s ]
INFO: [ app_end ] --END-- [ RunTime:0.001626s ]

[ 2016-03-19T13:47:30+08:00 ] 192.168.191.2 /yuankong/home/user/add
INFO: [ app_init ] --START--
INFO: Run Behavior\BuildLiteBehavior [ RunTime:0.000042s ]
INFO: [ app_init ] --END-- [ RunTime:0.001264s ]
INFO: [ app_begin ] --START--
INFO: Run Behavior\ReadHtmlCacheBehavior [ RunTime:0.001609s ]
INFO: [ app_begin ] --END-- [ RunTime:0.001788s ]
SQL: SHOW COLUMNS FROM `user` [ RunTime:0.0311s ]
SQL: SELECT * FROM `user` WHERE `ClientID` = '1208260548836221e88329b919efeadb' LIMIT 1   [ RunTime:0.0008s ]
INFO: [ app_end ] --START--
INFO: Run Behavior\ShowPageTraceBehavior [ RunTime:0.001996s ]
INFO: [ app_end ] --END-- [ RunTime:0.002159s ]

[ 2016-03-19T13:47:43+08:00 ] ::1 /yuankong/
INFO: [ app_init ] --START--
INFO: Run Behavior\BuildLiteBehavior [ RunTime:0.000046s ]
INFO: [ app_init ] --END-- [ RunTime:0.001184s ]
INFO: [ app_begin ] --START--
INFO: Run Behavior\ReadHtmlCacheBehavior [ RunTime:0.001730s ]
INFO: [ app_begin ] --END-- [ RunTime:0.001922s ]
INFO: [ app_end ] --START--
INFO: Run Behavior\ShowPageTraceBehavior [ RunTime:0.002669s ]
INFO: [ app_end ] --END-- [ RunTime:0.002959s ]

[ 2016-03-19T13:49:29+08:00 ] ::1 /yuankong/
INFO: [ app_init ] --START--
INFO: Run Behavior\BuildLiteBehavior [ RunTime:0.000036s ]
INFO: [ app_init ] --END-- [ RunTime:0.000947s ]
INFO: [ app_begin ] --START--
INFO: Run Behavior\ReadHtmlCacheBehavior [ RunTime:0.001202s ]
INFO: [ app_begin ] --END-- [ RunTime:0.001355s ]
INFO: [ view_parse ] --START--
INFO: [ template_filter ] --START--
INFO: Run Behavior\ContentReplaceBehavior [ RunTime:0.015198s ]
INFO: [ template_filter ] --END-- [ RunTime:0.015389s ]
INFO: Run Behavior\ParseTemplateBehavior [ RunTime:0.343252s ]
INFO: [ view_parse ] --END-- [ RunTime:0.343446s ]
INFO: [ view_filter ] --START--
INFO: Run Behavior\WriteHtmlCacheBehavior [ RunTime:0.041767s ]
INFO: [ view_filter ] --END-- [ RunTime:0.041921s ]
INFO: [ app_end ] --START--
INFO: Run Behavior\ShowPageTraceBehavior [ RunTime:0.001348s ]
INFO: [ app_end ] --END-- [ RunTime:0.001497s ]

[ 2016-03-19T13:54:33+08:00 ] ::1 /yuankong/home/user
INFO: [ app_init ] --START--
INFO: Run Behavior\BuildLiteBehavior [ RunTime:0.000044s ]
INFO: [ app_init ] --END-- [ RunTime:0.001375s ]
INFO: [ app_begin ] --START--
INFO: Run Behavior\ReadHtmlCacheBehavior [ RunTime:0.001707s ]
INFO: [ app_begin ] --END-- [ RunTime:0.001933s ]
INFO: [ view_parse ] --START--
INFO: [ template_filter ] --START--
INFO: Run Behavior\ContentReplaceBehavior [ RunTime:0.000117s ]
INFO: [ template_filter ] --END-- [ RunTime:0.000279s ]
INFO: Run Behavior\ParseTemplateBehavior [ RunTime:0.046783s ]
INFO: [ view_parse ] --END-- [ RunTime:0.046974s ]
INFO: [ view_filter ] --START--
INFO: Run Behavior\WriteHtmlCacheBehavior [ RunTime:0.001040s ]
INFO: [ view_filter ] --END-- [ RunTime:0.001175s ]
INFO: [ app_end ] --START--
INFO: Run Behavior\ShowPageTraceBehavior [ RunTime:0.001584s ]
INFO: [ app_end ] --END-- [ RunTime:0.001734s ]

[ 2016-03-19T13:54:46+08:00 ] ::1 /yuankong/home/add
INFO: [ app_init ] --START--
INFO: Run Behavior\BuildLiteBehavior [ RunTime:0.000043s ]
INFO: [ app_init ] --END-- [ RunTime:0.001121s ]
INFO: [ app_begin ] --START--
INFO: Run Behavior\ReadHtmlCacheBehavior [ RunTime:0.001857s ]
INFO: [ app_begin ] --END-- [ RunTime:0.002037s ]
ERR: 无法加载控制器:Add

[ 2016-03-19T13:55:31+08:00 ] ::1 /yuankong/home/useradd
INFO: [ app_init ] --START--
INFO: Run Behavior\BuildLiteBehavior [ RunTime:0.000035s ]
INFO: [ app_init ] --END-- [ RunTime:0.001118s ]
INFO: [ app_begin ] --START--
INFO: Run Behavior\ReadHtmlCacheBehavior [ RunTime:0.002091s ]
INFO: [ app_begin ] --END-- [ RunTime:0.002286s ]
ERR: 无法加载控制器:Useradd

[ 2016-03-19T13:55:36+08:00 ] ::1 /yuankong/home/user/add
INFO: [ app_init ] --START--
INFO: Run Behavior\BuildLiteBehavior [ RunTime:0.000040s ]
INFO: [ app_init ] --END-- [ RunTime:0.000913s ]
INFO: [ app_begin ] --START--
INFO: Run Behavior\ReadHtmlCacheBehavior [ RunTime:0.002928s ]
INFO: [ app_begin ] --END-- [ RunTime:0.003207s ]
SQL: SHOW COLUMNS FROM `user` [ RunTime:0.0260s ]
NOTIC: [8] Undefined index: ClientID F:\Code\php\yuankong\Ykong\Home\Controller\UserController.class.php 第 23 行.
SQL: SELECT * FROM `user` WHERE `ClientID` = null LIMIT 1   [ RunTime:0.0008s ]
INFO: [ app_end ] --START--
INFO: Run Behavior\ShowPageTraceBehavior [ RunTime:0.001753s ]
INFO: [ app_end ] --END-- [ RunTime:0.001899s ]

[ 2016-03-19T13:55:51+08:00 ] ::1 /yuankong/home/useradd
INFO: [ app_init ] --START--
INFO: Run Behavior\BuildLiteBehavior [ RunTime:0.000037s ]
INFO: [ app_init ] --END-- [ RunTime:0.000993s ]
INFO: [ app_begin ] --START--
INFO: Run Behavior\ReadHtmlCacheBehavior [ RunTime:0.001259s ]
INFO: [ app_begin ] --END-- [ RunTime:0.001421s ]
ERR: 无法加载控制器:Useradd

[ 2016-03-19T13:55:51+08:00 ] ::1 /yuankong/home/user/add
INFO: [ app_init ] --START--
INFO: Run Behavior\BuildLiteBehavior [ RunTime:0.000043s ]
INFO: [ app_init ] --END-- [ RunTime:0.001103s ]
INFO: [ app_begin ] --START--
INFO: Run Behavior\ReadHtmlCacheBehavior [ RunTime:0.001395s ]
INFO: [ app_begin ] --END-- [ RunTime:0.001570s ]
SQL: SHOW COLUMNS FROM `user` [ RunTime:0.0250s ]
NOTIC: [8] Undefined index: ClientID F:\Code\php\yuankong\Ykong\Home\Controller\UserController.class.php 第 23 行.
SQL: SELECT * FROM `user` WHERE `ClientID` = null LIMIT 1   [ RunTime:0.0009s ]
INFO: [ app_end ] --START--
INFO: Run Behavior\ShowPageTraceBehavior [ RunTime:0.001878s ]
INFO: [ app_end ] --END-- [ RunTime:0.002042s ]

[ 2016-03-19T13:55:53+08:00 ] ::1 /yuankong/home/useradd
INFO: [ app_init ] --START--
INFO: Run Behavior\BuildLiteBehavior [ RunTime:0.000037s ]
INFO: [ app_init ] --END-- [ RunTime:0.000858s ]
INFO: [ app_begin ] --START--
INFO: Run Behavior\ReadHtmlCacheBehavior [ RunTime:0.001477s ]
INFO: [ app_begin ] --END-- [ RunTime:0.001660s ]
ERR: 无法加载控制器:Useradd

[ 2016-03-19T13:55:55+08:00 ] ::1 /yuankong/home/user/add
INFO: [ app_init ] --START--
INFO: Run Behavior\BuildLiteBehavior [ RunTime:0.000040s ]
INFO: [ app_init ] --END-- [ RunTime:0.001179s ]
INFO: [ app_begin ] --START--
INFO: Run Behavior\ReadHtmlCacheBehavior [ RunTime:0.001265s ]
INFO: [ app_begin ] --END-- [ RunTime:0.001420s ]
SQL: SHOW COLUMNS FROM `user` [ RunTime:0.0247s ]
NOTIC: [8] Undefined index: ClientID F:\Code\php\yuankong\Ykong\Home\Controller\UserController.class.php 第 23 行.
SQL: SELECT * FROM `user` WHERE `ClientID` = null LIMIT 1   [ RunTime:0.0007s ]
INFO: [ app_end ] --START--
INFO: Run Behavior\ShowPageTraceBehavior [ RunTime:0.001439s ]
INFO: [ app_end ] --END-- [ RunTime:0.001584s ]

[ 2016-03-19T13:55:56+08:00 ] ::1 /yuankong/home/useradd
INFO: [ app_init ] --START--
INFO: Run Behavior\BuildLiteBehavior [ RunTime:0.000036s ]
INFO: [ app_init ] --END-- [ RunTime:0.001008s ]
INFO: [ app_begin ] --START--
INFO: Run Behavior\ReadHtmlCacheBehavior [ RunTime:0.001055s ]
INFO: [ app_begin ] --END-- [ RunTime:0.001190s ]
ERR: 无法加载控制器:Useradd

[ 2016-03-19T13:55:57+08:00 ] ::1 /yuankong/home/user/add
INFO: [ app_init ] --START--
INFO: Run Behavior\BuildLiteBehavior [ RunTime:0.000041s ]
INFO: [ app_init ] --END-- [ RunTime:0.001034s ]
INFO: [ app_begin ] --START--
INFO: Run Behavior\ReadHtmlCacheBehavior [ RunTime:0.001489s ]
INFO: [ app_begin ] --END-- [ RunTime:0.001679s ]
SQL: SHOW COLUMNS FROM `user` [ RunTime:0.0230s ]
NOTIC: [8] Undefined index: ClientID F:\Code\php\yuankong\Ykong\Home\Controller\UserController.class.php 第 23 行.
SQL: SELECT * FROM `user` WHERE `ClientID` = null LIMIT 1   [ RunTime:0.0009s ]
INFO: [ app_end ] --START--
INFO: Run Behavior\ShowPageTraceBehavior [ RunTime:0.001503s ]
INFO: [ app_end ] --END-- [ RunTime:0.001659s ]

[ 2016-03-19T13:56:02+08:00 ] ::1 /yuankong/home/user/
INFO: [ app_init ] --START--
INFO: Run Behavior\BuildLiteBehavior [ RunTime:0.000043s ]
INFO: [ app_init ] --END-- [ RunTime:0.001128s ]
INFO: [ app_begin ] --START--
INFO: Run Behavior\ReadHtmlCacheBehavior [ RunTime:0.001437s ]
INFO: [ app_begin ] --END-- [ RunTime:0.001623s ]
INFO: [ view_parse ] --START--
INFO: [ template_filter ] --START--
INFO: Run Behavior\ContentReplaceBehavior [ RunTime:0.000173s ]
INFO: [ template_filter ] --END-- [ RunTime:0.000348s ]
INFO: Run Behavior\ParseTemplateBehavior [ RunTime:0.029756s ]
INFO: [ view_parse ] --END-- [ RunTime:0.029939s ]
INFO: [ view_filter ] --START--
INFO: Run Behavior\WriteHtmlCacheBehavior [ RunTime:0.000957s ]
INFO: [ view_filter ] --END-- [ RunTime:0.001098s ]
INFO: [ app_end ] --START--
INFO: Run Behavior\ShowPageTraceBehavior [ RunTime:0.002399s ]
INFO: [ app_end ] --END-- [ RunTime:0.002557s ]

[ 2016-03-19T13:56:06+08:00 ] ::1 /yuankong/home/user/user/add
INFO: [ app_init ] --START--
INFO: Run Behavior\BuildLiteBehavior [ RunTime:0.000044s ]
INFO: [ app_init ] --END-- [ RunTime:0.001454s ]
INFO: [ app_begin ] --START--
INFO: Run Behavior\ReadHtmlCacheBehavior [ RunTime:0.001480s ]
INFO: [ app_begin ] --END-- [ RunTime:0.001688s ]
ERR: 非法操作:user

[ 2016-03-19T13:56:54+08:00 ] ::1 /yuankong/
INFO: [ app_init ] --START--
INFO: Run Behavior\BuildLiteBehavior [ RunTime:0.000048s ]
INFO: [ app_init ] --END-- [ RunTime:0.001464s ]
INFO: [ app_begin ] --START--
INFO: Run Behavior\ReadHtmlCacheBehavior [ RunTime:0.001765s ]
INFO: [ app_begin ] --END-- [ RunTime:0.002157s ]
INFO: [ view_parse ] --START--
INFO: [ template_filter ] --START--
INFO: Run Behavior\ContentReplaceBehavior [ RunTime:0.000120s ]
INFO: [ template_filter ] --END-- [ RunTime:0.000279s ]
INFO: Run Behavior\ParseTemplateBehavior [ RunTime:0.016897s ]
INFO: [ view_parse ] --END-- [ RunTime:0.017078s ]
INFO: [ view_filter ] --START--
INFO: Run Behavior\WriteHtmlCacheBehavior [ RunTime:0.001477s ]
INFO: [ view_filter ] --END-- [ RunTime:0.001661s ]
INFO: [ app_end ] --START--
INFO: Run Behavior\ShowPageTraceBehavior [ RunTime:0.002451s ]
INFO: [ app_end ] --END-- [ RunTime:0.002672s ]

[ 2016-03-19T13:57:09+08:00 ] ::1 /yuankong/
INFO: [ app_init ] --START--
INFO: Run Behavior\BuildLiteBehavior [ RunTime:0.000045s ]
INFO: [ app_init ] --END-- [ RunTime:0.001392s ]
INFO: [ app_begin ] --START--
INFO: Run Behavior\ReadHtmlCacheBehavior [ RunTime:0.002819s ]
INFO: [ app_begin ] --END-- [ RunTime:0.003022s ]
INFO: [ view_parse ] --START--
INFO: [ template_filter ] --START--
INFO: Run Behavior\ContentReplaceBehavior [ RunTime:0.000130s ]
INFO: [ template_filter ] --END-- [ RunTime:0.000301s ]
INFO: Run Behavior\ParseTemplateBehavior [ RunTime:0.019935s ]
INFO: [ view_parse ] --END-- [ RunTime:0.020130s ]
INFO: [ view_filter ] --START--
INFO: Run Behavior\WriteHtmlCacheBehavior [ RunTime:0.001520s ]
INFO: [ view_filter ] --END-- [ RunTime:0.001670s ]
INFO: [ app_end ] --START--
INFO: Run Behavior\ShowPageTraceBehavior [ RunTime:0.001791s ]
INFO: [ app_end ] --END-- [ RunTime:0.001944s ]

[ 2016-03-19T13:57:25+08:00 ] ::1 /yuankong/
INFO: [ app_init ] --START--
INFO: Run Behavior\BuildLiteBehavior [ RunTime:0.000047s ]
INFO: [ app_init ] --END-- [ RunTime:0.001352s ]
INFO: [ app_begin ] --START--
INFO: Run Behavior\ReadHtmlCacheBehavior [ RunTime:0.001291s ]
INFO: [ app_begin ] --END-- [ RunTime:0.001464s ]
INFO: [ view_parse ] --START--
INFO: [ template_filter ] --START--
INFO: Run Behavior\ContentReplaceBehavior [ RunTime:0.000123s ]
INFO: [ template_filter ] --END-- [ RunTime:0.000304s ]
INFO: Run Behavior\ParseTemplateBehavior [ RunTime:0.025514s ]
INFO: [ view_parse ] --END-- [ RunTime:0.025692s ]
INFO: [ view_filter ] --START--
INFO: Run Behavior\WriteHtmlCacheBehavior [ RunTime:0.001041s ]
INFO: [ view_filter ] --END-- [ RunTime:0.001193s ]
INFO: [ app_end ] --START--
INFO: Run Behavior\ShowPageTraceBehavior [ RunTime:0.001520s ]
INFO: [ app_end ] --END-- [ RunTime:0.001672s ]

[ 2016-03-19T13:57:28+08:00 ] ::1 /yuankong/
INFO: [ app_init ] --START--
INFO: Run Behavior\BuildLiteBehavior [ RunTime:0.000047s ]
INFO: [ app_init ] --END-- [ RunTime:0.001445s ]
INFO: [ app_begin ] --START--
INFO: Run Behavior\ReadHtmlCacheBehavior [ RunTime:0.001560s ]
INFO: [ app_begin ] --END-- [ RunTime:0.001765s ]
INFO: [ view_parse ] --START--
INFO: [ template_filter ] --START--
INFO: Run Behavior\ContentReplaceBehavior [ RunTime:0.000131s ]
INFO: [ template_filter ] --END-- [ RunTime:0.000299s ]
INFO: Run Behavior\ParseTemplateBehavior [ RunTime:0.014610s ]
INFO: [ view_parse ] --END-- [ RunTime:0.014792s ]
INFO: [ view_filter ] --START--
INFO: Run Behavior\WriteHtmlCacheBehavior [ RunTime:0.000669s ]
INFO: [ view_filter ] --END-- [ RunTime:0.000852s ]
INFO: [ app_end ] --START--
INFO: Run Behavior\ShowPageTraceBehavior [ RunTime:0.001347s ]
INFO: [ app_end ] --END-- [ RunTime:0.001493s ]

[ 2016-03-19T13:58:06+08:00 ] ::1 /yuankong/
INFO: [ app_init ] --START--
INFO: Run Behavior\BuildLiteBehavior [ RunTime:0.000043s ]
INFO: [ app_init ] --END-- [ RunTime:0.001241s ]
INFO: [ app_begin ] --START--
INFO: Run Behavior\ReadHtmlCacheBehavior [ RunTime:0.001902s ]
INFO: [ app_begin ] --END-- [ RunTime:0.002197s ]
INFO: [ view_parse ] --START--
INFO: [ template_filter ] --START--
INFO: Run Behavior\ContentReplaceBehavior [ RunTime:0.000127s ]
INFO: [ template_filter ] --END-- [ RunTime:0.000301s ]
INFO: Run Behavior\ParseTemplateBehavior [ RunTime:0.016986s ]
INFO: [ view_parse ] --END-- [ RunTime:0.017159s ]
INFO: [ view_filter ] --START--
INFO: Run Behavior\WriteHtmlCacheBehavior [ RunTime:0.001014s ]
INFO: [ view_filter ] --END-- [ RunTime:0.001147s ]
INFO: [ app_end ] --START--
INFO: Run Behavior\ShowPageTraceBehavior [ RunTime:0.001981s ]
INFO: [ app_end ] --END-- [ RunTime:0.002207s ]

[ 2016-03-19T13:58:08+08:00 ] ::1 /yuankong/
INFO: [ app_init ] --START--
INFO: Run Behavior\BuildLiteBehavior [ RunTime:0.000043s ]
INFO: [ app_init ] --END-- [ RunTime:0.001348s ]
INFO: [ app_begin ] --START--
INFO: Run Behavior\ReadHtmlCacheBehavior [ RunTime:0.001316s ]
INFO: [ app_begin ] --END-- [ RunTime:0.001490s ]
INFO: [ view_parse ] --START--
INFO: [ template_filter ] --START--
INFO: Run Behavior\ContentReplaceBehavior [ RunTime:0.000134s ]
INFO: [ template_filter ] --END-- [ RunTime:0.000309s ]
INFO: Run Behavior\ParseTemplateBehavior [ RunTime:0.014706s ]
INFO: [ view_parse ] --END-- [ RunTime:0.014870s ]
INFO: [ view_filter ] --START--
INFO: Run Behavior\WriteHtmlCacheBehavior [ RunTime:0.000591s ]
INFO: [ view_filter ] --END-- [ RunTime:0.000700s ]
INFO: [ app_end ] --START--
INFO: Run Behavior\ShowPageTraceBehavior [ RunTime:0.001093s ]
INFO: [ app_end ] --END-- [ RunTime:0.001214s ]

[ 2016-03-19T13:58:11+08:00 ] ::1 /yuankong/
INFO: [ app_init ] --START--
INFO: Run Behavior\BuildLiteBehavior [ RunTime:0.000039s ]
INFO: [ app_init ] --END-- [ RunTime:0.000982s ]
INFO: [ app_begin ] --START--
INFO: Run Behavior\ReadHtmlCacheBehavior [ RunTime:0.001340s ]
INFO: [ app_begin ] --END-- [ RunTime:0.001522s ]
INFO: [ view_parse ] --START--
INFO: [ template_filter ] --START--
INFO: Run Behavior\ContentReplaceBehavior [ RunTime:0.000122s ]
INFO: [ template_filter ] --END-- [ RunTime:0.000287s ]
INFO: Run Behavior\ParseTemplateBehavior [ RunTime:0.015121s ]
INFO: [ view_parse ] --END-- [ RunTime:0.015307s ]
INFO: [ view_filter ] --START--
INFO: Run Behavior\WriteHtmlCacheBehavior [ RunTime:0.000777s ]
INFO: [ view_filter ] --END-- [ RunTime:0.000893s ]
INFO: [ app_end ] --START--
INFO: Run Behavior\ShowPageTraceBehavior [ RunTime:0.001244s ]
INFO: [ app_end ] --END-- [ RunTime:0.001369s ]

[ 2016-03-19T13:58:13+08:00 ] ::1 /yuankong/
INFO: [ app_init ] --START--
INFO: Run Behavior\BuildLiteBehavior [ RunTime:0.000037s ]
INFO: [ app_init ] --END-- [ RunTime:0.000960s ]
INFO: [ app_begin ] --START--
INFO: Run Behavior\ReadHtmlCacheBehavior [ RunTime:0.001361s ]
INFO: [ app_begin ] --END-- [ RunTime:0.001542s ]
INFO: [ view_parse ] --START--
INFO: [ template_filter ] --START--
INFO: Run Behavior\ContentReplaceBehavior [ RunTime:0.000119s ]
INFO: [ template_filter ] --END-- [ RunTime:0.000275s ]
INFO: Run Behavior\ParseTemplateBehavior [ RunTime:0.014683s ]
INFO: [ view_parse ] --END-- [ RunTime:0.014861s ]
INFO: [ view_filter ] --START--
INFO: Run Behavior\WriteHtmlCacheBehavior [ RunTime:0.000813s ]
INFO: [ view_filter ] --END-- [ RunTime:0.000954s ]
INFO: [ app_end ] --START--
INFO: Run Behavior\ShowPageTraceBehavior [ RunTime:0.001428s ]
INFO: [ app_end ] --END-- [ RunTime:0.001576s ]

[ 2016-03-19T13:58:27+08:00 ] ::1 /yuankong/
INFO: [ app_init ] --START--
INFO: Run Behavior\BuildLiteBehavior [ RunTime:0.000046s ]
INFO: [ app_init ] --END-- [ RunTime:0.001203s ]
INFO: [ app_begin ] --START--
INFO: Run Behavior\ReadHtmlCacheBehavior [ RunTime:0.001492s ]
INFO: [ app_begin ] --END-- [ RunTime:0.001797s ]
INFO: [ view_parse ] --START--
INFO: [ template_filter ] --START--
INFO: Run Behavior\ContentReplaceBehavior [ RunTime:0.000116s ]
INFO: [ template_filter ] --END-- [ RunTime:0.000270s ]
INFO: Run Behavior\ParseTemplateBehavior [ RunTime:0.013446s ]
INFO: [ view_parse ] --END-- [ RunTime:0.013641s ]
INFO: [ view_filter ] --START--
INFO: Run Behavior\WriteHtmlCacheBehavior [ RunTime:0.001068s ]
INFO: [ view_filter ] --END-- [ RunTime:0.001227s ]
INFO: [ app_end ] --START--
INFO: Run Behavior\ShowPageTraceBehavior [ RunTime:0.001498s ]
INFO: [ app_end ] --END-- [ RunTime:0.001655s ]

[ 2016-03-19T13:58:29+08:00 ] ::1 /yuankong/
INFO: [ app_init ] --START--
INFO: Run Behavior\BuildLiteBehavior [ RunTime:0.000036s ]
INFO: [ app_init ] --END-- [ RunTime:0.000844s ]
INFO: [ app_begin ] --START--
INFO: Run Behavior\ReadHtmlCacheBehavior [ RunTime:0.001377s ]
INFO: [ app_begin ] --END-- [ RunTime:0.001550s ]
INFO: [ view_parse ] --START--
INFO: [ template_filter ] --START--
INFO: Run Behavior\ContentReplaceBehavior [ RunTime:0.000126s ]
INFO: [ template_filter ] --END-- [ RunTime:0.000295s ]
INFO: Run Behavior\ParseTemplateBehavior [ RunTime:0.015022s ]
INFO: [ view_parse ] --END-- [ RunTime:0.015204s ]
INFO: [ view_filter ] --START--
INFO: Run Behavior\WriteHtmlCacheBehavior [ RunTime:0.001009s ]
INFO: [ view_filter ] --END-- [ RunTime:0.001162s ]
INFO: [ app_end ] --START--
INFO: Run Behavior\ShowPageTraceBehavior [ RunTime:0.001695s ]
INFO: [ app_end ] --END-- [ RunTime:0.001869s ]

[ 2016-03-19T14:00:49+08:00 ] ::1 /yuankong/
INFO: [ app_init ] --START--
INFO: Run Behavior\BuildLiteBehavior [ RunTime:0.000037s ]
INFO: [ app_init ] --END-- [ RunTime:0.001024s ]
INFO: [ app_begin ] --START--
INFO: Run Behavior\ReadHtmlCacheBehavior [ RunTime:0.001661s ]
INFO: [ app_begin ] --END-- [ RunTime:0.001838s ]
INFO: [ view_parse ] --START--
INFO: [ template_filter ] --START--
INFO: Run Behavior\ContentReplaceBehavior [ RunTime:0.000125s ]
INFO: [ template_filter ] --END-- [ RunTime:0.000291s ]
INFO: Run Behavior\ParseTemplateBehavior [ RunTime:0.016176s ]
INFO: [ view_parse ] --END-- [ RunTime:0.016395s ]
INFO: [ view_filter ] --START--
INFO: Run Behavior\WriteHtmlCacheBehavior [ RunTime:0.001099s ]
INFO: [ view_filter ] --END-- [ RunTime:0.001222s ]
INFO: [ app_end ] --START--
INFO: Run Behavior\ShowPageTraceBehavior [ RunTime:0.001479s ]
INFO: [ app_end ] --END-- [ RunTime:0.001624s ]

[ 2016-03-19T14:01:01+08:00 ] ::1 /yuankong/
INFO: [ app_init ] --START--
INFO: Run Behavior\BuildLiteBehavior [ RunTime:0.000047s ]
INFO: [ app_init ] --END-- [ RunTime:0.001310s ]
INFO: [ app_begin ] --START--
INFO: Run Behavior\ReadHtmlCacheBehavior [ RunTime:0.001901s ]
INFO: [ app_begin ] --END-- [ RunTime:0.002102s ]
INFO: [ view_parse ] --START--
INFO: [ template_filter ] --START--
INFO: Run Behavior\ContentReplaceBehavior [ RunTime:0.000129s ]
INFO: [ template_filter ] --END-- [ RunTime:0.000301s ]
INFO: Run Behavior\ParseTemplateBehavior [ RunTime:0.017522s ]
INFO: [ view_parse ] --END-- [ RunTime:0.017808s ]
INFO: [ view_filter ] --START--
INFO: Run Behavior\WriteHtmlCacheBehavior [ RunTime:0.001253s ]
INFO: [ view_filter ] --END-- [ RunTime:0.001409s ]
INFO: [ app_end ] --START--
INFO: Run Behavior\ShowPageTraceBehavior [ RunTime:0.003125s ]
INFO: [ app_end ] --END-- [ RunTime:0.003316s ]

[ 2016-03-19T14:01:36+08:00 ] ::1 /yuankong/
INFO: [ app_init ] --START--
INFO: Run Behavior\BuildLiteBehavior [ RunTime:0.000041s ]
INFO: [ app_init ] --END-- [ RunTime:0.001192s ]
INFO: [ app_begin ] --START--
INFO: Run Behavior\ReadHtmlCacheBehavior [ RunTime:0.001843s ]
INFO: [ app_begin ] --END-- [ RunTime:0.002039s ]
INFO: [ view_parse ] --START--
INFO: [ template_filter ] --START--
INFO: Run Behavior\ContentReplaceBehavior [ RunTime:0.000272s ]
INFO: [ template_filter ] --END-- [ RunTime:0.000516s ]
INFO: Run Behavior\ParseTemplateBehavior [ RunTime:0.056231s ]
INFO: [ view_parse ] --END-- [ RunTime:0.056405s ]
INFO: [ view_filter ] --START--
INFO: Run Behavior\WriteHtmlCacheBehavior [ RunTime:0.001261s ]
INFO: [ view_filter ] --END-- [ RunTime:0.001407s ]
INFO: [ app_end ] --START--
INFO: Run Behavior\ShowPageTraceBehavior [ RunTime:0.002238s ]
INFO: [ app_end ] --END-- [ RunTime:0.002569s ]

[ 2016-03-19T14:01:37+08:00 ] ::1 /yuankong/index.php/Home/user/add%22
INFO: [ app_init ] --START--
INFO: Run Behavior\BuildLiteBehavior [ RunTime:0.000035s ]
INFO: [ app_init ] --END-- [ RunTime:0.000826s ]
INFO: [ app_begin ] --START--
INFO: Run Behavior\ReadHtmlCacheBehavior [ RunTime:0.001294s ]
INFO: [ app_begin ] --END-- [ RunTime:0.001467s ]
ERR: 非法操作:add"

[ 2016-03-19T14:02:30+08:00 ] ::1 /yuankong/
INFO: [ app_init ] --START--
INFO: Run Behavior\BuildLiteBehavior [ RunTime:0.000071s ]
INFO: [ app_init ] --END-- [ RunTime:0.001362s ]
INFO: [ app_begin ] --START--
INFO: Run Behavior\ReadHtmlCacheBehavior [ RunTime:0.001468s ]
INFO: [ app_begin ] --END-- [ RunTime:0.001659s ]
INFO: [ view_parse ] --START--
INFO: [ template_filter ] --START--
INFO: Run Behavior\ContentReplaceBehavior [ RunTime:0.000123s ]
INFO: [ template_filter ] --END-- [ RunTime:0.000320s ]
INFO: Run Behavior\ParseTemplateBehavior [ RunTime:0.027047s ]
INFO: [ view_parse ] --END-- [ RunTime:0.027214s ]
INFO: [ view_filter ] --START--
INFO: Run Behavior\WriteHtmlCacheBehavior [ RunTime:0.000794s ]
INFO: [ view_filter ] --END-- [ RunTime:0.000922s ]
INFO: [ app_end ] --START--
INFO: Run Behavior\ShowPageTraceBehavior [ RunTime:0.001428s ]
INFO: [ app_end ] --END-- [ RunTime:0.001590s ]

[ 2016-03-19T14:02:32+08:00 ] ::1 /yuankong/
INFO: [ app_init ] --START--
INFO: Run Behavior\BuildLiteBehavior [ RunTime:0.000044s ]
INFO: [ app_init ] --END-- [ RunTime:0.001148s ]
INFO: [ app_begin ] --START--
INFO: Run Behavior\ReadHtmlCacheBehavior [ RunTime:0.001225s ]
INFO: [ app_begin ] --END-- [ RunTime:0.001379s ]
INFO: [ view_parse ] --START--
INFO: [ template_filter ] --START--
INFO: Run Behavior\ContentReplaceBehavior [ RunTime:0.000122s ]
INFO: [ template_filter ] --END-- [ RunTime:0.000292s ]
INFO: Run Behavior\ParseTemplateBehavior [ RunTime:0.015749s ]
INFO: [ view_parse ] --END-- [ RunTime:0.015924s ]
INFO: [ view_filter ] --START--
INFO: Run Behavior\WriteHtmlCacheBehavior [ RunTime:0.000658s ]
INFO: [ view_filter ] --END-- [ RunTime:0.000771s ]
INFO: [ app_end ] --START--
INFO: Run Behavior\ShowPageTraceBehavior [ RunTime:0.001179s ]
INFO: [ app_end ] --END-- [ RunTime:0.001317s ]

[ 2016-03-19T14:02:33+08:00 ] ::1 /yuankong/index.php/Home/user/add
INFO: [ app_init ] --START--
INFO: Run Behavior\BuildLiteBehavior [ RunTime:0.000037s ]
INFO: [ app_init ] --END-- [ RunTime:0.000800s ]
INFO: [ app_begin ] --START--
INFO: Run Behavior\ReadHtmlCacheBehavior [ RunTime:0.001194s ]
INFO: [ app_begin ] --END-- [ RunTime:0.001355s ]
SQL: SHOW COLUMNS FROM `user` [ RunTime:0.0252s ]
NOTIC: [8] Undefined index: ClientID F:\Code\php\yuankong\Ykong\Home\Controller\UserController.class.php 第 23 行.
SQL: SELECT * FROM `user` WHERE `ClientID` = null LIMIT 1   [ RunTime:0.0009s ]
NOTIC: [8] Undefined index: validate F:\Code\php\yuankong\ThinkPHP\Library\Think\Model.class.php 第 1185 行.
NOTIC: [8] Undefined index: auto F:\Code\php\yuankong\ThinkPHP\Library\Think\Model.class.php 第 1128 行.
SQL: INSERT INTO `user` (`Name`,`Passwd`) VALUES ('','') [ RunTime:0.1103s ]
INFO: [ app_end ] --START--
INFO: Run Behavior\ShowPageTraceBehavior [ RunTime:0.001427s ]
INFO: [ app_end ] --END-- [ RunTime:0.001587s ]

[ 2016-03-19T14:02:44+08:00 ] ::1 /yuankong/
INFO: [ app_init ] --START--
INFO: Run Behavior\BuildLiteBehavior [ RunTime:0.000040s ]
INFO: [ app_init ] --END-- [ RunTime:0.000939s ]
INFO: [ app_begin ] --START--
INFO: Run Behavior\ReadHtmlCacheBehavior [ RunTime:0.001295s ]
INFO: [ app_begin ] --END-- [ RunTime:0.001491s ]
INFO: [ view_parse ] --START--
INFO: [ template_filter ] --START--
INFO: Run Behavior\ContentReplaceBehavior [ RunTime:0.000116s ]
INFO: [ template_filter ] --END-- [ RunTime:0.000274s ]
INFO: Run Behavior\ParseTemplateBehavior [ RunTime:0.028729s ]
INFO: [ view_parse ] --END-- [ RunTime:0.028903s ]
INFO: [ view_filter ] --START--
INFO: Run Behavior\WriteHtmlCacheBehavior [ RunTime:0.001745s ]
INFO: [ view_filter ] --END-- [ RunTime:0.001926s ]
INFO: [ app_end ] --START--
INFO: Run Behavior\ShowPageTraceBehavior [ RunTime:0.001709s ]
INFO: [ app_end ] --END-- [ RunTime:0.002007s ]

[ 2016-03-19T14:03:08+08:00 ] ::1 /yuankong/
INFO: [ app_init ] --START--
INFO: Run Behavior\BuildLiteBehavior [ RunTime:0.000050s ]
INFO: [ app_init ] --END-- [ RunTime:0.001220s ]
INFO: [ app_begin ] --START--
INFO: Run Behavior\ReadHtmlCacheBehavior [ RunTime:0.001377s ]
INFO: [ app_begin ] --END-- [ RunTime:0.001561s ]
INFO: [ view_parse ] --START--
INFO: [ template_filter ] --START--
INFO: Run Behavior\ContentReplaceBehavior [ RunTime:0.000123s ]
INFO: [ template_filter ] --END-- [ RunTime:0.000300s ]
INFO: Run Behavior\ParseTemplateBehavior [ RunTime:0.028003s ]
INFO: [ view_parse ] --END-- [ RunTime:0.028171s ]
INFO: [ view_filter ] --START--
INFO: Run Behavior\WriteHtmlCacheBehavior [ RunTime:0.000787s ]
INFO: [ view_filter ] --END-- [ RunTime:0.000922s ]
INFO: [ app_end ] --START--
INFO: Run Behavior\ShowPageTraceBehavior [ RunTime:0.001412s ]
INFO: [ app_end ] --END-- [ RunTime:0.001567s ]

[ 2016-03-19T14:03:18+08:00 ] ::1 /yuankong/index.php/Home/user/push
INFO: [ app_init ] --START--
INFO: Run Behavior\BuildLiteBehavior [ RunTime:0.000042s ]
INFO: [ app_init ] --END-- [ RunTime:0.001083s ]
INFO: [ app_begin ] --START--
INFO: Run Behavior\ReadHtmlCacheBehavior [ RunTime:0.001926s ]
INFO: [ app_begin ] --END-- [ RunTime:0.002148s ]
SQL: SHOW COLUMNS FROM `user` [ RunTime:0.0247s ]
NOTIC: [8] Undefined index: validate F:\Code\php\yuankong\ThinkPHP\Library\Think\Model.class.php 第 1185 行.
NOTIC: [8] Undefined index: auto F:\Code\php\yuankong\ThinkPHP\Library\Think\Model.class.php 第 1128 行.
SQL: SELECT * FROM `user` WHERE `Name` = 'chen' AND `Passwd` = 'root' LIMIT 1   [ RunTime:0.0281s ]
NOTIC: [8] Undefined index: z3tpQNHVGe7iu6exjI4fB3 F:\Code\php\yuankong\ThinkPHP\Library\Vendor\GeTui\IGeTui.class.php 第 56 行.
NOTIC: [8] Undefined index: version F:\Code\php\yuankong\ThinkPHP\Library\Vendor\GeTui\igetui\utils\HttpManager.php 第 49 行.
NOTIC: [8] Undefined index: z3tpQNHVGe7iu6exjI4fB3 F:\Code\php\yuankong\ThinkPHP\Library\Vendor\GeTui\igetui\utils\ApiUrlRespectUtils.php 第 20 行.
ERR: 1146:Table 'ykong.userinfo' doesn't exist
 [ SQL语句 ] : SHOW COLUMNS FROM `userinfo`
ERR: 1146:Table 'ykong.userinfo' doesn't exist
 [ SQL语句 ] : SHOW COLUMNS FROM `userinfo`

[ 2016-03-19T14:04:27+08:00 ] ::1 /yuankong/index.php/Home/user/push
INFO: [ app_init ] --START--
INFO: Run Behavior\BuildLiteBehavior [ RunTime:0.000044s ]
INFO: [ app_init ] --END-- [ RunTime:0.001576s ]
INFO: [ app_begin ] --START--
INFO: Run Behavior\ReadHtmlCacheBehavior [ RunTime:0.001876s ]
INFO: [ app_begin ] --END-- [ RunTime:0.002081s ]
SQL: SHOW COLUMNS FROM `user` [ RunTime:0.0246s ]
SQL: SELECT * FROM `user` LIMIT 1   [ RunTime:0.0009s ]
INFO: [ app_end ] --START--
INFO: Run Behavior\ShowPageTraceBehavior [ RunTime:0.001954s ]
INFO: [ app_end ] --END-- [ RunTime:0.002112s ]

[ 2016-03-19T14:05:19+08:00 ] ::1 /yuankong/index.php/Home/user/push
INFO: [ app_init ] --START--
INFO: Run Behavior\BuildLiteBehavior [ RunTime:0.000040s ]
INFO: [ app_init ] --END-- [ RunTime:0.001191s ]
INFO: [ app_begin ] --START--
INFO: Run Behavior\ReadHtmlCacheBehavior [ RunTime:0.002356s ]
INFO: [ app_begin ] --END-- [ RunTime:0.002550s ]
SQL: SHOW COLUMNS FROM `user` [ RunTime:0.0311s ]
SQL: SELECT * FROM `user` LIMIT 1   [ RunTime:0.0010s ]
INFO: [ app_end ] --START--
INFO: Run Behavior\ShowPageTraceBehavior [ RunTime:0.001969s ]
INFO: [ app_end ] --END-- [ RunTime:0.002127s ]

[ 2016-03-19T14:05:21+08:00 ] ::1 /yuankong/index.php/Home/user/push
INFO: [ app_init ] --START--
INFO: Run Behavior\BuildLiteBehavior [ RunTime:0.000045s ]
INFO: [ app_init ] --END-- [ RunTime:0.001210s ]
INFO: [ app_begin ] --START--
INFO: Run Behavior\ReadHtmlCacheBehavior [ RunTime:0.001259s ]
INFO: [ app_begin ] --END-- [ RunTime:0.001426s ]
SQL: SHOW COLUMNS FROM `user` [ RunTime:0.0232s ]
SQL: SELECT `ClientID` FROM `user` LIMIT 1   [ RunTime:0.0010s ]
INFO: [ app_end ] --START--
INFO: Run Behavior\ShowPageTraceBehavior [ RunTime:0.001564s ]
INFO: [ app_end ] --END-- [ RunTime:0.001728s ]

[ 2016-03-19T14:05:40+08:00 ] ::1 /yuankong/index.php/Home/user/push
INFO: [ app_init ] --START--
INFO: Run Behavior\BuildLiteBehavior [ RunTime:0.000053s ]
INFO: [ app_init ] --END-- [ RunTime:0.001543s ]
INFO: [ app_begin ] --START--
INFO: Run Behavior\ReadHtmlCacheBehavior [ RunTime:0.002088s ]
INFO: [ app_begin ] --END-- [ RunTime:0.002969s ]
SQL: SHOW COLUMNS FROM `user` [ RunTime:0.0453s ]
SQL: SELECT `ClientID` FROM `user` LIMIT 1   [ RunTime:0.0008s ]
INFO: [ app_end ] --START--
INFO: Run Behavior\ShowPageTraceBehavior [ RunTime:0.001894s ]
INFO: [ app_end ] --END-- [ RunTime:0.002057s ]

[ 2016-03-19T14:05:42+08:00 ] ::1 /yuankong/index.php/Home/user/push
INFO: [ app_init ] --START--
INFO: Run Behavior\BuildLiteBehavior [ RunTime:0.000037s ]
INFO: [ app_init ] --END-- [ RunTime:0.001005s ]
INFO: [ app_begin ] --START--
INFO: Run Behavior\ReadHtmlCacheBehavior [ RunTime:0.001139s ]
INFO: [ app_begin ] --END-- [ RunTime:0.001291s ]
SQL: SHOW COLUMNS FROM `user` [ RunTime:0.0242s ]
SQL: SELECT `ClientID` FROM `user` LIMIT 1   [ RunTime:0.0010s ]
INFO: [ app_end ] --START--
INFO: Run Behavior\ShowPageTraceBehavior [ RunTime:0.001553s ]
INFO: [ app_end ] --END-- [ RunTime:0.001701s ]

[ 2016-03-19T14:06:28+08:00 ] ::1 /yuankong/index.php/Home/user/push
INFO: [ app_init ] --START--
INFO: Run Behavior\BuildLiteBehavior [ RunTime:0.000045s ]
INFO: [ app_init ] --END-- [ RunTime:0.001171s ]
INFO: [ app_begin ] --START--
INFO: Run Behavior\ReadHtmlCacheBehavior [ RunTime:0.001458s ]
INFO: [ app_begin ] --END-- [ RunTime:0.001657s ]
SQL: SHOW COLUMNS FROM `user` [ RunTime:0.0278s ]
SQL: SELECT `ClientID` FROM `user` LIMIT 1   [ RunTime:0.0007s ]
INFO: [ app_end ] --START--
INFO: Run Behavior\ShowPageTraceBehavior [ RunTime:0.001620s ]
INFO: [ app_end ] --END-- [ RunTime:0.001778s ]

[ 2016-03-19T14:06:32+08:00 ] ::1 /yuankong/index.php/Home/user/push
INFO: [ app_init ] --START--
INFO: Run Behavior\BuildLiteBehavior [ RunTime:0.000040s ]
INFO: [ app_init ] --END-- [ RunTime:0.001015s ]
INFO: [ app_begin ] --START--
INFO: Run Behavior\ReadHtmlCacheBehavior [ RunTime:0.001710s ]
INFO: [ app_begin ] --END-- [ RunTime:0.001906s ]
SQL: SHOW COLUMNS FROM `user` [ RunTime:0.0248s ]
SQL: SELECT `ClientID` FROM `user` LIMIT 1   [ RunTime:0.0008s ]
NOTIC: [8] Undefined index: z3tpQNHVGe7iu6exjI4fB3 F:\Code\php\yuankong\ThinkPHP\Library\Vendor\GeTui\IGeTui.class.php 第 56 行.
NOTIC: [8] Undefined index: version F:\Code\php\yuankong\ThinkPHP\Library\Vendor\GeTui\igetui\utils\HttpManager.php 第 49 行.
NOTIC: [8] Undefined index: z3tpQNHVGe7iu6exjI4fB3 F:\Code\php\yuankong\ThinkPHP\Library\Vendor\GeTui\igetui\utils\ApiUrlRespectUtils.php 第 20 行.
ERR: 1146:Table 'ykong.userinfo' doesn't exist
 [ SQL语句 ] : SHOW COLUMNS FROM `userinfo`
ERR: 1146:Table 'ykong.userinfo' doesn't exist
 [ SQL语句 ] : SHOW COLUMNS FROM `userinfo`

[ 2016-03-19T14:07:10+08:00 ] ::1 /yuankong/index.php/Home/user/push
INFO: [ app_init ] --START--
INFO: Run Behavior\BuildLiteBehavior [ RunTime:0.000047s ]
INFO: [ app_init ] --END-- [ RunTime:0.001245s ]
INFO: [ app_begin ] --START--
INFO: Run Behavior\ReadHtmlCacheBehavior [ RunTime:0.001439s ]
INFO: [ app_begin ] --END-- [ RunTime:0.001621s ]
SQL: SHOW COLUMNS FROM `user` [ RunTime:0.0584s ]
SQL: SELECT `ClientID` FROM `user` LIMIT 1   [ RunTime:0.0008s ]
NOTIC: [8] Undefined index: z3tpQNHVGe7iu6exjI4fB3 F:\Code\php\yuankong\ThinkPHP\Library\Vendor\GeTui\IGeTui.class.php 第 56 行.
NOTIC: [8] Undefined index: version F:\Code\php\yuankong\ThinkPHP\Library\Vendor\GeTui\igetui\utils\HttpManager.php 第 49 行.
NOTIC: [8] Undefined index: z3tpQNHVGe7iu6exjI4fB3 F:\Code\php\yuankong\ThinkPHP\Library\Vendor\GeTui\igetui\utils\ApiUrlRespectUtils.php 第 20 行.
ERR: 1146:Table 'ykong.userinfo' doesn't exist
 [ SQL语句 ] : SHOW COLUMNS FROM `userinfo`
ERR: 1146:Table 'ykong.userinfo' doesn't exist
 [ SQL语句 ] : SHOW COLUMNS FROM `userinfo`

[ 2016-03-19T14:07:11+08:00 ] ::1 /yuankong/index.php/Home/user/push
INFO: [ app_init ] --START--
INFO: Run Behavior\BuildLiteBehavior [ RunTime:0.000039s ]
INFO: [ app_init ] --END-- [ RunTime:0.000976s ]
INFO: [ app_begin ] --START--
INFO: Run Behavior\ReadHtmlCacheBehavior [ RunTime:0.001397s ]
INFO: [ app_begin ] --END-- [ RunTime:0.001623s ]
SQL: SHOW COLUMNS FROM `user` [ RunTime:0.0241s ]
SQL: SELECT `ClientID` FROM `user` LIMIT 1   [ RunTime:0.0009s ]
INFO: [ app_end ] --START--
INFO: Run Behavior\ShowPageTraceBehavior [ RunTime:0.001490s ]
INFO: [ app_end ] --END-- [ RunTime:0.001649s ]

[ 2016-03-19T14:07:19+08:00 ] ::1 /yuankong/index.php/Home/user/push
INFO: [ app_init ] --START--
INFO: Run Behavior\BuildLiteBehavior [ RunTime:0.000047s ]
INFO: [ app_init ] --END-- [ RunTime:0.001292s ]
INFO: [ app_begin ] --START--
INFO: Run Behavior\ReadHtmlCacheBehavior [ RunTime:0.001515s ]
INFO: [ app_begin ] --END-- [ RunTime:0.001714s ]
SQL: SHOW COLUMNS FROM `user` [ RunTime:0.0367s ]
SQL: SELECT `ClientID` FROM `user` LIMIT 1   [ RunTime:0.0007s ]
INFO: [ app_end ] --START--
INFO: Run Behavior\ShowPageTraceBehavior [ RunTime:0.001458s ]
INFO: [ app_end ] --END-- [ RunTime:0.001609s ]

[ 2016-03-19T14:07:21+08:00 ] ::1 /yuankong/index.php/Home/user/push
INFO: [ app_init ] --START--
INFO: Run Behavior\BuildLiteBehavior [ RunTime:0.000040s ]
INFO: [ app_init ] --END-- [ RunTime:0.001182s ]
INFO: [ app_begin ] --START--
INFO: Run Behavior\ReadHtmlCacheBehavior [ RunTime:0.001691s ]
INFO: [ app_begin ] --END-- [ RunTime:0.001880s ]
SQL: SHOW COLUMNS FROM `user` [ RunTime:0.0238s ]
SQL: SELECT `ClientID` FROM `user` LIMIT 1   [ RunTime:0.0007s ]
NOTIC: [8] Undefined index: z3tpQNHVGe7iu6exjI4fB3 F:\Code\php\yuankong\ThinkPHP\Library\Vendor\GeTui\IGeTui.class.php 第 56 行.
NOTIC: [8] Undefined index: version F:\Code\php\yuankong\ThinkPHP\Library\Vendor\GeTui\igetui\utils\HttpManager.php 第 49 行.
NOTIC: [8] Undefined index: z3tpQNHVGe7iu6exjI4fB3 F:\Code\php\yuankong\ThinkPHP\Library\Vendor\GeTui\igetui\utils\ApiUrlRespectUtils.php 第 20 行.
ERR: 1146:Table 'ykong.userinfo' doesn't exist
 [ SQL语句 ] : SHOW COLUMNS FROM `userinfo`
ERR: 1146:Table 'ykong.userinfo' doesn't exist
 [ SQL语句 ] : SHOW COLUMNS FROM `userinfo`

[ 2016-03-19T14:08:57+08:00 ] ::1 /yuankong/index.php/Home/user/push
INFO: [ app_init ] --START--
INFO: Run Behavior\BuildLiteBehavior [ RunTime:0.000045s ]
INFO: [ app_init ] --END-- [ RunTime:0.001250s ]
INFO: [ app_begin ] --START--
INFO: Run Behavior\ReadHtmlCacheBehavior [ RunTime:0.001253s ]
INFO: [ app_begin ] --END-- [ RunTime:0.001410s ]
SQL: SHOW COLUMNS FROM `user` [ RunTime:0.0249s ]
SQL: SELECT `ClientID` FROM `user` LIMIT 1   [ RunTime:0.0008s ]
NOTIC: [8] Undefined index: z3tpQNHVGe7iu6exjI4fB3 F:\Code\php\yuankong\ThinkPHP\Library\Vendor\GeTui\IGeTui.class.php 第 56 行.
NOTIC: [8] Undefined index: version F:\Code\php\yuankong\ThinkPHP\Library\Vendor\GeTui\igetui\utils\HttpManager.php 第 49 行.
NOTIC: [8] Undefined index: z3tpQNHVGe7iu6exjI4fB3 F:\Code\php\yuankong\ThinkPHP\Library\Vendor\GeTui\igetui\utils\ApiUrlRespectUtils.php 第 20 行.
NOTIC: [8] Undefined index: version F:\Code\php\yuankong\ThinkPHP\Library\Vendor\GeTui\igetui\utils\HttpManager.php 第 49 行.
NOTIC: [8] Undefined index: version F:\Code\php\yuankong\ThinkPHP\Library\Vendor\GeTui\igetui\utils\HttpManager.php 第 49 行.
NOTIC: [8] Undefined index: version F:\Code\php\yuankong\ThinkPHP\Library\Vendor\GeTui\igetui\utils\HttpManager.php 第 49 行.
INFO: [ app_end ] --START--
INFO: Run Behavior\ShowPageTraceBehavior [ RunTime:0.001861s ]
INFO: [ app_end ] --END-- [ RunTime:0.002059s ]

[ 2016-03-19T14:09:08+08:00 ] 192.168.191.2 /yuankong/home/user/add
INFO: [ app_init ] --START--
INFO: Run Behavior\BuildLiteBehavior [ RunTime:0.000041s ]
INFO: [ app_init ] --END-- [ RunTime:0.001193s ]
INFO: [ app_begin ] --START--
INFO: Run Behavior\ReadHtmlCacheBehavior [ RunTime:0.001425s ]
INFO: [ app_begin ] --END-- [ RunTime:0.001614s ]
SQL: SHOW COLUMNS FROM `user` [ RunTime:0.0247s ]
SQL: SELECT * FROM `user` WHERE `ClientID` = '1208260548836221e88329b919efeadb' LIMIT 1   [ RunTime:0.0010s ]
INFO: [ app_end ] --START--
INFO: Run Behavior\ShowPageTraceBehavior [ RunTime:0.001505s ]
INFO: [ app_end ] --END-- [ RunTime:0.001659s ]

[ 2016-03-19T14:09:08+08:00 ] 192.168.191.2 /yuankong/home/user/add
INFO: [ app_init ] --START--
INFO: Run Behavior\BuildLiteBehavior [ RunTime:0.000048s ]
INFO: [ app_init ] --END-- [ RunTime:0.001620s ]
INFO: [ app_begin ] --START--
INFO: Run Behavior\ReadHtmlCacheBehavior [ RunTime:0.001801s ]
INFO: [ app_begin ] --END-- [ RunTime:0.002001s ]
SQL: SHOW COLUMNS FROM `user` [ RunTime:0.0106s ]
SQL: SELECT * FROM `user` WHERE `ClientID` = '1208260548836221e88329b919efeadb' LIMIT 1   [ RunTime:0.0008s ]
INFO: [ app_end ] --START--
INFO: Run Behavior\ShowPageTraceBehavior [ RunTime:0.001827s ]
INFO: [ app_end ] --END-- [ RunTime:0.001984s ]

[ 2016-03-19T14:09:23+08:00 ] ::1 /yuankong/index.php/Home/user/push
INFO: [ app_init ] --START--
INFO: Run Behavior\BuildLiteBehavior [ RunTime:0.000037s ]
INFO: [ app_init ] --END-- [ RunTime:0.001039s ]
INFO: [ app_begin ] --START--
INFO: Run Behavior\ReadHtmlCacheBehavior [ RunTime:0.001908s ]
INFO: [ app_begin ] --END-- [ RunTime:0.002102s ]
SQL: SHOW COLUMNS FROM `user` [ RunTime:0.0273s ]
SQL: SELECT `ClientID` FROM `user` LIMIT 1   [ RunTime:0.0007s ]
NOTIC: [8] Undefined index: z3tpQNHVGe7iu6exjI4fB3 F:\Code\php\yuankong\ThinkPHP\Library\Vendor\GeTui\IGeTui.class.php 第 56 行.
NOTIC: [8] Undefined index: version F:\Code\php\yuankong\ThinkPHP\Library\Vendor\GeTui\igetui\utils\HttpManager.php 第 49 行.
NOTIC: [8] Undefined index: z3tpQNHVGe7iu6exjI4fB3 F:\Code\php\yuankong\ThinkPHP\Library\Vendor\GeTui\igetui\utils\ApiUrlRespectUtils.php 第 20 行.
NOTIC: [8] Undefined index: version F:\Code\php\yuankong\ThinkPHP\Library\Vendor\GeTui\igetui\utils\HttpManager.php 第 49 行.
INFO: [ app_end ] --START--
INFO: Run Behavior\ShowPageTraceBehavior [ RunTime:0.001479s ]
INFO: [ app_end ] --END-- [ RunTime:0.001668s ]

[ 2016-03-19T14:09:24+08:00 ] 192.168.191.2 /yuankong/home/user/add
INFO: [ app_init ] --START--
INFO: Run Behavior\BuildLiteBehavior [ RunTime:0.000043s ]
INFO: [ app_init ] --END-- [ RunTime:0.001285s ]
INFO: [ app_begin ] --START--
INFO: Run Behavior\ReadHtmlCacheBehavior [ RunTime:0.002404s ]
INFO: [ app_begin ] --END-- [ RunTime:0.002604s ]
SQL: SHOW COLUMNS FROM `user` [ RunTime:0.0238s ]
SQL: SELECT * FROM `user` WHERE `ClientID` = '1208260548836221e88329b919efeadb' LIMIT 1   [ RunTime:0.0011s ]
INFO: [ app_end ] --START--
INFO: Run Behavior\ShowPageTraceBehavior [ RunTime:0.001881s ]
INFO: [ app_end ] --END-- [ RunTime:0.002043s ]

[ 2016-03-19T14:09:44+08:00 ] ::1 /yuankong/index.php/Home/user/push
INFO: [ app_init ] --START--
INFO: Run Behavior\BuildLiteBehavior [ RunTime:0.000048s ]
INFO: [ app_init ] --END-- [ RunTime:0.001244s ]
INFO: [ app_begin ] --START--
INFO: Run Behavior\ReadHtmlCacheBehavior [ RunTime:0.001268s ]
INFO: [ app_begin ] --END-- [ RunTime:0.001438s ]
SQL: SHOW COLUMNS FROM `user` [ RunTime:0.0246s ]
SQL: SELECT `ClientID` FROM `user` LIMIT 1   [ RunTime:0.0007s ]
NOTIC: [8] Undefined index: z3tpQNHVGe7iu6exjI4fB3 F:\Code\php\yuankong\ThinkPHP\Library\Vendor\GeTui\IGeTui.class.php 第 56 行.
NOTIC: [8] Undefined index: version F:\Code\php\yuankong\ThinkPHP\Library\Vendor\GeTui\igetui\utils\HttpManager.php 第 49 行.
NOTIC: [8] Undefined index: z3tpQNHVGe7iu6exjI4fB3 F:\Code\php\yuankong\ThinkPHP\Library\Vendor\GeTui\igetui\utils\ApiUrlRespectUtils.php 第 20 行.
NOTIC: [8] Undefined index: version F:\Code\php\yuankong\ThinkPHP\Library\Vendor\GeTui\igetui\utils\HttpManager.php 第 49 行.
INFO: [ app_end ] --START--
INFO: Run Behavior\ShowPageTraceBehavior [ RunTime:0.001450s ]
INFO: [ app_end ] --END-- [ RunTime:0.001702s ]

[ 2016-03-19T14:09:47+08:00 ] ::1 /yuankong/index.php/Home/user/push
INFO: [ app_init ] --START--
INFO: Run Behavior\BuildLiteBehavior [ RunTime:0.000043s ]
INFO: [ app_init ] --END-- [ RunTime:0.001142s ]
INFO: [ app_begin ] --START--
INFO: Run Behavior\ReadHtmlCacheBehavior [ RunTime:0.001276s ]
INFO: [ app_begin ] --END-- [ RunTime:0.001449s ]
SQL: SHOW COLUMNS FROM `user` [ RunTime:0.0242s ]
SQL: SELECT `ClientID` FROM `user` LIMIT 1   [ RunTime:0.0008s ]
NOTIC: [8] Undefined index: z3tpQNHVGe7iu6exjI4fB3 F:\Code\php\yuankong\ThinkPHP\Library\Vendor\GeTui\IGeTui.class.php 第 56 行.
NOTIC: [8] Undefined index: version F:\Code\php\yuankong\ThinkPHP\Library\Vendor\GeTui\igetui\utils\HttpManager.php 第 49 行.
NOTIC: [8] Undefined index: z3tpQNHVGe7iu6exjI4fB3 F:\Code\php\yuankong\ThinkPHP\Library\Vendor\GeTui\igetui\utils\ApiUrlRespectUtils.php 第 20 行.
NOTIC: [8] Undefined index: version F:\Code\php\yuankong\ThinkPHP\Library\Vendor\GeTui\igetui\utils\HttpManager.php 第 49 行.
INFO: [ app_end ] --START--
INFO: Run Behavior\ShowPageTraceBehavior [ RunTime:0.001538s ]
INFO: [ app_end ] --END-- [ RunTime:0.001751s ]

