[ 2016-04-14T21:31:29+08:00 ] 192.168.191.2 /yuankong/home/index/setxy
INFO: [ app_init ] --START--
INFO: Run Behavior\BuildLiteBehavior [ RunTime:0.000038s ]
INFO: [ app_init ] --END-- [ RunTime:0.001137s ]
INFO: [ app_begin ] --START--
INFO: Run Behavior\ReadHtmlCacheBehavior [ RunTime:0.001363s ]
INFO: [ app_begin ] --END-- [ RunTime:0.001497s ]
SQL: SHOW COLUMNS FROM `phone` [ RunTime:0.0222s ]
NOTIC: [8] Undefined index: validate F:\Code\php\yuankong\ThinkPHP\Library\Think\Model.class.php 第 1185 行.
NOTIC: [8] Undefined index: auto F:\Code\php\yuankong\ThinkPHP\Library\Think\Model.class.php 第 1128 行.
SQL: UPDATE `phone` SET `x`='114.398764',`y`='30.530187' WHERE `No` = 1 [ RunTime:0.0913s ]
INFO: [ app_end ] --START--
INFO: Run Behavior\ShowPageTraceBehavior [ RunTime:0.002200s ]
INFO: [ app_end ] --END-- [ RunTime:0.002352s ]

[ 2016-04-14T21:41:43+08:00 ] ::1 /yuankong/index.php/Home/Index/Map.html
INFO: [ app_init ] --START--
INFO: Run Behavior\BuildLiteBehavior [ RunTime:0.000036s ]
INFO: [ app_init ] --END-- [ RunTime:0.001002s ]
INFO: [ app_begin ] --START--
INFO: Run Behavior\ReadHtmlCacheBehavior [ RunTime:0.001744s ]
INFO: [ app_begin ] --END-- [ RunTime:0.001922s ]
INFO: [ view_parse ] --START--
INFO: [ template_filter ] --START--
INFO: Run Behavior\ContentReplaceBehavior [ RunTime:0.000233s ]
INFO: [ template_filter ] --END-- [ RunTime:0.000459s ]
INFO: Run Behavior\ParseTemplateBehavior [ RunTime:0.022971s ]
INFO: [ view_parse ] --END-- [ RunTime:0.023129s ]
INFO: [ view_filter ] --START--
INFO: Run Behavior\WriteHtmlCacheBehavior [ RunTime:0.000977s ]
INFO: [ view_filter ] --END-- [ RunTime:0.001095s ]
INFO: [ app_end ] --START--
INFO: Run Behavior\ShowPageTraceBehavior [ RunTime:0.001292s ]
INFO: [ app_end ] --END-- [ RunTime:0.001427s ]

[ 2016-04-14T21:42:02+08:00 ] ::1 /yuankong/home/index/getxy
INFO: [ app_init ] --START--
INFO: Run Behavior\BuildLiteBehavior [ RunTime:0.000041s ]
INFO: [ app_init ] --END-- [ RunTime:0.001109s ]
INFO: [ app_begin ] --START--
INFO: Run Behavior\ReadHtmlCacheBehavior [ RunTime:0.001394s ]
INFO: [ app_begin ] --END-- [ RunTime:0.001556s ]
SQL: SHOW COLUMNS FROM `phone` [ RunTime:0.0292s ]
SQL: SELECT `x`,`y` FROM `phone` WHERE ( No=1 ) LIMIT 1   [ RunTime:0.0007s ]
INFO: [ app_end ] --START--
INFO: Run Behavior\ShowPageTraceBehavior [ RunTime:0.001694s ]
INFO: [ app_end ] --END-- [ RunTime:0.001848s ]

[ 2016-04-14T21:42:02+08:00 ] ::1 /yuankong/home/index/before
INFO: [ app_init ] --START--
INFO: Run Behavior\BuildLiteBehavior [ RunTime:0.000058s ]
INFO: [ app_init ] --END-- [ RunTime:0.002511s ]
INFO: [ app_begin ] --START--
INFO: Run Behavior\ReadHtmlCacheBehavior [ RunTime:0.001775s ]
INFO: [ app_begin ] --END-- [ RunTime:0.008778s ]
SQL: SHOW COLUMNS FROM `phone` [ RunTime:0.0108s ]
SQL: SHOW COLUMNS FROM `tree` [ RunTime:0.0246s ]
SQL: SELECT * FROM `tree` WHERE `text` = '手机存储' AND `tid` = 0 AND `state` = 'closed' AND `path` = '/sdcard' LIMIT 1   [ RunTime:0.0008s ]
SQL: SELECT * FROM `tree` WHERE `text` = 'SD卡' AND `tid` = 0 AND `state` = 'closed' AND `path` = '/storage/sdcard1' LIMIT 1   [ RunTime:0.0006s ]
SQL: UPDATE `phone` SET `read`='0' WHERE `No` = 1 [ RunTime:0.2700s ]
INFO: [ app_end ] --START--
INFO: Run Behavior\ShowPageTraceBehavior [ RunTime:0.001671s ]
INFO: [ app_end ] --END-- [ RunTime:0.001816s ]

[ 2016-04-14T21:42:03+08:00 ] ::1 /yuankong/index.php/Home/Index/tree
INFO: [ app_init ] --START--
INFO: Run Behavior\BuildLiteBehavior [ RunTime:0.000038s ]
INFO: [ app_init ] --END-- [ RunTime:0.000901s ]
INFO: [ app_begin ] --START--
INFO: Run Behavior\ReadHtmlCacheBehavior [ RunTime:0.001121s ]
INFO: [ app_begin ] --END-- [ RunTime:0.001261s ]
SQL: SHOW COLUMNS FROM `tree` [ RunTime:0.0248s ]
SQL: SHOW COLUMNS FROM `phone` [ RunTime:0.0236s ]
SQL: SELECT * FROM `tree` WHERE ( tid='0' )  [ RunTime:0.0012s ]
INFO: [ app_end ] --START--
INFO: Run Behavior\ShowPageTraceBehavior [ RunTime:0.001798s ]
INFO: [ app_end ] --END-- [ RunTime:0.001977s ]

[ 2016-04-14T21:42:03+08:00 ] ::1 /yuankong/index.php/Home/Index/often
INFO: [ app_init ] --START--
INFO: Run Behavior\BuildLiteBehavior [ RunTime:0.000035s ]
INFO: [ app_init ] --END-- [ RunTime:0.000859s ]
INFO: [ app_begin ] --START--
INFO: Run Behavior\ReadHtmlCacheBehavior [ RunTime:0.001197s ]
INFO: [ app_begin ] --END-- [ RunTime:0.001356s ]
SQL: SHOW COLUMNS FROM `often` [ RunTime:0.0354s ]
SQL: SHOW COLUMNS FROM `phone` [ RunTime:0.0097s ]
SQL: SELECT * FROM `often` WHERE ( tid='0' )  [ RunTime:0.0009s ]
INFO: [ app_end ] --START--
INFO: Run Behavior\ShowPageTraceBehavior [ RunTime:0.001637s ]
INFO: [ app_end ] --END-- [ RunTime:0.001785s ]

