[ 2016-04-19T19:06:29+08:00 ] ::1 /yuankong/index.php/Home/Index/Map.html
INFO: [ app_init ] --START--
INFO: Run Behavior\BuildLiteBehavior [ RunTime:0.000063s ]
INFO: [ app_init ] --END-- [ RunTime:0.035424s ]
INFO: [ app_begin ] --START--
INFO: Run Behavior\ReadHtmlCacheBehavior [ RunTime:0.036164s ]
INFO: [ app_begin ] --END-- [ RunTime:0.036423s ]
INFO: [ view_parse ] --START--
INFO: [ template_filter ] --START--
INFO: Run Behavior\ContentReplaceBehavior [ RunTime:0.000221s ]
INFO: [ template_filter ] --END-- [ RunTime:0.000404s ]
INFO: Run Behavior\ParseTemplateBehavior [ RunTime:0.262113s ]
INFO: [ view_parse ] --END-- [ RunTime:0.262300s ]
INFO: [ view_filter ] --START--
INFO: Run Behavior\WriteHtmlCacheBehavior [ RunTime:0.019578s ]
INFO: [ view_filter ] --END-- [ RunTime:0.019753s ]
INFO: [ app_end ] --START--
INFO: Run Behavior\ShowPageTraceBehavior [ RunTime:0.021072s ]
INFO: [ app_end ] --END-- [ RunTime:0.021394s ]

[ 2016-04-19T19:06:31+08:00 ] ::1 /yuankong/home/index/before
INFO: [ app_init ] --START--
INFO: Run Behavior\BuildLiteBehavior [ RunTime:0.000041s ]
INFO: [ app_init ] --END-- [ RunTime:0.001086s ]
INFO: [ app_begin ] --START--
INFO: Run Behavior\ReadHtmlCacheBehavior [ RunTime:0.001347s ]
INFO: [ app_begin ] --END-- [ RunTime:0.001512s ]
SQL: SHOW COLUMNS FROM `phone` [ RunTime:0.0667s ]
SQL: SHOW COLUMNS FROM `tree` [ RunTime:0.0993s ]
SQL: SELECT * FROM `tree` WHERE `text` = '手机存储' AND `tid` = 0 AND `state` = 'closed' AND `path` = '/storage/sdcard0' LIMIT 1   [ RunTime:0.0019s ]
SQL: SELECT * FROM `tree` WHERE `text` = 'SD卡' AND `tid` = 0 AND `state` = 'closed' AND `path` = '/storage/sdcard1' LIMIT 1   [ RunTime:0.0012s ]
SQL: UPDATE `phone` SET `read`='0' WHERE `No` = 1 [ RunTime:0.0810s ]
INFO: [ app_end ] --START--
INFO: Run Behavior\ShowPageTraceBehavior [ RunTime:0.002423s ]
INFO: [ app_end ] --END-- [ RunTime:0.002614s ]

[ 2016-04-19T19:06:31+08:00 ] ::1 /yuankong/home/index/getxy
INFO: [ app_init ] --START--
INFO: Run Behavior\BuildLiteBehavior [ RunTime:0.000053s ]
INFO: [ app_init ] --END-- [ RunTime:0.001489s ]
INFO: [ app_begin ] --START--
INFO: Run Behavior\ReadHtmlCacheBehavior [ RunTime:0.001811s ]
INFO: [ app_begin ] --END-- [ RunTime:0.001993s ]
SQL: SHOW COLUMNS FROM `phone` [ RunTime:0.0226s ]
SQL: SELECT `x`,`y` FROM `phone` WHERE ( No=1 ) LIMIT 1   [ RunTime:0.0017s ]
INFO: [ app_end ] --START--
INFO: Run Behavior\ShowPageTraceBehavior [ RunTime:0.002397s ]
INFO: [ app_end ] --END-- [ RunTime:0.002584s ]

[ 2016-04-19T19:06:32+08:00 ] ::1 /yuankong/index.php/Home/Index/tree
INFO: [ app_init ] --START--
INFO: Run Behavior\BuildLiteBehavior [ RunTime:0.000055s ]
INFO: [ app_init ] --END-- [ RunTime:0.001545s ]
INFO: [ app_begin ] --START--
INFO: Run Behavior\ReadHtmlCacheBehavior [ RunTime:0.001544s ]
INFO: [ app_begin ] --END-- [ RunTime:0.001748s ]
SQL: SHOW COLUMNS FROM `tree` [ RunTime:0.0307s ]
SQL: SHOW COLUMNS FROM `phone` [ RunTime:0.0246s ]
SQL: SELECT * FROM `tree` WHERE ( tid='0' )  [ RunTime:0.0017s ]
INFO: [ app_end ] --START--
INFO: Run Behavior\ShowPageTraceBehavior [ RunTime:0.001642s ]
INFO: [ app_end ] --END-- [ RunTime:0.001789s ]

[ 2016-04-19T19:06:32+08:00 ] ::1 /yuankong/index.php/Home/Index/often
INFO: [ app_init ] --START--
INFO: Run Behavior\BuildLiteBehavior [ RunTime:0.000135s ]
INFO: [ app_init ] --END-- [ RunTime:0.002033s ]
INFO: [ app_begin ] --START--
INFO: Run Behavior\ReadHtmlCacheBehavior [ RunTime:0.002052s ]
INFO: [ app_begin ] --END-- [ RunTime:0.002266s ]
SQL: SHOW COLUMNS FROM `often` [ RunTime:0.1049s ]
SQL: SHOW COLUMNS FROM `phone` [ RunTime:0.0240s ]
SQL: SELECT * FROM `often` WHERE ( tid='0' )  [ RunTime:0.0107s ]
INFO: [ app_end ] --START--
INFO: Run Behavior\ShowPageTraceBehavior [ RunTime:0.002114s ]
INFO: [ app_end ] --END-- [ RunTime:0.002283s ]

[ 2016-04-19T19:06:40+08:00 ] ::1 /yuankong/index.php/Home/Index/tree
INFO: [ app_init ] --START--
INFO: Run Behavior\BuildLiteBehavior [ RunTime:0.000038s ]
INFO: [ app_init ] --END-- [ RunTime:0.001025s ]
INFO: [ app_begin ] --START--
INFO: Run Behavior\ReadHtmlCacheBehavior [ RunTime:0.001677s ]
INFO: [ app_begin ] --END-- [ RunTime:0.001886s ]
SQL: SHOW COLUMNS FROM `tree` [ RunTime:0.0286s ]
SQL: SHOW COLUMNS FROM `phone` [ RunTime:0.0209s ]
SQL: SELECT `path` FROM `tree` WHERE ( id='1' ) LIMIT 1   [ RunTime:0.0009s ]
SQL: SELECT * FROM `tree` WHERE ( tid='1' ) LIMIT 1   [ RunTime:0.0007s ]
SQL: SELECT * FROM `tree` WHERE ( tid='1' ) LIMIT 1   [ RunTime:0.0006s ]
SQL: UPDATE `phone` SET `read`='0' WHERE `No` = 1 [ RunTime:0.1217s ]
SQL: SELECT * FROM `tree` WHERE ( tid='1' )  [ RunTime:0.0040s ]
INFO: [ app_end ] --START--
INFO: Run Behavior\ShowPageTraceBehavior [ RunTime:0.002796s ]
INFO: [ app_end ] --END-- [ RunTime:0.003123s ]

[ 2016-04-19T19:06:46+08:00 ] ::1 /yuankong/index.php/Home/Index/tree
INFO: [ app_init ] --START--
INFO: Run Behavior\BuildLiteBehavior [ RunTime:0.000034s ]
INFO: [ app_init ] --END-- [ RunTime:0.000833s ]
INFO: [ app_begin ] --START--
INFO: Run Behavior\ReadHtmlCacheBehavior [ RunTime:0.001021s ]
INFO: [ app_begin ] --END-- [ RunTime:0.001131s ]
SQL: SHOW COLUMNS FROM `tree` [ RunTime:0.0233s ]
SQL: SHOW COLUMNS FROM `phone` [ RunTime:0.0194s ]
SQL: SELECT `path` FROM `tree` WHERE ( id='2' ) LIMIT 1   [ RunTime:0.0009s ]
SQL: SELECT * FROM `tree` WHERE ( tid='2' ) LIMIT 1   [ RunTime:0.0009s ]
SQL: SELECT * FROM `tree` WHERE ( tid='2' ) LIMIT 1   [ RunTime:0.0010s ]
SQL: UPDATE `phone` SET `read`='0' WHERE `No` = 1 [ RunTime:0.0701s ]
SQL: SELECT * FROM `tree` WHERE ( tid='2' )  [ RunTime:0.0015s ]
INFO: [ app_end ] --START--
INFO: Run Behavior\ShowPageTraceBehavior [ RunTime:0.002044s ]
INFO: [ app_end ] --END-- [ RunTime:0.002206s ]

[ 2016-04-19T19:06:53+08:00 ] ::1 /yuankong/index.php/Home/Index/often
INFO: [ app_init ] --START--
INFO: Run Behavior\BuildLiteBehavior [ RunTime:0.000034s ]
INFO: [ app_init ] --END-- [ RunTime:0.000812s ]
INFO: [ app_begin ] --START--
INFO: Run Behavior\ReadHtmlCacheBehavior [ RunTime:0.001003s ]
INFO: [ app_begin ] --END-- [ RunTime:0.001116s ]
SQL: SHOW COLUMNS FROM `often` [ RunTime:0.0229s ]
SQL: SHOW COLUMNS FROM `phone` [ RunTime:0.0216s ]
SQL: SELECT `path` FROM `often` WHERE ( id='1' ) LIMIT 1   [ RunTime:0.0007s ]
SQL: SELECT * FROM `often` WHERE ( tid='1' ) LIMIT 1   [ RunTime:0.0006s ]
SQL: SELECT * FROM `often` WHERE ( tid='1' ) LIMIT 1   [ RunTime:0.0005s ]
SQL: UPDATE `phone` SET `often`='0' WHERE `No` = 1 [ RunTime:0.0974s ]
SQL: SELECT * FROM `often` WHERE ( tid='1' )  [ RunTime:0.0032s ]
INFO: [ app_end ] --START--
INFO: Run Behavior\ShowPageTraceBehavior [ RunTime:0.001596s ]
INFO: [ app_end ] --END-- [ RunTime:0.001825s ]

[ 2016-04-19T19:06:55+08:00 ] ::1 /yuankong/index.php/Home/Index/often
INFO: [ app_init ] --START--
INFO: Run Behavior\BuildLiteBehavior [ RunTime:0.000033s ]
INFO: [ app_init ] --END-- [ RunTime:0.000789s ]
INFO: [ app_begin ] --START--
INFO: Run Behavior\ReadHtmlCacheBehavior [ RunTime:0.001640s ]
INFO: [ app_begin ] --END-- [ RunTime:0.001807s ]
SQL: SHOW COLUMNS FROM `often` [ RunTime:0.0262s ]
SQL: SHOW COLUMNS FROM `phone` [ RunTime:0.0170s ]
SQL: SELECT `path` FROM `often` WHERE ( id='2' ) LIMIT 1   [ RunTime:0.0007s ]
SQL: SELECT * FROM `often` WHERE ( tid='2' ) LIMIT 1   [ RunTime:0.0009s ]
SQL: SELECT * FROM `often` WHERE ( tid='2' ) LIMIT 1   [ RunTime:0.0008s ]
SQL: UPDATE `phone` SET `often`='0' WHERE `No` = 1 [ RunTime:0.1316s ]
SQL: SELECT * FROM `often` WHERE ( tid='2' )  [ RunTime:0.0026s ]
INFO: [ app_end ] --START--
INFO: Run Behavior\ShowPageTraceBehavior [ RunTime:0.001950s ]
INFO: [ app_end ] --END-- [ RunTime:0.002196s ]

[ 2016-04-19T19:06:57+08:00 ] ::1 /yuankong/index.php/Home/Index/often
INFO: [ app_init ] --START--
INFO: Run Behavior\BuildLiteBehavior [ RunTime:0.000037s ]
INFO: [ app_init ] --END-- [ RunTime:0.000829s ]
INFO: [ app_begin ] --START--
INFO: Run Behavior\ReadHtmlCacheBehavior [ RunTime:0.001630s ]
INFO: [ app_begin ] --END-- [ RunTime:0.001833s ]
SQL: SHOW COLUMNS FROM `often` [ RunTime:0.0243s ]
SQL: SHOW COLUMNS FROM `phone` [ RunTime:0.0175s ]
SQL: SELECT `path` FROM `often` WHERE ( id='3' ) LIMIT 1   [ RunTime:0.0007s ]
SQL: SELECT * FROM `often` WHERE ( tid='3' ) LIMIT 1   [ RunTime:0.0010s ]
SQL: SELECT * FROM `often` WHERE ( tid='3' ) LIMIT 1   [ RunTime:0.0012s ]
SQL: UPDATE `phone` SET `often`='0' WHERE `No` = 1 [ RunTime:0.0760s ]
SQL: SELECT * FROM `often` WHERE ( tid='3' )  [ RunTime:0.0050s ]
INFO: [ app_end ] --START--
INFO: Run Behavior\ShowPageTraceBehavior [ RunTime:0.003103s ]
INFO: [ app_end ] --END-- [ RunTime:0.003550s ]

[ 2016-04-19T19:12:25+08:00 ] 192.168.191.2 /yuankong/home/user/Add
INFO: [ app_init ] --START--
INFO: Run Behavior\BuildLiteBehavior [ RunTime:0.000056s ]
INFO: [ app_init ] --END-- [ RunTime:0.001585s ]
INFO: [ app_begin ] --START--
INFO: Run Behavior\ReadHtmlCacheBehavior [ RunTime:0.001963s ]
INFO: [ app_begin ] --END-- [ RunTime:0.002192s ]
SQL: SHOW COLUMNS FROM `user` [ RunTime:0.0883s ]
SQL: SELECT * FROM `user` WHERE `ClientID` = '30890d82d4fa5ea6e2971d61bdefd4de' LIMIT 1   [ RunTime:0.0015s ]
INFO: [ app_end ] --START--
INFO: Run Behavior\ShowPageTraceBehavior [ RunTime:0.003209s ]
INFO: [ app_end ] --END-- [ RunTime:0.003462s ]

[ 2016-04-19T19:12:31+08:00 ] ::1 /yuankong/index.php/Home/Index/Map.html
INFO: [ app_init ] --START--
INFO: Run Behavior\BuildLiteBehavior [ RunTime:0.000048s ]
INFO: [ app_init ] --END-- [ RunTime:0.001507s ]
INFO: [ app_begin ] --START--
INFO: Run Behavior\ReadHtmlCacheBehavior [ RunTime:0.001947s ]
INFO: [ app_begin ] --END-- [ RunTime:0.002134s ]
INFO: [ view_parse ] --START--
INFO: [ template_filter ] --START--
INFO: Run Behavior\ContentReplaceBehavior [ RunTime:0.000191s ]
INFO: [ template_filter ] --END-- [ RunTime:0.000365s ]
INFO: Run Behavior\ParseTemplateBehavior [ RunTime:0.062292s ]
INFO: [ view_parse ] --END-- [ RunTime:0.062485s ]
INFO: [ view_filter ] --START--
INFO: Run Behavior\WriteHtmlCacheBehavior [ RunTime:0.001273s ]
INFO: [ view_filter ] --END-- [ RunTime:0.001420s ]
INFO: [ app_end ] --START--
INFO: Run Behavior\ShowPageTraceBehavior [ RunTime:0.001816s ]
INFO: [ app_end ] --END-- [ RunTime:0.001973s ]

[ 2016-04-19T19:12:34+08:00 ] ::1 /yuankong/home/index/before
INFO: [ app_init ] --START--
INFO: Run Behavior\BuildLiteBehavior [ RunTime:0.000058s ]
INFO: [ app_init ] --END-- [ RunTime:0.001563s ]
INFO: [ app_begin ] --START--
INFO: Run Behavior\ReadHtmlCacheBehavior [ RunTime:0.002299s ]
INFO: [ app_begin ] --END-- [ RunTime:0.002550s ]
SQL: SHOW COLUMNS FROM `phone` [ RunTime:0.0363s ]
SQL: SHOW COLUMNS FROM `tree` [ RunTime:0.0319s ]
SQL: SELECT * FROM `tree` WHERE `text` = '手机存储' AND `tid` = 0 AND `state` = 'closed' AND `path` = '/storage/sdcard0' LIMIT 1   [ RunTime:0.0014s ]
SQL: SELECT * FROM `tree` WHERE `text` = 'SD卡' AND `tid` = 0 AND `state` = 'closed' AND `path` = '/storage/sdcard1' LIMIT 1   [ RunTime:0.0016s ]
SQL: UPDATE `phone` SET `read`='0' WHERE `No` = 1 [ RunTime:0.5150s ]
INFO: [ app_end ] --START--
INFO: Run Behavior\ShowPageTraceBehavior [ RunTime:0.003253s ]
INFO: [ app_end ] --END-- [ RunTime:0.003532s ]

[ 2016-04-19T19:12:34+08:00 ] ::1 /yuankong/home/index/getxy
INFO: [ app_init ] --START--
INFO: Run Behavior\BuildLiteBehavior [ RunTime:0.000064s ]
INFO: [ app_init ] --END-- [ RunTime:0.001480s ]
INFO: [ app_begin ] --START--
INFO: Run Behavior\ReadHtmlCacheBehavior [ RunTime:0.001770s ]
INFO: [ app_begin ] --END-- [ RunTime:0.001979s ]
SQL: SHOW COLUMNS FROM `phone` [ RunTime:0.0645s ]
SQL: SELECT `x`,`y` FROM `phone` WHERE ( No=1 ) LIMIT 1   [ RunTime:0.0014s ]
INFO: [ app_end ] --START--
INFO: Run Behavior\ShowPageTraceBehavior [ RunTime:0.001507s ]
INFO: [ app_end ] --END-- [ RunTime:0.001659s ]

[ 2016-04-19T19:12:35+08:00 ] ::1 /yuankong/index.php/Home/Index/tree
INFO: [ app_init ] --START--
INFO: Run Behavior\BuildLiteBehavior [ RunTime:0.000044s ]
INFO: [ app_init ] --END-- [ RunTime:0.001007s ]
INFO: [ app_begin ] --START--
INFO: Run Behavior\ReadHtmlCacheBehavior [ RunTime:0.001404s ]
INFO: [ app_begin ] --END-- [ RunTime:0.001609s ]
SQL: SHOW COLUMNS FROM `tree` [ RunTime:0.0284s ]
SQL: SHOW COLUMNS FROM `phone` [ RunTime:0.0192s ]
SQL: SELECT * FROM `tree` WHERE ( tid='0' )  [ RunTime:0.0016s ]
INFO: [ app_end ] --START--
INFO: Run Behavior\ShowPageTraceBehavior [ RunTime:0.001691s ]
INFO: [ app_end ] --END-- [ RunTime:0.001861s ]

[ 2016-04-19T19:12:35+08:00 ] ::1 /yuankong/index.php/Home/Index/often
INFO: [ app_init ] --START--
INFO: Run Behavior\BuildLiteBehavior [ RunTime:0.000045s ]
INFO: [ app_init ] --END-- [ RunTime:0.001682s ]
INFO: [ app_begin ] --START--
INFO: Run Behavior\ReadHtmlCacheBehavior [ RunTime:0.002088s ]
INFO: [ app_begin ] --END-- [ RunTime:0.002319s ]
SQL: SHOW COLUMNS FROM `often` [ RunTime:0.0313s ]
SQL: SHOW COLUMNS FROM `phone` [ RunTime:0.0288s ]
SQL: SELECT * FROM `often` WHERE ( tid='0' )  [ RunTime:0.0023s ]
INFO: [ app_end ] --START--
INFO: Run Behavior\ShowPageTraceBehavior [ RunTime:0.002269s ]
INFO: [ app_end ] --END-- [ RunTime:0.002460s ]

[ 2016-04-19T19:12:44+08:00 ] ::1 /yuankong/index.php/Home/Index/Map.html
INFO: [ app_init ] --START--
INFO: Run Behavior\BuildLiteBehavior [ RunTime:0.000056s ]
INFO: [ app_init ] --END-- [ RunTime:0.001760s ]
INFO: [ app_begin ] --START--
INFO: Run Behavior\ReadHtmlCacheBehavior [ RunTime:0.002182s ]
INFO: [ app_begin ] --END-- [ RunTime:0.002538s ]
INFO: [ view_parse ] --START--
INFO: [ template_filter ] --START--
INFO: Run Behavior\ContentReplaceBehavior [ RunTime:0.000196s ]
INFO: [ template_filter ] --END-- [ RunTime:0.000391s ]
INFO: Run Behavior\ParseTemplateBehavior [ RunTime:0.021951s ]
INFO: [ view_parse ] --END-- [ RunTime:0.022186s ]
INFO: [ view_filter ] --START--
INFO: Run Behavior\WriteHtmlCacheBehavior [ RunTime:0.001308s ]
INFO: [ view_filter ] --END-- [ RunTime:0.001416s ]
INFO: [ app_end ] --START--
INFO: Run Behavior\ShowPageTraceBehavior [ RunTime:0.001213s ]
INFO: [ app_end ] --END-- [ RunTime:0.001324s ]

[ 2016-04-19T19:12:50+08:00 ] ::1 /yuankong/home/index/before
INFO: [ app_init ] --START--
INFO: Run Behavior\BuildLiteBehavior [ RunTime:0.000046s ]
INFO: [ app_init ] --END-- [ RunTime:0.001385s ]
INFO: [ app_begin ] --START--
INFO: Run Behavior\ReadHtmlCacheBehavior [ RunTime:0.001936s ]
INFO: [ app_begin ] --END-- [ RunTime:0.002161s ]
SQL: SHOW COLUMNS FROM `phone` [ RunTime:0.0308s ]
SQL: SHOW COLUMNS FROM `tree` [ RunTime:0.0248s ]
SQL: SELECT * FROM `tree` WHERE `text` = '手机存储' AND `tid` = 0 AND `state` = 'closed' AND `path` = '/storage/sdcard0' LIMIT 1   [ RunTime:0.0013s ]
SQL: SELECT * FROM `tree` WHERE `text` = 'SD卡' AND `tid` = 0 AND `state` = 'closed' AND `path` = '/storage/sdcard1' LIMIT 1   [ RunTime:0.0009s ]
SQL: UPDATE `phone` SET `read`='0' WHERE `No` = 1 [ RunTime:0.4405s ]
INFO: [ app_end ] --START--
INFO: Run Behavior\ShowPageTraceBehavior [ RunTime:0.002394s ]
INFO: [ app_end ] --END-- [ RunTime:0.002554s ]

[ 2016-04-19T19:12:50+08:00 ] ::1 /yuankong/index.php/Home/Index/tree
INFO: [ app_init ] --START--
INFO: Run Behavior\BuildLiteBehavior [ RunTime:0.000051s ]
INFO: [ app_init ] --END-- [ RunTime:0.001058s ]
INFO: [ app_begin ] --START--
INFO: Run Behavior\ReadHtmlCacheBehavior [ RunTime:0.001346s ]
INFO: [ app_begin ] --END-- [ RunTime:0.001492s ]
SQL: SHOW COLUMNS FROM `tree` [ RunTime:0.0163s ]
SQL: SHOW COLUMNS FROM `phone` [ RunTime:0.0163s ]
SQL: SELECT * FROM `tree` WHERE ( tid='0' )  [ RunTime:0.0014s ]
INFO: [ app_end ] --START--
INFO: Run Behavior\ShowPageTraceBehavior [ RunTime:0.001605s ]
INFO: [ app_end ] --END-- [ RunTime:0.001735s ]

[ 2016-04-19T19:12:50+08:00 ] ::1 /yuankong/index.php/Home/Index/often
INFO: [ app_init ] --START--
INFO: Run Behavior\BuildLiteBehavior [ RunTime:0.000046s ]
INFO: [ app_init ] --END-- [ RunTime:0.001061s ]
INFO: [ app_begin ] --START--
INFO: Run Behavior\ReadHtmlCacheBehavior [ RunTime:0.001334s ]
INFO: [ app_begin ] --END-- [ RunTime:0.001477s ]
SQL: SHOW COLUMNS FROM `often` [ RunTime:0.0250s ]
SQL: SHOW COLUMNS FROM `phone` [ RunTime:0.0144s ]
SQL: SELECT * FROM `often` WHERE ( tid='0' )  [ RunTime:0.0016s ]
INFO: [ app_end ] --START--
INFO: Run Behavior\ShowPageTraceBehavior [ RunTime:0.001635s ]
INFO: [ app_end ] --END-- [ RunTime:0.001760s ]

[ 2016-04-19T19:12:55+08:00 ] 192.168.191.2 /yuankong/home/index/setxy
INFO: [ app_init ] --START--
INFO: Run Behavior\BuildLiteBehavior [ RunTime:0.000044s ]
INFO: [ app_init ] --END-- [ RunTime:0.000942s ]
INFO: [ app_begin ] --START--
INFO: Run Behavior\ReadHtmlCacheBehavior [ RunTime:0.001270s ]
INFO: [ app_begin ] --END-- [ RunTime:0.001431s ]
SQL: SHOW COLUMNS FROM `phone` [ RunTime:0.0302s ]
NOTIC: [8] Undefined index: validate F:\Code\php\yuankong\ThinkPHP\Library\Think\Model.class.php 第 1185 行.
NOTIC: [8] Undefined index: auto F:\Code\php\yuankong\ThinkPHP\Library\Think\Model.class.php 第 1128 行.
SQL: UPDATE `phone` SET `x`='114.400472',`y`='30.528064' WHERE `No` = 1 [ RunTime:0.1022s ]
INFO: [ app_end ] --START--
INFO: Run Behavior\ShowPageTraceBehavior [ RunTime:0.002554s ]
INFO: [ app_end ] --END-- [ RunTime:0.002778s ]

[ 2016-04-19T19:13:02+08:00 ] ::1 /yuankong/index.php/Home/Index/Map.html
INFO: [ app_init ] --START--
INFO: Run Behavior\BuildLiteBehavior [ RunTime:0.000056s ]
INFO: [ app_init ] --END-- [ RunTime:0.001570s ]
INFO: [ app_begin ] --START--
INFO: Run Behavior\ReadHtmlCacheBehavior [ RunTime:0.001666s ]
INFO: [ app_begin ] --END-- [ RunTime:0.001877s ]
INFO: [ view_parse ] --START--
INFO: [ template_filter ] --START--
INFO: Run Behavior\ContentReplaceBehavior [ RunTime:0.000191s ]
INFO: [ template_filter ] --END-- [ RunTime:0.000365s ]
INFO: Run Behavior\ParseTemplateBehavior [ RunTime:0.019459s ]
INFO: [ view_parse ] --END-- [ RunTime:0.019655s ]
INFO: [ view_filter ] --START--
INFO: Run Behavior\WriteHtmlCacheBehavior [ RunTime:0.000997s ]
INFO: [ view_filter ] --END-- [ RunTime:0.001109s ]
INFO: [ app_end ] --START--
INFO: Run Behavior\ShowPageTraceBehavior [ RunTime:0.001237s ]
INFO: [ app_end ] --END-- [ RunTime:0.001367s ]

[ 2016-04-19T19:13:06+08:00 ] ::1 /yuankong/home/index/before
INFO: [ app_init ] --START--
INFO: Run Behavior\BuildLiteBehavior [ RunTime:0.000042s ]
INFO: [ app_init ] --END-- [ RunTime:0.001147s ]
INFO: [ app_begin ] --START--
INFO: Run Behavior\ReadHtmlCacheBehavior [ RunTime:0.001323s ]
INFO: [ app_begin ] --END-- [ RunTime:0.001485s ]
SQL: SHOW COLUMNS FROM `phone` [ RunTime:0.0332s ]
SQL: SHOW COLUMNS FROM `tree` [ RunTime:0.0299s ]
SQL: SELECT * FROM `tree` WHERE `text` = '手机存储' AND `tid` = 0 AND `state` = 'closed' AND `path` = '/storage/sdcard0' LIMIT 1   [ RunTime:0.0016s ]
SQL: SELECT * FROM `tree` WHERE `text` = 'SD卡' AND `tid` = 0 AND `state` = 'closed' AND `path` = '/storage/sdcard1' LIMIT 1   [ RunTime:0.0012s ]
SQL: UPDATE `phone` SET `read`='0' WHERE `No` = 1 [ RunTime:0.4253s ]
INFO: [ app_end ] --START--
INFO: Run Behavior\ShowPageTraceBehavior [ RunTime:0.003086s ]
INFO: [ app_end ] --END-- [ RunTime:0.003340s ]

[ 2016-04-19T19:13:06+08:00 ] ::1 /yuankong/home/index/getxy
INFO: [ app_init ] --START--
INFO: Run Behavior\BuildLiteBehavior [ RunTime:0.000057s ]
INFO: [ app_init ] --END-- [ RunTime:0.001470s ]
INFO: [ app_begin ] --START--
INFO: Run Behavior\ReadHtmlCacheBehavior [ RunTime:0.001868s ]
INFO: [ app_begin ] --END-- [ RunTime:0.002292s ]
SQL: SHOW COLUMNS FROM `phone` [ RunTime:0.0288s ]
SQL: SELECT `x`,`y` FROM `phone` WHERE ( No=1 ) LIMIT 1   [ RunTime:0.0014s ]
INFO: [ app_end ] --START--
INFO: Run Behavior\ShowPageTraceBehavior [ RunTime:0.001883s ]
INFO: [ app_end ] --END-- [ RunTime:0.002078s ]

[ 2016-04-19T19:13:06+08:00 ] ::1 /yuankong/index.php/Home/Index/tree
INFO: [ app_init ] --START--
INFO: Run Behavior\BuildLiteBehavior [ RunTime:0.000059s ]
INFO: [ app_init ] --END-- [ RunTime:0.003124s ]
INFO: [ app_begin ] --START--
INFO: Run Behavior\ReadHtmlCacheBehavior [ RunTime:0.002242s ]
INFO: [ app_begin ] --END-- [ RunTime:0.002458s ]
SQL: SHOW COLUMNS FROM `tree` [ RunTime:0.0176s ]
SQL: SHOW COLUMNS FROM `phone` [ RunTime:0.0161s ]
SQL: SELECT * FROM `tree` WHERE ( tid='0' )  [ RunTime:0.0021s ]
INFO: [ app_end ] --START--
INFO: Run Behavior\ShowPageTraceBehavior [ RunTime:0.001674s ]
INFO: [ app_end ] --END-- [ RunTime:0.001813s ]

[ 2016-04-19T19:13:06+08:00 ] ::1 /yuankong/index.php/Home/Index/often
INFO: [ app_init ] --START--
INFO: Run Behavior\BuildLiteBehavior [ RunTime:0.000054s ]
INFO: [ app_init ] --END-- [ RunTime:0.001794s ]
INFO: [ app_begin ] --START--
INFO: Run Behavior\ReadHtmlCacheBehavior [ RunTime:0.001469s ]
INFO: [ app_begin ] --END-- [ RunTime:0.001682s ]
SQL: SHOW COLUMNS FROM `often` [ RunTime:0.0257s ]
SQL: SHOW COLUMNS FROM `phone` [ RunTime:0.0314s ]
SQL: SELECT * FROM `often` WHERE ( tid='0' )  [ RunTime:0.0019s ]
INFO: [ app_end ] --START--
INFO: Run Behavior\ShowPageTraceBehavior [ RunTime:0.001919s ]
INFO: [ app_end ] --END-- [ RunTime:0.002082s ]

[ 2016-04-19T19:13:22+08:00 ] ::1 /yuankong/index.php/Home/Index/Map.html
INFO: [ app_init ] --START--
INFO: Run Behavior\BuildLiteBehavior [ RunTime:0.000043s ]
INFO: [ app_init ] --END-- [ RunTime:0.000962s ]
INFO: [ app_begin ] --START--
INFO: Run Behavior\ReadHtmlCacheBehavior [ RunTime:0.001973s ]
INFO: [ app_begin ] --END-- [ RunTime:0.002320s ]
INFO: [ view_parse ] --START--
INFO: [ template_filter ] --START--
INFO: Run Behavior\ContentReplaceBehavior [ RunTime:0.000194s ]
INFO: [ template_filter ] --END-- [ RunTime:0.000370s ]
INFO: Run Behavior\ParseTemplateBehavior [ RunTime:0.022495s ]
INFO: [ view_parse ] --END-- [ RunTime:0.022699s ]
INFO: [ view_filter ] --START--
INFO: Run Behavior\WriteHtmlCacheBehavior [ RunTime:0.001073s ]
INFO: [ view_filter ] --END-- [ RunTime:0.001181s ]
INFO: [ app_end ] --START--
INFO: Run Behavior\ShowPageTraceBehavior [ RunTime:0.001330s ]
INFO: [ app_end ] --END-- [ RunTime:0.001479s ]

[ 2016-04-19T19:13:28+08:00 ] ::1 /yuankong/home/index/before
INFO: [ app_init ] --START--
INFO: Run Behavior\BuildLiteBehavior [ RunTime:0.000054s ]
INFO: [ app_init ] --END-- [ RunTime:0.001528s ]
INFO: [ app_begin ] --START--
INFO: Run Behavior\ReadHtmlCacheBehavior [ RunTime:0.002511s ]
INFO: [ app_begin ] --END-- [ RunTime:0.002792s ]
SQL: SHOW COLUMNS FROM `phone` [ RunTime:0.0289s ]
SQL: SHOW COLUMNS FROM `tree` [ RunTime:0.0235s ]
SQL: SELECT * FROM `tree` WHERE `text` = '手机存储' AND `tid` = 0 AND `state` = 'closed' AND `path` = '/storage/sdcard0' LIMIT 1   [ RunTime:0.0017s ]
SQL: SELECT * FROM `tree` WHERE `text` = 'SD卡' AND `tid` = 0 AND `state` = 'closed' AND `path` = '/storage/sdcard1' LIMIT 1   [ RunTime:0.0016s ]
SQL: UPDATE `phone` SET `read`='0' WHERE `No` = 1 [ RunTime:0.4011s ]
INFO: [ app_end ] --START--
INFO: Run Behavior\ShowPageTraceBehavior [ RunTime:0.002215s ]
INFO: [ app_end ] --END-- [ RunTime:0.002421s ]

[ 2016-04-19T19:13:28+08:00 ] ::1 /yuankong/index.php/Home/Index/tree
INFO: [ app_init ] --START--
INFO: Run Behavior\BuildLiteBehavior [ RunTime:0.000045s ]
INFO: [ app_init ] --END-- [ RunTime:0.001111s ]
INFO: [ app_begin ] --START--
INFO: Run Behavior\ReadHtmlCacheBehavior [ RunTime:0.001217s ]
INFO: [ app_begin ] --END-- [ RunTime:0.001373s ]
SQL: SHOW COLUMNS FROM `tree` [ RunTime:0.0296s ]
SQL: SHOW COLUMNS FROM `phone` [ RunTime:0.0216s ]
SQL: SELECT * FROM `tree` WHERE ( tid='0' )  [ RunTime:0.0016s ]
INFO: [ app_end ] --START--
INFO: Run Behavior\ShowPageTraceBehavior [ RunTime:0.001736s ]
INFO: [ app_end ] --END-- [ RunTime:0.001852s ]

[ 2016-04-19T19:13:28+08:00 ] ::1 /yuankong/index.php/Home/Index/often
INFO: [ app_init ] --START--
INFO: Run Behavior\BuildLiteBehavior [ RunTime:0.000053s ]
INFO: [ app_init ] --END-- [ RunTime:0.001319s ]
INFO: [ app_begin ] --START--
INFO: Run Behavior\ReadHtmlCacheBehavior [ RunTime:0.002415s ]
INFO: [ app_begin ] --END-- [ RunTime:0.002649s ]
SQL: SHOW COLUMNS FROM `often` [ RunTime:0.0246s ]
SQL: SHOW COLUMNS FROM `phone` [ RunTime:0.0155s ]
SQL: SELECT * FROM `often` WHERE ( tid='0' )  [ RunTime:0.0018s ]
INFO: [ app_end ] --START--
INFO: Run Behavior\ShowPageTraceBehavior [ RunTime:0.001921s ]
INFO: [ app_end ] --END-- [ RunTime:0.002052s ]

[ 2016-04-19T19:13:39+08:00 ] ::1 /yuankong/index.php/Home/Index/Map.html
INFO: [ app_init ] --START--
INFO: Run Behavior\BuildLiteBehavior [ RunTime:0.000037s ]
INFO: [ app_init ] --END-- [ RunTime:0.000881s ]
INFO: [ app_begin ] --START--
INFO: Run Behavior\ReadHtmlCacheBehavior [ RunTime:0.001175s ]
INFO: [ app_begin ] --END-- [ RunTime:0.001323s ]
INFO: [ view_parse ] --START--
INFO: [ template_filter ] --START--
INFO: Run Behavior\ContentReplaceBehavior [ RunTime:0.000179s ]
INFO: [ template_filter ] --END-- [ RunTime:0.000335s ]
INFO: Run Behavior\ParseTemplateBehavior [ RunTime:0.020985s ]
INFO: [ view_parse ] --END-- [ RunTime:0.021179s ]
INFO: [ view_filter ] --START--
INFO: Run Behavior\WriteHtmlCacheBehavior [ RunTime:0.001112s ]
INFO: [ view_filter ] --END-- [ RunTime:0.001219s ]
INFO: [ app_end ] --START--
INFO: Run Behavior\ShowPageTraceBehavior [ RunTime:0.001082s ]
INFO: [ app_end ] --END-- [ RunTime:0.001192s ]

[ 2016-04-19T19:13:44+08:00 ] ::1 /yuankong/home/index/before
INFO: [ app_init ] --START--
INFO: Run Behavior\BuildLiteBehavior [ RunTime:0.000127s ]
INFO: [ app_init ] --END-- [ RunTime:0.001305s ]
INFO: [ app_begin ] --START--
INFO: Run Behavior\ReadHtmlCacheBehavior [ RunTime:0.001725s ]
INFO: [ app_begin ] --END-- [ RunTime:0.001973s ]
SQL: SHOW COLUMNS FROM `phone` [ RunTime:0.0279s ]
SQL: SHOW COLUMNS FROM `tree` [ RunTime:0.0255s ]
SQL: SELECT * FROM `tree` WHERE `text` = '手机存储' AND `tid` = 0 AND `state` = 'closed' AND `path` = '/storage/sdcard0' LIMIT 1   [ RunTime:0.0017s ]
SQL: SELECT * FROM `tree` WHERE `text` = 'SD卡' AND `tid` = 0 AND `state` = 'closed' AND `path` = '/storage/sdcard1' LIMIT 1   [ RunTime:0.0017s ]
SQL: UPDATE `phone` SET `read`='0' WHERE `No` = 1 [ RunTime:0.4567s ]
INFO: [ app_end ] --START--
INFO: Run Behavior\ShowPageTraceBehavior [ RunTime:0.001845s ]
INFO: [ app_end ] --END-- [ RunTime:0.001998s ]

[ 2016-04-19T19:13:44+08:00 ] ::1 /yuankong/home/index/getxy
INFO: [ app_init ] --START--
INFO: Run Behavior\BuildLiteBehavior [ RunTime:0.000042s ]
INFO: [ app_init ] --END-- [ RunTime:0.001094s ]
INFO: [ app_begin ] --START--
INFO: Run Behavior\ReadHtmlCacheBehavior [ RunTime:0.001350s ]
INFO: [ app_begin ] --END-- [ RunTime:0.001522s ]
SQL: SHOW COLUMNS FROM `phone` [ RunTime:0.0550s ]
SQL: SELECT `x`,`y` FROM `phone` WHERE ( No=1 ) LIMIT 1   [ RunTime:0.0016s ]
INFO: [ app_end ] --START--
INFO: Run Behavior\ShowPageTraceBehavior [ RunTime:0.001356s ]
INFO: [ app_end ] --END-- [ RunTime:0.001474s ]

[ 2016-04-19T19:13:44+08:00 ] ::1 /yuankong/index.php/Home/Index/tree
INFO: [ app_init ] --START--
INFO: Run Behavior\BuildLiteBehavior [ RunTime:0.000062s ]
INFO: [ app_init ] --END-- [ RunTime:0.001477s ]
INFO: [ app_begin ] --START--
INFO: Run Behavior\ReadHtmlCacheBehavior [ RunTime:0.001644s ]
INFO: [ app_begin ] --END-- [ RunTime:0.001867s ]
SQL: SHOW COLUMNS FROM `tree` [ RunTime:0.0229s ]
SQL: SHOW COLUMNS FROM `phone` [ RunTime:0.0169s ]
SQL: SELECT * FROM `tree` WHERE ( tid='0' )  [ RunTime:0.0014s ]
INFO: [ app_end ] --START--
INFO: Run Behavior\ShowPageTraceBehavior [ RunTime:0.001688s ]
INFO: [ app_end ] --END-- [ RunTime:0.001843s ]

[ 2016-04-19T19:13:44+08:00 ] ::1 /yuankong/index.php/Home/Index/often
INFO: [ app_init ] --START--
INFO: Run Behavior\BuildLiteBehavior [ RunTime:0.000044s ]
INFO: [ app_init ] --END-- [ RunTime:0.000984s ]
INFO: [ app_begin ] --START--
INFO: Run Behavior\ReadHtmlCacheBehavior [ RunTime:0.001817s ]
INFO: [ app_begin ] --END-- [ RunTime:0.002060s ]
SQL: SHOW COLUMNS FROM `often` [ RunTime:0.0245s ]
SQL: SHOW COLUMNS FROM `phone` [ RunTime:0.0199s ]
SQL: SELECT * FROM `often` WHERE ( tid='0' )  [ RunTime:0.0025s ]
INFO: [ app_end ] --START--
INFO: Run Behavior\ShowPageTraceBehavior [ RunTime:0.002054s ]
INFO: [ app_end ] --END-- [ RunTime:0.002263s ]

[ 2016-04-19T19:13:55+08:00 ] 192.168.191.2 /yuankong/home/user/Add
INFO: [ app_init ] --START--
INFO: Run Behavior\BuildLiteBehavior [ RunTime:0.000066s ]
INFO: [ app_init ] --END-- [ RunTime:0.001538s ]
INFO: [ app_begin ] --START--
INFO: Run Behavior\ReadHtmlCacheBehavior [ RunTime:0.002478s ]
INFO: [ app_begin ] --END-- [ RunTime:0.002787s ]
SQL: SHOW COLUMNS FROM `user` [ RunTime:0.0315s ]
SQL: SELECT * FROM `user` WHERE `ClientID` = '30890d82d4fa5ea6e2971d61bdefd4de' LIMIT 1   [ RunTime:0.0012s ]
INFO: [ app_end ] --START--
INFO: Run Behavior\ShowPageTraceBehavior [ RunTime:0.001839s ]
INFO: [ app_end ] --END-- [ RunTime:0.001989s ]

[ 2016-04-19T19:14:21+08:00 ] 192.168.191.2 /yuankong/home/user/Add
INFO: [ app_init ] --START--
INFO: Run Behavior\BuildLiteBehavior [ RunTime:0.000046s ]
INFO: [ app_init ] --END-- [ RunTime:0.001068s ]
INFO: [ app_begin ] --START--
INFO: Run Behavior\ReadHtmlCacheBehavior [ RunTime:0.001641s ]
INFO: [ app_begin ] --END-- [ RunTime:0.001845s ]
SQL: SHOW COLUMNS FROM `user` [ RunTime:0.0290s ]
SQL: SELECT * FROM `user` WHERE `ClientID` = '30890d82d4fa5ea6e2971d61bdefd4de' LIMIT 1   [ RunTime:0.0015s ]
INFO: [ app_end ] --START--
INFO: Run Behavior\ShowPageTraceBehavior [ RunTime:0.001824s ]
INFO: [ app_end ] --END-- [ RunTime:0.001997s ]

[ 2016-04-19T19:14:52+08:00 ] 192.168.191.2 /yuankong/home/index/setxy
INFO: [ app_init ] --START--
INFO: Run Behavior\BuildLiteBehavior [ RunTime:0.000186s ]
INFO: [ app_init ] --END-- [ RunTime:0.002587s ]
INFO: [ app_begin ] --START--
INFO: Run Behavior\ReadHtmlCacheBehavior [ RunTime:0.003138s ]
INFO: [ app_begin ] --END-- [ RunTime:0.003447s ]
SQL: SHOW COLUMNS FROM `phone` [ RunTime:0.0433s ]
NOTIC: [8] Undefined index: validate F:\Code\php\yuankong\ThinkPHP\Library\Think\Model.class.php 第 1185 行.
NOTIC: [8] Undefined index: auto F:\Code\php\yuankong\ThinkPHP\Library\Think\Model.class.php 第 1128 行.
SQL: UPDATE `phone` SET `x`='114.400472',`y`='30.528064' WHERE `No` = 1 [ RunTime:0.1080s ]
INFO: [ app_end ] --START--
INFO: Run Behavior\ShowPageTraceBehavior [ RunTime:0.003171s ]
INFO: [ app_end ] --END-- [ RunTime:0.003382s ]

