[ 2016-03-24T18:55:30+08:00 ] ::1 /yuankong/Public/js/jquery-2.2.0.min.js
INFO: [ app_init ] --START--
INFO: Run Behavior\BuildLiteBehavior [ RunTime:0.000034s ]
INFO: [ app_init ] --END-- [ RunTime:0.000769s ]
ERR: 无法加载模块:Public

[ 2016-03-24T18:55:59+08:00 ] ::1 /yuankong/Public/js/jquery-2.2.0.min.js
INFO: [ app_init ] --START--
INFO: Run Behavior\BuildLiteBehavior [ RunTime:0.000033s ]
INFO: [ app_init ] --END-- [ RunTime:0.000791s ]
ERR: 无法加载模块:Public

[ 2016-03-24T18:56:29+08:00 ] ::1 /yuankong/Public/js/jquery-2.2.0.min.js
INFO: [ app_init ] --START--
INFO: Run Behavior\BuildLiteBehavior [ RunTime:0.000035s ]
INFO: [ app_init ] --END-- [ RunTime:0.000816s ]
ERR: 无法加载模块:Public

[ 2016-03-24T18:57:02+08:00 ] ::1 /yuankong/Public/js/jquery-2.2.0.min.js
INFO: [ app_init ] --START--
INFO: Run Behavior\BuildLiteBehavior [ RunTime:0.000036s ]
INFO: [ app_init ] --END-- [ RunTime:0.000853s ]
ERR: 无法加载模块:Public

[ 2016-03-24T18:57:08+08:00 ] ::1 /yuankong/Public/js/jquery-2.2.0.min.js
INFO: [ app_init ] --START--
INFO: Run Behavior\BuildLiteBehavior [ RunTime:0.000033s ]
INFO: [ app_init ] --END-- [ RunTime:0.000796s ]
ERR: 无法加载模块:Public

[ 2016-03-24T18:59:00+08:00 ] ::1 /yuankong/Public/js/jquery-2.2.0.min.js
INFO: [ app_init ] --START--
INFO: Run Behavior\BuildLiteBehavior [ RunTime:0.000037s ]
INFO: [ app_init ] --END-- [ RunTime:0.000847s ]
ERR: 无法加载模块:Public

[ 2016-03-24T18:59:03+08:00 ] ::1 /yuankong/Public/js/jquery-2.2.0.min.js
INFO: [ app_init ] --START--
INFO: Run Behavior\BuildLiteBehavior [ RunTime:0.000033s ]
INFO: [ app_init ] --END-- [ RunTime:0.000796s ]
ERR: 无法加载模块:Public

[ 2016-03-24T18:59:05+08:00 ] ::1 /yuankong/Public/js/jquery-2.2.0.min.js
INFO: [ app_init ] --START--
INFO: Run Behavior\BuildLiteBehavior [ RunTime:0.000035s ]
INFO: [ app_init ] --END-- [ RunTime:0.000801s ]
ERR: 无法加载模块:Public

[ 2016-03-24T19:02:05+08:00 ] ::1 /yuankong/Public/js/jquery-2.2.0.min.js
INFO: [ app_init ] --START--
INFO: Run Behavior\BuildLiteBehavior [ RunTime:0.000035s ]
INFO: [ app_init ] --END-- [ RunTime:0.000884s ]
ERR: 无法加载模块:Public

[ 2016-03-24T19:14:51+08:00 ] ::1 /yuankong/Public/js/jquery-2.2.0.min.js
INFO: [ app_init ] --START--
INFO: Run Behavior\BuildLiteBehavior [ RunTime:0.000033s ]
INFO: [ app_init ] --END-- [ RunTime:0.000792s ]
ERR: 无法加载模块:Public

[ 2016-03-24T19:21:28+08:00 ] ::1 /yuankong/js/jquery-2.2.0.js
INFO: [ app_init ] --START--
INFO: Run Behavior\BuildLiteBehavior [ RunTime:0.000044s ]
INFO: [ app_init ] --END-- [ RunTime:0.001136s ]
ERR: 无法加载模块:Js

[ 2016-03-24T19:21:29+08:00 ] ::1 /yuankong/js/jquery-2.2.0.min.js
INFO: [ app_init ] --START--
INFO: Run Behavior\BuildLiteBehavior [ RunTime:0.000037s ]
INFO: [ app_init ] --END-- [ RunTime:0.001050s ]
ERR: 无法加载模块:Js

[ 2016-03-24T19:24:56+08:00 ] ::1 /yuankong/js/jquery-2.2.0.js
INFO: [ app_init ] --START--
INFO: Run Behavior\BuildLiteBehavior [ RunTime:0.000039s ]
INFO: [ app_init ] --END-- [ RunTime:0.000883s ]
ERR: 无法加载模块:Js

[ 2016-03-24T19:24:56+08:00 ] ::1 /yuankong/js/jquery-2.2.2.min.js
INFO: [ app_init ] --START--
INFO: Run Behavior\BuildLiteBehavior [ RunTime:0.000055s ]
INFO: [ app_init ] --END-- [ RunTime:0.001934s ]
ERR: 无法加载模块:Js

[ 2016-03-24T19:33:19+08:00 ] ::1 /yuankong/js/jquery-2.2.0.js
INFO: [ app_init ] --START--
INFO: Run Behavior\BuildLiteBehavior [ RunTime:0.000036s ]
INFO: [ app_init ] --END-- [ RunTime:0.000872s ]
ERR: 无法加载模块:Js

[ 2016-03-24T19:33:19+08:00 ] ::1 /yuankong/js/jquery-2.2.2.min.js
INFO: [ app_init ] --START--
INFO: Run Behavior\BuildLiteBehavior [ RunTime:0.000041s ]
INFO: [ app_init ] --END-- [ RunTime:0.001047s ]
ERR: 无法加载模块:Js

[ 2016-03-24T19:34:15+08:00 ] ::1 /yuankong/js/jquery-2.2.0.js
INFO: [ app_init ] --START--
INFO: Run Behavior\BuildLiteBehavior [ RunTime:0.000035s ]
INFO: [ app_init ] --END-- [ RunTime:0.000897s ]
ERR: 无法加载模块:Js

[ 2016-03-24T19:34:15+08:00 ] ::1 /yuankong/js/jquery-2.2.2.min.js
INFO: [ app_init ] --START--
INFO: Run Behavior\BuildLiteBehavior [ RunTime:0.000036s ]
INFO: [ app_init ] --END-- [ RunTime:0.000851s ]
ERR: 无法加载模块:Js

[ 2016-03-24T19:35:13+08:00 ] ::1 /yuankong/js/jquery-2.2.0.js
INFO: [ app_init ] --START--
INFO: Run Behavior\BuildLiteBehavior [ RunTime:0.000045s ]
INFO: [ app_init ] --END-- [ RunTime:0.001015s ]
ERR: 无法加载模块:Js

[ 2016-03-24T19:35:13+08:00 ] ::1 /yuankong/js/jquery-2.2.2.min.js
INFO: [ app_init ] --START--
INFO: Run Behavior\BuildLiteBehavior [ RunTime:0.000041s ]
INFO: [ app_init ] --END-- [ RunTime:0.001037s ]
ERR: 无法加载模块:Js

[ 2016-03-24T19:37:51+08:00 ] ::1 /yuankong/js/jquery-2.2.0.js
INFO: [ app_init ] --START--
INFO: Run Behavior\BuildLiteBehavior [ RunTime:0.000036s ]
INFO: [ app_init ] --END-- [ RunTime:0.000828s ]
ERR: 无法加载模块:Js

[ 2016-03-24T19:37:51+08:00 ] ::1 /yuankong/js/jquery-2.2.2.min.js
INFO: [ app_init ] --START--
INFO: Run Behavior\BuildLiteBehavior [ RunTime:0.000046s ]
INFO: [ app_init ] --END-- [ RunTime:0.001358s ]
ERR: 无法加载模块:Js

[ 2016-03-24T19:38:09+08:00 ] ::1 /yuankong/js/jquery-2.2.0.js
INFO: [ app_init ] --START--
INFO: Run Behavior\BuildLiteBehavior [ RunTime:0.000041s ]
INFO: [ app_init ] --END-- [ RunTime:0.001504s ]
ERR: 无法加载模块:Js

[ 2016-03-24T19:38:09+08:00 ] ::1 /yuankong/js/jquery-2.2.2.min.js
INFO: [ app_init ] --START--
INFO: Run Behavior\BuildLiteBehavior [ RunTime:0.000034s ]
INFO: [ app_init ] --END-- [ RunTime:0.000763s ]
ERR: 无法加载模块:Js

[ 2016-03-24T19:38:58+08:00 ] ::1 /yuankong/js/jquery-2.2.0.js
INFO: [ app_init ] --START--
INFO: Run Behavior\BuildLiteBehavior [ RunTime:0.000045s ]
INFO: [ app_init ] --END-- [ RunTime:0.001246s ]
ERR: 无法加载模块:Js

[ 2016-03-24T19:38:58+08:00 ] ::1 /yuankong/js/jquery-2.2.2.min.js
INFO: [ app_init ] --START--
INFO: Run Behavior\BuildLiteBehavior [ RunTime:0.000045s ]
INFO: [ app_init ] --END-- [ RunTime:0.001166s ]
ERR: 无法加载模块:Js

[ 2016-03-24T19:42:36+08:00 ] ::1 /yuankong/js/jquery-2.2.0.js
INFO: [ app_init ] --START--
INFO: Run Behavior\BuildLiteBehavior [ RunTime:0.000035s ]
INFO: [ app_init ] --END-- [ RunTime:0.000817s ]
ERR: 无法加载模块:Js

[ 2016-03-24T19:42:36+08:00 ] ::1 /yuankong/js/jquery-2.2.2.min.js
INFO: [ app_init ] --START--
INFO: Run Behavior\BuildLiteBehavior [ RunTime:0.000033s ]
INFO: [ app_init ] --END-- [ RunTime:0.000919s ]
ERR: 无法加载模块:Js

[ 2016-03-24T19:43:36+08:00 ] ::1 /yuankong/js/jquery-2.2.0.js
INFO: [ app_init ] --START--
INFO: Run Behavior\BuildLiteBehavior [ RunTime:0.000044s ]
INFO: [ app_init ] --END-- [ RunTime:0.001145s ]
ERR: 无法加载模块:Js

[ 2016-03-24T19:43:36+08:00 ] ::1 /yuankong/js/jquery-2.2.2.min.js
INFO: [ app_init ] --START--
INFO: Run Behavior\BuildLiteBehavior [ RunTime:0.000079s ]
INFO: [ app_init ] --END-- [ RunTime:0.001465s ]
ERR: 无法加载模块:Js

[ 2016-03-24T19:43:53+08:00 ] ::1 /yuankong/js/jquery-2.2.0.js
INFO: [ app_init ] --START--
INFO: Run Behavior\BuildLiteBehavior [ RunTime:0.000045s ]
INFO: [ app_init ] --END-- [ RunTime:0.001803s ]
ERR: 无法加载模块:Js

[ 2016-03-24T19:43:53+08:00 ] ::1 /yuankong/js/jquery-2.2.2.min.js
INFO: [ app_init ] --START--
INFO: Run Behavior\BuildLiteBehavior [ RunTime:0.000039s ]
INFO: [ app_init ] --END-- [ RunTime:0.001137s ]
ERR: 无法加载模块:Js

[ 2016-03-24T19:45:02+08:00 ] ::1 /yuankong/js/jquery-2.2.0.js
INFO: [ app_init ] --START--
INFO: Run Behavior\BuildLiteBehavior [ RunTime:0.000046s ]
INFO: [ app_init ] --END-- [ RunTime:0.001649s ]
ERR: 无法加载模块:Js

[ 2016-03-24T19:45:02+08:00 ] ::1 /yuankong/js/jquery-2.2.2.min.js
INFO: [ app_init ] --START--
INFO: Run Behavior\BuildLiteBehavior [ RunTime:0.000045s ]
INFO: [ app_init ] --END-- [ RunTime:0.001374s ]
ERR: 无法加载模块:Js

[ 2016-03-24T19:45:05+08:00 ] ::1 /yuankong/js/jquery-2.2.2.min.js
INFO: [ app_init ] --START--
INFO: Run Behavior\BuildLiteBehavior [ RunTime:0.000042s ]
INFO: [ app_init ] --END-- [ RunTime:0.001089s ]
ERR: 无法加载模块:Js

[ 2016-03-24T19:45:05+08:00 ] ::1 /yuankong/js/jquery-2.2.0.js
INFO: [ app_init ] --START--
INFO: Run Behavior\BuildLiteBehavior [ RunTime:0.000041s ]
INFO: [ app_init ] --END-- [ RunTime:0.001202s ]
ERR: 无法加载模块:Js

[ 2016-03-24T19:45:48+08:00 ] ::1 /yuankong/js/jquery-2.2.0.js
INFO: [ app_init ] --START--
INFO: Run Behavior\BuildLiteBehavior [ RunTime:0.000035s ]
INFO: [ app_init ] --END-- [ RunTime:0.000799s ]
ERR: 无法加载模块:Js

[ 2016-03-24T19:45:48+08:00 ] ::1 /yuankong/js/jquery-2.2.2.min.js
INFO: [ app_init ] --START--
INFO: Run Behavior\BuildLiteBehavior [ RunTime:0.000036s ]
INFO: [ app_init ] --END-- [ RunTime:0.000805s ]
ERR: 无法加载模块:Js

[ 2016-03-24T19:46:57+08:00 ] ::1 /yuankong/js/jquery-2.2.0.js
INFO: [ app_init ] --START--
INFO: Run Behavior\BuildLiteBehavior [ RunTime:0.000070s ]
INFO: [ app_init ] --END-- [ RunTime:0.000913s ]
ERR: 无法加载模块:Js

[ 2016-03-24T19:46:57+08:00 ] ::1 /yuankong/js/jquery-2.2.2.min.js
INFO: [ app_init ] --START--
INFO: Run Behavior\BuildLiteBehavior [ RunTime:0.000045s ]
INFO: [ app_init ] --END-- [ RunTime:0.001382s ]
ERR: 无法加载模块:Js

[ 2016-03-24T19:47:18+08:00 ] ::1 /yuankong/js/jquery-2.2.0.js
INFO: [ app_init ] --START--
INFO: Run Behavior\BuildLiteBehavior [ RunTime:0.000037s ]
INFO: [ app_init ] --END-- [ RunTime:0.000898s ]
ERR: 无法加载模块:Js

[ 2016-03-24T19:47:18+08:00 ] ::1 /yuankong/js/jquery-2.2.2.min.js
INFO: [ app_init ] --START--
INFO: Run Behavior\BuildLiteBehavior [ RunTime:0.000052s ]
INFO: [ app_init ] --END-- [ RunTime:0.001254s ]
ERR: 无法加载模块:Js

[ 2016-03-24T19:49:21+08:00 ] ::1 /yuankong/js/jquery-2.2.0.js
INFO: [ app_init ] --START--
INFO: Run Behavior\BuildLiteBehavior [ RunTime:0.000034s ]
INFO: [ app_init ] --END-- [ RunTime:0.000795s ]
ERR: 无法加载模块:Js

[ 2016-03-24T19:49:21+08:00 ] ::1 /yuankong/js/jquery-2.2.2.min.js
INFO: [ app_init ] --START--
INFO: Run Behavior\BuildLiteBehavior [ RunTime:0.000037s ]
INFO: [ app_init ] --END-- [ RunTime:0.001090s ]
ERR: 无法加载模块:Js

[ 2016-03-24T19:49:47+08:00 ] ::1 /yuankong/js/jquery-2.2.0.js
INFO: [ app_init ] --START--
INFO: Run Behavior\BuildLiteBehavior [ RunTime:0.000036s ]
INFO: [ app_init ] --END-- [ RunTime:0.000855s ]
ERR: 无法加载模块:Js

[ 2016-03-24T19:49:47+08:00 ] ::1 /yuankong/js/jquery-2.2.2.min.js
INFO: [ app_init ] --START--
INFO: Run Behavior\BuildLiteBehavior [ RunTime:0.000147s ]
INFO: [ app_init ] --END-- [ RunTime:0.001231s ]
ERR: 无法加载模块:Js

[ 2016-03-24T19:50:02+08:00 ] ::1 /yuankong/js/jquery-2.2.0.js
INFO: [ app_init ] --START--
INFO: Run Behavior\BuildLiteBehavior [ RunTime:0.000054s ]
INFO: [ app_init ] --END-- [ RunTime:0.001249s ]
ERR: 无法加载模块:Js

[ 2016-03-24T19:50:02+08:00 ] ::1 /yuankong/js/jquery-2.2.2.min.js
INFO: [ app_init ] --START--
INFO: Run Behavior\BuildLiteBehavior [ RunTime:0.000040s ]
INFO: [ app_init ] --END-- [ RunTime:0.001178s ]
ERR: 无法加载模块:Js

[ 2016-03-24T19:50:18+08:00 ] ::1 /yuankong/js/jquery-2.2.0.js
INFO: [ app_init ] --START--
INFO: Run Behavior\BuildLiteBehavior [ RunTime:0.000043s ]
INFO: [ app_init ] --END-- [ RunTime:0.003696s ]
ERR: 无法加载模块:Js

[ 2016-03-24T19:50:18+08:00 ] ::1 /yuankong/js/jquery-2.2.2.min.js
INFO: [ app_init ] --START--
INFO: Run Behavior\BuildLiteBehavior [ RunTime:0.000037s ]
INFO: [ app_init ] --END-- [ RunTime:0.000923s ]
ERR: 无法加载模块:Js

[ 2016-03-24T19:50:47+08:00 ] ::1 /yuankong/js/jquery-2.2.0.js
INFO: [ app_init ] --START--
INFO: Run Behavior\BuildLiteBehavior [ RunTime:0.000042s ]
INFO: [ app_init ] --END-- [ RunTime:0.001122s ]
ERR: 无法加载模块:Js



[ 2016-03-24T19:51:21+08:00 ] ::1 /yuankong/js/jquery-2.2.0.js
INFO: [ app_init ] --START--
INFO: Run Behavior\BuildLiteBehavior [ RunTime:0.000041s ]
INFO: [ app_init ] --END-- [ RunTime:0.001323s ]
ERR: 无法加载模块:Js

[ 2016-03-24T19:51:21+08:00 ] ::1 /yuankong/js/jquery-2.2.2.min.js
INFO: [ app_init ] --START--
INFO: Run Behavior\BuildLiteBehavior [ RunTime:0.000043s ]
INFO: [ app_init ] --END-- [ RunTime:0.000975s ]
ERR: 无法加载模块:Js

[ 2016-03-24T19:56:02+08:00 ] ::1 /yuankong/js/jquery-2.2.0.js
INFO: [ app_init ] --START--
INFO: Run Behavior\BuildLiteBehavior [ RunTime:0.000035s ]
INFO: [ app_init ] --END-- [ RunTime:0.000788s ]
ERR: 无法加载模块:Js

[ 2016-03-24T19:56:02+08:00 ] ::1 /yuankong/js/jquery-2.2.2.min.js
INFO: [ app_init ] --START--
INFO: Run Behavior\BuildLiteBehavior [ RunTime:0.000036s ]
INFO: [ app_init ] --END-- [ RunTime:0.001048s ]
ERR: 无法加载模块:Js

[ 2016-03-24T19:56:20+08:00 ] ::1 /yuankong/js/jquery-2.2.0.js
INFO: [ app_init ] --START--
INFO: Run Behavior\BuildLiteBehavior [ RunTime:0.000038s ]
INFO: [ app_init ] --END-- [ RunTime:0.000875s ]
ERR: 无法加载模块:Js

[ 2016-03-24T19:56:20+08:00 ] ::1 /yuankong/js/jquery-2.2.2.min.js
INFO: [ app_init ] --START--
INFO: Run Behavior\BuildLiteBehavior [ RunTime:0.000042s ]
INFO: [ app_init ] --END-- [ RunTime:0.001191s ]
ERR: 无法加载模块:Js

[ 2016-03-24T19:56:28+08:00 ] ::1 /yuankong/js/jquery-2.2.0.js
INFO: [ app_init ] --START--
INFO: Run Behavior\BuildLiteBehavior [ RunTime:0.000040s ]
INFO: [ app_init ] --END-- [ RunTime:0.000995s ]
ERR: 无法加载模块:Js

[ 2016-03-24T19:56:28+08:00 ] ::1 /yuankong/js/jquery-2.2.2.min.js
INFO: [ app_init ] --START--
INFO: Run Behavior\BuildLiteBehavior [ RunTime:0.000050s ]
INFO: [ app_init ] --END-- [ RunTime:0.001636s ]
ERR: 无法加载模块:Js

[ 2016-03-24T19:56:58+08:00 ] ::1 /yuankong/js/jquery-2.2.0.js
INFO: [ app_init ] --START--
INFO: Run Behavior\BuildLiteBehavior [ RunTime:0.000041s ]
INFO: [ app_init ] --END-- [ RunTime:0.000958s ]
ERR: 无法加载模块:Js

[ 2016-03-24T19:56:58+08:00 ] ::1 /yuankong/js/jquery-2.2.2.min.js
INFO: [ app_init ] --START--
INFO: Run Behavior\BuildLiteBehavior [ RunTime:0.000061s ]
INFO: [ app_init ] --END-- [ RunTime:0.003108s ]
ERR: 无法加载模块:Js

[ 2016-03-24T20:00:20+08:00 ] ::1 /yuankong/js/jquery-2.2.0.js
INFO: [ app_init ] --START--
INFO: Run Behavior\BuildLiteBehavior [ RunTime:0.000041s ]
INFO: [ app_init ] --END-- [ RunTime:0.000847s ]
ERR: 无法加载模块:Js

[ 2016-03-24T20:00:20+08:00 ] ::1 /yuankong/js/jquery-2.2.2.min.js
INFO: [ app_init ] --START--
INFO: Run Behavior\BuildLiteBehavior [ RunTime:0.000044s ]
INFO: [ app_init ] --END-- [ RunTime:0.001380s ]
ERR: 无法加载模块:Js

[ 2016-03-24T20:01:34+08:00 ] ::1 /yuankong/js/jquery-2.2.2.min.js
INFO: [ app_init ] --START--
INFO: Run Behavior\BuildLiteBehavior [ RunTime:0.000039s ]
INFO: [ app_init ] --END-- [ RunTime:0.001068s ]
ERR: 无法加载模块:Js

[ 2016-03-24T20:01:34+08:00 ] ::1 /yuankong/js/jquery-2.2.0.js
INFO: [ app_init ] --START--
INFO: Run Behavior\BuildLiteBehavior [ RunTime:0.000036s ]
INFO: [ app_init ] --END-- [ RunTime:0.001077s ]
ERR: 无法加载模块:Js

[ 2016-03-24T20:02:18+08:00 ] ::1 /yuankong/js/jquery-2.2.0.js
INFO: [ app_init ] --START--
INFO: Run Behavior\BuildLiteBehavior [ RunTime:0.000043s ]
INFO: [ app_init ] --END-- [ RunTime:0.001189s ]
ERR: 无法加载模块:Js

[ 2016-03-24T20:02:18+08:00 ] ::1 /yuankong/js/jquery-2.2.2.min.js
INFO: [ app_init ] --START--
INFO: Run Behavior\BuildLiteBehavior [ RunTime:0.000036s ]
INFO: [ app_init ] --END-- [ RunTime:0.000959s ]
ERR: 无法加载模块:Js

[ 2016-03-24T20:02:28+08:00 ] ::1 /yuankong/js/jquery-2.2.0.js
INFO: [ app_init ] --START--
INFO: Run Behavior\BuildLiteBehavior [ RunTime:0.000098s ]
INFO: [ app_init ] --END-- [ RunTime:0.002694s ]
ERR: 无法加载模块:Js

[ 2016-03-24T20:02:28+08:00 ] ::1 /yuankong/js/jquery-2.2.2.min.js
INFO: [ app_init ] --START--
INFO: Run Behavior\BuildLiteBehavior [ RunTime:0.000045s ]
INFO: [ app_init ] --END-- [ RunTime:0.001288s ]
ERR: 无法加载模块:Js

[ 2016-03-24T20:03:22+08:00 ] ::1 /yuankong/js/jquery-2.2.0.js
INFO: [ app_init ] --START--
INFO: Run Behavior\BuildLiteBehavior [ RunTime:0.000039s ]
INFO: [ app_init ] --END-- [ RunTime:0.000861s ]
ERR: 无法加载模块:Js

[ 2016-03-24T20:03:22+08:00 ] ::1 /yuankong/js/jquery-2.2.2.min.js
INFO: [ app_init ] --START--
INFO: Run Behavior\BuildLiteBehavior [ RunTime:0.000045s ]
INFO: [ app_init ] --END-- [ RunTime:0.000997s ]
ERR: 无法加载模块:Js

[ 2016-03-24T20:03:46+08:00 ] ::1 /yuankong/js/jquery-2.2.0.js
INFO: [ app_init ] --START--
INFO: Run Behavior\BuildLiteBehavior [ RunTime:0.000040s ]
INFO: [ app_init ] --END-- [ RunTime:0.001012s ]
ERR: 无法加载模块:Js

[ 2016-03-24T20:03:46+08:00 ] ::1 /yuankong/js/jquery-2.2.2.min.js
INFO: [ app_init ] --START--
INFO: Run Behavior\BuildLiteBehavior [ RunTime:0.000039s ]
INFO: [ app_init ] --END-- [ RunTime:0.000969s ]
ERR: 无法加载模块:Js

[ 2016-03-24T20:06:31+08:00 ] ::1 /yuankong/js/jquery-2.2.0.js
INFO: [ app_init ] --START--
INFO: Run Behavior\BuildLiteBehavior [ RunTime:0.000042s ]
INFO: [ app_init ] --END-- [ RunTime:0.001001s ]
ERR: 无法加载模块:Js

[ 2016-03-24T20:06:31+08:00 ] ::1 /yuankong/js/jquery-2.2.2.min.js
INFO: [ app_init ] --START--
INFO: Run Behavior\BuildLiteBehavior [ RunTime:0.000044s ]
INFO: [ app_init ] --END-- [ RunTime:0.001756s ]
ERR: 无法加载模块:Js

[ 2016-03-24T20:07:02+08:00 ] ::1 /yuankong/js/jquery-2.2.2.min.js
INFO: [ app_init ] --START--
INFO: Run Behavior\BuildLiteBehavior [ RunTime:0.000039s ]
INFO: [ app_init ] --END-- [ RunTime:0.001073s ]
ERR: 无法加载模块:Js

[ 2016-03-24T20:07:02+08:00 ] ::1 /yuankong/js/jquery-2.2.0.js
INFO: [ app_init ] --START--
INFO: Run Behavior\BuildLiteBehavior [ RunTime:0.000043s ]
INFO: [ app_init ] --END-- [ RunTime:0.001001s ]
ERR: 无法加载模块:Js

[ 2016-03-24T20:09:44+08:00 ] ::1 /yuankong/js/jquery-2.2.0.js
INFO: [ app_init ] --START--
INFO: Run Behavior\BuildLiteBehavior [ RunTime:0.000039s ]
INFO: [ app_init ] --END-- [ RunTime:0.000960s ]
ERR: 无法加载模块:Js

[ 2016-03-24T20:09:44+08:00 ] ::1 /yuankong/js/jquery-2.2.2.min.js
INFO: [ app_init ] --START--
INFO: Run Behavior\BuildLiteBehavior [ RunTime:0.000037s ]
INFO: [ app_init ] --END-- [ RunTime:0.001100s ]
ERR: 无法加载模块:Js

[ 2016-03-24T20:11:27+08:00 ] ::1 /yuankong/js/jquery-2.2.0.js
ERR: 无法加载模块:Js

[ 2016-03-24T20:11:27+08:00 ] ::1 /yuankong/js/jquery-2.2.2.min.js
ERR: 无法加载模块:Js

[ 2016-03-24T20:11:57+08:00 ] ::1 /yuankong/js/jquery-2.2.0.js
ERR: 无法加载模块:Js

[ 2016-03-24T20:11:57+08:00 ] ::1 /yuankong/js/jquery-2.2.2.min.js
ERR: 无法加载模块:Js

[ 2016-03-24T20:23:11+08:00 ] ::1 /yuankong/js/jquery-2.2.0.js
ERR: 无法加载模块:Js

[ 2016-03-24T20:23:11+08:00 ] ::1 /yuankong/js/jquery-2.2.2.min.js
ERR: 无法加载模块:Js

[ 2016-03-24T20:23:56+08:00 ] ::1 /yuankong/js/jquery-2.2.2.min.js
ERR: 无法加载模块:Js

[ 2016-03-24T20:23:56+08:00 ] ::1 /yuankong/js/jquery-2.2.0.js
ERR: 无法加载模块:Js

[ 2016-03-24T20:26:34+08:00 ] ::1 /yuankong/js/jquery-2.2.0.js
ERR: 无法加载模块:Js

[ 2016-03-24T20:26:34+08:00 ] ::1 /yuankong/js/jquery-2.2.2.min.js
ERR: 无法加载模块:Js

[ 2016-03-24T20:27:01+08:00 ] ::1 /yuankong/js/jquery-2.2.0.js
ERR: 无法加载模块:Js

[ 2016-03-24T20:27:01+08:00 ] ::1 /yuankong/js/jquery-2.2.2.min.js
ERR: 无法加载模块:Js

[ 2016-03-24T20:27:11+08:00 ] ::1 /yuankong/js/jquery-2.2.0.js
ERR: 无法加载模块:Js

[ 2016-03-24T20:27:11+08:00 ] ::1 /yuankong/js/jquery-2.2.2.min.js
ERR: 无法加载模块:Js

[ 2016-03-24T20:27:20+08:00 ] ::1 /yuankong/js/jquery-2.2.0.js
ERR: 无法加载模块:Js

[ 2016-03-24T20:27:20+08:00 ] ::1 /yuankong/js/jquery-2.2.2.min.js
ERR: 无法加载模块:Js

[ 2016-03-24T20:27:27+08:00 ] ::1 /yuankong/js/jquery-2.2.0.js
ERR: 无法加载模块:Js

[ 2016-03-24T20:27:27+08:00 ] ::1 /yuankong/js/jquery-2.2.2.min.js
ERR: 无法加载模块:Js

[ 2016-03-24T20:27:34+08:00 ] ::1 /yuankong/js/jquery-2.2.0.js
ERR: 无法加载模块:Js

[ 2016-03-24T20:27:34+08:00 ] ::1 /yuankong/js/jquery-2.2.2.min.js
ERR: 无法加载模块:Js

[ 2016-03-24T20:28:01+08:00 ] ::1 /yuankong/js/jquery-2.2.0.js
ERR: 无法加载模块:Js

[ 2016-03-24T20:28:01+08:00 ] ::1 /yuankong/js/jquery-2.2.2.min.js
ERR: 无法加载模块:Js

[ 2016-03-24T20:28:13+08:00 ] ::1 /yuankong/js/jquery-2.2.0.js
ERR: 无法加载模块:Js

[ 2016-03-24T20:28:13+08:00 ] ::1 /yuankong/js/jquery-2.2.2.min.js
ERR: 无法加载模块:Js

[ 2016-03-24T20:28:25+08:00 ] ::1 /yuankong/js/jquery-2.2.0.js
ERR: 无法加载模块:Js

[ 2016-03-24T20:28:25+08:00 ] ::1 /yuankong/js/jquery-2.2.2.min.js
ERR: 无法加载模块:Js

[ 2016-03-24T20:28:34+08:00 ] ::1 /yuankong/js/jquery-2.2.0.js
ERR: 无法加载模块:Js

[ 2016-03-24T20:28:34+08:00 ] ::1 /yuankong/js/jquery-2.2.2.min.js
ERR: 无法加载模块:Js

[ 2016-03-24T20:28:48+08:00 ] ::1 /yuankong/js/jquery-2.2.0.js
ERR: 无法加载模块:Js

[ 2016-03-24T20:28:48+08:00 ] ::1 /yuankong/js/jquery-2.2.2.min.js
ERR: 无法加载模块:Js

[ 2016-03-24T20:29:41+08:00 ] ::1 /yuankong/js/jquery-2.2.0.js
ERR: 无法加载模块:Js

[ 2016-03-24T20:29:41+08:00 ] ::1 /yuankong/js/jquery-2.2.2.min.js
ERR: 无法加载模块:Js

[ 2016-03-24T20:29:58+08:00 ] ::1 /yuankong/js/jquery-2.2.2.min.js
ERR: 无法加载模块:Js

[ 2016-03-24T20:29:58+08:00 ] ::1 /yuankong/js/jquery-2.2.0.js
ERR: 无法加载模块:Js

[ 2016-03-24T20:30:14+08:00 ] ::1 /yuankong/js/jquery-2.2.0.js
ERR: 无法加载模块:Js

[ 2016-03-24T20:30:14+08:00 ] ::1 /yuankong/js/jquery-2.2.2.min.js
ERR: 无法加载模块:Js

[ 2016-03-24T20:31:31+08:00 ] ::1 /yuankong/js/jquery-2.2.0.js
ERR: 无法加载模块:Js

[ 2016-03-24T20:31:31+08:00 ] ::1 /yuankong/js/jquery-2.2.2.min.js
ERR: 无法加载模块:Js

[ 2016-03-24T20:32:24+08:00 ] ::1 /yuankong/js/jquery-2.2.0.js
ERR: 无法加载模块:Js

[ 2016-03-24T20:32:24+08:00 ] ::1 /yuankong/js/jquery-2.2.2.min.js
ERR: 无法加载模块:Js

[ 2016-03-24T20:32:27+08:00 ] ::1 /yuankong/js/jquery-2.2.0.js
ERR: 无法加载模块:Js

[ 2016-03-24T20:32:27+08:00 ] ::1 /yuankong/js/jquery-2.2.2.min.js
ERR: 无法加载模块:Js

[ 2016-03-24T20:32:28+08:00 ] ::1 /yuankong/js/jquery-2.2.0.js
ERR: 无法加载模块:Js

[ 2016-03-24T20:32:28+08:00 ] ::1 /yuankong/js/jquery-2.2.2.min.js
ERR: 无法加载模块:Js

[ 2016-03-24T20:32:28+08:00 ] ::1 /yuankong/js/jquery-2.2.0.js
ERR: 无法加载模块:Js

[ 2016-03-24T20:32:28+08:00 ] ::1 /yuankong/js/jquery-2.2.2.min.js
ERR: 无法加载模块:Js

[ 2016-03-24T20:32:29+08:00 ] ::1 /yuankong/js/jquery-2.2.0.js
ERR: 无法加载模块:Js

[ 2016-03-24T20:32:29+08:00 ] ::1 /yuankong/js/jquery-2.2.2.min.js
ERR: 无法加载模块:Js

[ 2016-03-24T20:33:37+08:00 ] ::1 /yuankong/js/jquery-2.2.0.js
ERR: 无法加载模块:Js

[ 2016-03-24T20:33:37+08:00 ] ::1 /yuankong/js/jquery-2.2.2.min.js
ERR: 无法加载模块:Js

[ 2016-03-24T20:33:48+08:00 ] ::1 /yuankong/js/jquery-2.2.2.min.js
ERR: 无法加载模块:Js

[ 2016-03-24T20:33:48+08:00 ] ::1 /yuankong/js/jquery-2.2.0.js
ERR: 无法加载模块:Js

[ 2016-03-24T20:33:51+08:00 ] ::1 /yuankong/js/jquery-2.2.2.min.js
ERR: 无法加载模块:Js

[ 2016-03-24T20:33:51+08:00 ] ::1 /yuankong/js/jquery-2.2.0.js
ERR: 无法加载模块:Js

[ 2016-03-24T20:33:53+08:00 ] ::1 /yuankong/js/jquery-2.2.2.min.js
ERR: 无法加载模块:Js

[ 2016-03-24T20:33:53+08:00 ] ::1 /yuankong/js/jquery-2.2.0.js
ERR: 无法加载模块:Js

[ 2016-03-24T20:33:55+08:00 ] ::1 /yuankong/js/jquery-2.2.2.min.js
ERR: 无法加载模块:Js

[ 2016-03-24T20:33:55+08:00 ] ::1 /yuankong/js/jquery-2.2.0.js
ERR: 无法加载模块:Js

[ 2016-03-24T20:33:57+08:00 ] ::1 /yuankong/js/jquery-2.2.0.js
ERR: 无法加载模块:Js

[ 2016-03-24T20:33:57+08:00 ] ::1 /yuankong/js/jquery-2.2.2.min.js
ERR: 无法加载模块:Js

[ 2016-03-24T20:34:26+08:00 ] ::1 /yuankong/js/jquery-2.2.0.js
ERR: 无法加载模块:Js

[ 2016-03-24T20:34:26+08:00 ] ::1 /yuankong/js/jquery-2.2.2.min.js
ERR: 无法加载模块:Js

[ 2016-03-24T20:34:29+08:00 ] ::1 /yuankong/js/jquery-2.2.0.js
ERR: 无法加载模块:Js

[ 2016-03-24T20:34:29+08:00 ] ::1 /yuankong/js/jquery-2.2.2.min.js
ERR: 无法加载模块:Js

[ 2016-03-24T20:34:30+08:00 ] ::1 /yuankong/js/jquery-2.2.0.js
ERR: 无法加载模块:Js

[ 2016-03-24T20:34:30+08:00 ] ::1 /yuankong/js/jquery-2.2.2.min.js
ERR: 无法加载模块:Js

[ 2016-03-24T21:33:16+08:00 ] ::1 /yuankong/js/jquery-2.2.0.js
INFO: [ app_init ] --START--
INFO: Run Behavior\BuildLiteBehavior [ RunTime:0.000035s ]
INFO: [ app_init ] --END-- [ RunTime:0.000809s ]
ERR: 无法加载模块:Js

[ 2016-03-24T21:33:16+08:00 ] ::1 /yuankong/js/jquery-2.2.2.min.js
INFO: [ app_init ] --START--
INFO: Run Behavior\BuildLiteBehavior [ RunTime:0.000040s ]
INFO: [ app_init ] --END-- [ RunTime:0.000986s ]
ERR: 无法加载模块:Js

[ 2016-03-24T21:45:26+08:00 ] ::1 /yuankong/js/jquery-2.2.0.js
ERR: 无法加载模块:Js

[ 2016-03-24T21:45:26+08:00 ] ::1 /yuankong/js/jquery-2.2.2.min.js
ERR: 无法加载模块:Js

[ 2016-03-24T21:45:30+08:00 ] ::1 /yuankong/js/jquery-2.2.0.js
ERR: 无法加载模块:Js

[ 2016-03-24T21:45:30+08:00 ] ::1 /yuankong/js/jquery-2.2.2.min.js
ERR: 无法加载模块:Js

[ 2016-03-24T21:47:30+08:00 ] ::1 /yuankong/js/jquery-2.2.0.js
ERR: 无法加载模块:Js

[ 2016-03-24T21:47:30+08:00 ] ::1 /yuankong/js/jquery-2.2.2.min.js
ERR: 无法加载模块:Js

[ 2016-03-24T21:47:33+08:00 ] ::1 /yuankong/js/jquery-2.2.0.js
ERR: 无法加载模块:Js

[ 2016-03-24T21:47:33+08:00 ] ::1 /yuankong/js/jquery-2.2.2.min.js
ERR: 无法加载模块:Js

